nohup: 忽略输入
[0;30;43mCpp extension not loaded[0m
>>SEED: 2020
[0;30;43mloading [../data/gowalla][0m
810128 interactions for training
217242 interactions for testing
gowalla Sparsity : 0.0008396216228570436
gowalla is ready to go
===========config================
{'A_n_fold': 100,
 'A_split': False,
 'bigdata': False,
 'bpr_batch_size': 2048,
 'decay': 0.0001,
 'dropout': 0,
 'keep_prob': 0.6,
 'latent_dim_rec': 64,
 'lightGCN_n_layers': 3,
 'lr': 0.001,
 'multicore': 0,
 'pretrain': 0,
 'test_u_batch_size': 100}
cores for test: 24
comment: lgn
tensorboard: 1
LOAD: 0
Weight path: ./checkpoints
Test Topks: [20]
using bpr loss
===========end===================
[0;30;43muse NORMAL distribution initilizer[0m
loading adjacency matrix
successfully loaded...
don't split the matrix
lgn is already to go(dropout:0)
load and save to /mnt/WangchengTao/code/hkuds/LightGCN-PyTorch/code/checkpoints/lgn-gowalla-3-64.pth.tar
[0;30;43m[TEST][0m
{'precision': array([0.00018755]), 'recall': array([0.00053749]), 'ndcg': array([0.00040829])}
EPOCH[1/1000] loss0.545-|Sample:9.24|
EPOCH[2/1000] loss0.240-|Sample:8.95|
EPOCH[3/1000] loss0.163-|Sample:9.13|
EPOCH[4/1000] loss0.131-|Sample:8.91|
EPOCH[5/1000] loss0.112-|Sample:9.09|
EPOCH[6/1000] loss0.099-|Sample:9.11|
EPOCH[7/1000] loss0.090-|Sample:9.06|
EPOCH[8/1000] loss0.084-|Sample:9.05|
EPOCH[9/1000] loss0.078-|Sample:8.89|
EPOCH[10/1000] loss0.074-|Sample:10.19|
[0;30;43m[TEST][0m
{'precision': array([0.03667024]), 'recall': array([0.12013993]), 'ndcg': array([0.10055132])}
EPOCH[11/1000] loss0.071-|Sample:9.09|
EPOCH[12/1000] loss0.068-|Sample:8.80|
EPOCH[13/1000] loss0.065-|Sample:8.97|
EPOCH[14/1000] loss0.064-|Sample:9.01|
EPOCH[15/1000] loss0.061-|Sample:8.94|
EPOCH[16/1000] loss0.059-|Sample:9.31|
EPOCH[17/1000] loss0.057-|Sample:9.73|
EPOCH[18/1000] loss0.055-|Sample:9.02|
EPOCH[19/1000] loss0.054-|Sample:9.00|
EPOCH[20/1000] loss0.052-|Sample:9.04|
[0;30;43m[TEST][0m
{'precision': array([0.03967446]), 'recall': array([0.13133384]), 'ndcg': array([0.10883036])}
EPOCH[21/1000] loss0.052-|Sample:8.95|
EPOCH[22/1000] loss0.050-|Sample:8.98|
EPOCH[23/1000] loss0.049-|Sample:8.97|
EPOCH[24/1000] loss0.048-|Sample:9.03|
EPOCH[25/1000] loss0.047-|Sample:8.92|
EPOCH[26/1000] loss0.046-|Sample:8.95|
EPOCH[27/1000] loss0.045-|Sample:9.21|
EPOCH[28/1000] loss0.044-|Sample:9.18|
EPOCH[29/1000] loss0.043-|Sample:8.96|
EPOCH[30/1000] loss0.042-|Sample:8.99|
[0;30;43m[TEST][0m
{'precision': array([0.0419787]), 'recall': array([0.13920676]), 'ndcg': array([0.11537508])}
EPOCH[31/1000] loss0.042-|Sample:8.82|
EPOCH[32/1000] loss0.041-|Sample:8.81|
EPOCH[33/1000] loss0.040-|Sample:8.97|
EPOCH[34/1000] loss0.039-|Sample:10.26|
EPOCH[35/1000] loss0.039-|Sample:9.21|
EPOCH[36/1000] loss0.038-|Sample:9.06|
EPOCH[37/1000] loss0.037-|Sample:8.96|
EPOCH[38/1000] loss0.037-|Sample:8.98|
EPOCH[39/1000] loss0.036-|Sample:8.98|
EPOCH[40/1000] loss0.036-|Sample:8.96|
[0;30;43m[TEST][0m
{'precision': array([0.04348751]), 'recall': array([0.14436693]), 'ndcg': array([0.12010255])}
EPOCH[41/1000] loss0.035-|Sample:8.92|
EPOCH[42/1000] loss0.035-|Sample:8.95|
EPOCH[43/1000] loss0.034-|Sample:8.96|
EPOCH[44/1000] loss0.034-|Sample:8.95|
EPOCH[45/1000] loss0.033-|Sample:8.99|
EPOCH[46/1000] loss0.033-|Sample:8.89|
EPOCH[47/1000] loss0.032-|Sample:8.89|
EPOCH[48/1000] loss0.032-|Sample:8.91|
EPOCH[49/1000] loss0.032-|Sample:8.95|
EPOCH[50/1000] loss0.031-|Sample:8.86|
[0;30;43m[TEST][0m
{'precision': array([0.0447535]), 'recall': array([0.14868784]), 'ndcg': array([0.12388069])}
EPOCH[51/1000] loss0.031-|Sample:8.85|
EPOCH[52/1000] loss0.030-|Sample:8.83|
EPOCH[53/1000] loss0.030-|Sample:9.02|
EPOCH[54/1000] loss0.030-|Sample:8.97|
EPOCH[55/1000] loss0.030-|Sample:8.94|
EPOCH[56/1000] loss0.029-|Sample:8.84|
EPOCH[57/1000] loss0.030-|Sample:9.06|
EPOCH[58/1000] loss0.028-|Sample:8.91|
EPOCH[59/1000] loss0.029-|Sample:9.07|
EPOCH[60/1000] loss0.028-|Sample:10.07|
[0;30;43m[TEST][0m
{'precision': array([0.04583696]), 'recall': array([0.15272791]), 'ndcg': array([0.12775767])}
EPOCH[61/1000] loss0.028-|Sample:8.97|
EPOCH[62/1000] loss0.028-|Sample:9.00|
EPOCH[63/1000] loss0.027-|Sample:8.91|
EPOCH[64/1000] loss0.027-|Sample:8.81|
EPOCH[65/1000] loss0.027-|Sample:8.92|
EPOCH[66/1000] loss0.027-|Sample:8.97|
EPOCH[67/1000] loss0.026-|Sample:8.98|
EPOCH[68/1000] loss0.026-|Sample:9.03|
EPOCH[69/1000] loss0.026-|Sample:8.92|
EPOCH[70/1000] loss0.026-|Sample:9.06|
[0;30;43m[TEST][0m
{'precision': array([0.04666421]), 'recall': array([0.15538629]), 'ndcg': array([0.13008753])}
EPOCH[71/1000] loss0.026-|Sample:8.87|
EPOCH[72/1000] loss0.025-|Sample:9.03|
EPOCH[73/1000] loss0.025-|Sample:9.05|
EPOCH[74/1000] loss0.025-|Sample:9.05|
EPOCH[75/1000] loss0.024-|Sample:8.91|
EPOCH[76/1000] loss0.024-|Sample:9.04|
EPOCH[77/1000] loss0.024-|Sample:8.95|
EPOCH[78/1000] loss0.023-|Sample:9.04|
EPOCH[79/1000] loss0.023-|Sample:9.16|
EPOCH[80/1000] loss0.023-|Sample:10.81|
[0;30;43m[TEST][0m
{'precision': array([0.04764385]), 'recall': array([0.1588197]), 'ndcg': array([0.13290288])}
EPOCH[81/1000] loss0.023-|Sample:9.06|
EPOCH[82/1000] loss0.023-|Sample:8.89|
EPOCH[83/1000] loss0.023-|Sample:8.97|
EPOCH[84/1000] loss0.023-|Sample:9.01|
EPOCH[85/1000] loss0.023-|Sample:9.00|
EPOCH[86/1000] loss0.022-|Sample:8.91|
EPOCH[87/1000] loss0.022-|Sample:9.00|
EPOCH[88/1000] loss0.022-|Sample:8.84|
EPOCH[89/1000] loss0.022-|Sample:8.96|
EPOCH[90/1000] loss0.022-|Sample:8.80|
[0;30;43m[TEST][0m
{'precision': array([0.04831368]), 'recall': array([0.16129019]), 'ndcg': array([0.13482878])}
EPOCH[91/1000] loss0.022-|Sample:9.04|
EPOCH[92/1000] loss0.021-|Sample:8.92|
EPOCH[93/1000] loss0.021-|Sample:9.01|
EPOCH[94/1000] loss0.021-|Sample:8.96|
EPOCH[95/1000] loss0.021-|Sample:8.92|
EPOCH[96/1000] loss0.021-|Sample:8.94|
EPOCH[97/1000] loss0.021-|Sample:8.91|
EPOCH[98/1000] loss0.021-|Sample:8.94|
EPOCH[99/1000] loss0.021-|Sample:8.96|
EPOCH[100/1000] loss0.021-|Sample:8.98|
[0;30;43m[TEST][0m
{'precision': array([0.04905218]), 'recall': array([0.16340899]), 'ndcg': array([0.13692552])}
EPOCH[101/1000] loss0.020-|Sample:12.36|
EPOCH[102/1000] loss0.020-|Sample:12.93|
EPOCH[103/1000] loss0.020-|Sample:12.51|
EPOCH[104/1000] loss0.020-|Sample:12.67|
EPOCH[105/1000] loss0.020-|Sample:9.06|
EPOCH[106/1000] loss0.020-|Sample:8.86|
EPOCH[107/1000] loss0.020-|Sample:8.95|
EPOCH[108/1000] loss0.019-|Sample:8.95|
EPOCH[109/1000] loss0.019-|Sample:9.01|
EPOCH[110/1000] loss0.019-|Sample:8.77|
[0;30;43m[TEST][0m
{'precision': array([0.04962657]), 'recall': array([0.16554733]), 'ndcg': array([0.13869389])}
EPOCH[111/1000] loss0.019-|Sample:8.93|
EPOCH[112/1000] loss0.019-|Sample:9.03|
EPOCH[113/1000] loss0.019-|Sample:8.82|
EPOCH[114/1000] loss0.019-|Sample:8.96|
EPOCH[115/1000] loss0.019-|Sample:8.98|
EPOCH[116/1000] loss0.019-|Sample:8.94|
EPOCH[117/1000] loss0.019-|Sample:8.91|
EPOCH[118/1000] loss0.018-|Sample:8.90|
EPOCH[119/1000] loss0.018-|Sample:8.78|
EPOCH[120/1000] loss0.018-|Sample:8.96|
[0;30;43m[TEST][0m
{'precision': array([0.05002177]), 'recall': array([0.16646391]), 'ndcg': array([0.13997695])}
EPOCH[121/1000] loss0.018-|Sample:8.93|
EPOCH[122/1000] loss0.018-|Sample:8.86|
EPOCH[123/1000] loss0.018-|Sample:9.11|
EPOCH[124/1000] loss0.018-|Sample:9.16|
EPOCH[125/1000] loss0.018-|Sample:9.29|
EPOCH[126/1000] loss0.018-|Sample:9.03|
EPOCH[127/1000] loss0.018-|Sample:8.99|
EPOCH[128/1000] loss0.018-|Sample:8.88|
EPOCH[129/1000] loss0.018-|Sample:8.93|
EPOCH[130/1000] loss0.018-|Sample:9.01|
[0;30;43m[TEST][0m
{'precision': array([0.05054089]), 'recall': array([0.16797176]), 'ndcg': array([0.14133857])}
EPOCH[131/1000] loss0.017-|Sample:8.96|
EPOCH[132/1000] loss0.017-|Sample:8.84|
EPOCH[133/1000] loss0.017-|Sample:9.02|
EPOCH[134/1000] loss0.017-|Sample:8.87|
EPOCH[135/1000] loss0.017-|Sample:8.96|
EPOCH[136/1000] loss0.017-|Sample:8.94|
EPOCH[137/1000] loss0.017-|Sample:8.97|
EPOCH[138/1000] loss0.017-|Sample:8.94|
EPOCH[139/1000] loss0.017-|Sample:8.92|
EPOCH[140/1000] loss0.017-|Sample:8.84|
[0;30;43m[TEST][0m
{'precision': array([0.05099806]), 'recall': array([0.16942754]), 'ndcg': array([0.14256584])}
EPOCH[141/1000] loss0.017-|Sample:8.90|
EPOCH[142/1000] loss0.017-|Sample:8.83|
EPOCH[143/1000] loss0.017-|Sample:9.05|
EPOCH[144/1000] loss0.017-|Sample:8.80|
EPOCH[145/1000] loss0.017-|Sample:9.02|
EPOCH[146/1000] loss0.016-|Sample:9.02|
EPOCH[147/1000] loss0.016-|Sample:9.00|
EPOCH[148/1000] loss0.016-|Sample:8.88|
EPOCH[149/1000] loss0.016-|Sample:8.82|
EPOCH[150/1000] loss0.016-|Sample:9.11|
[0;30;43m[TEST][0m
{'precision': array([0.05127437]), 'recall': array([0.17041577]), 'ndcg': array([0.14360195])}
EPOCH[151/1000] loss0.016-|Sample:8.83|
EPOCH[152/1000] loss0.016-|Sample:8.81|
EPOCH[153/1000] loss0.016-|Sample:9.03|
EPOCH[154/1000] loss0.016-|Sample:8.98|
EPOCH[155/1000] loss0.016-|Sample:8.98|
EPOCH[156/1000] loss0.016-|Sample:8.98|
EPOCH[157/1000] loss0.016-|Sample:9.01|
EPOCH[158/1000] loss0.016-|Sample:8.93|
EPOCH[159/1000] loss0.016-|Sample:8.92|
EPOCH[160/1000] loss0.016-|Sample:8.92|
[0;30;43m[TEST][0m
{'precision': array([0.05158751]), 'recall': array([0.171479]), 'ndcg': array([0.14461157])}
EPOCH[161/1000] loss0.016-|Sample:8.95|
EPOCH[162/1000] loss0.015-|Sample:8.95|
EPOCH[163/1000] loss0.016-|Sample:8.87|
EPOCH[164/1000] loss0.015-|Sample:8.95|
EPOCH[165/1000] loss0.015-|Sample:8.95|
EPOCH[166/1000] loss0.015-|Sample:8.98|
EPOCH[167/1000] loss0.015-|Sample:9.05|
EPOCH[168/1000] loss0.015-|Sample:8.95|
EPOCH[169/1000] loss0.015-|Sample:9.00|
EPOCH[170/1000] loss0.015-|Sample:11.70|
[0;30;43m[TEST][0m
{'precision': array([0.05178009]), 'recall': array([0.17198466]), 'ndcg': array([0.14515371])}
EPOCH[171/1000] loss0.015-|Sample:8.89|
EPOCH[172/1000] loss0.015-|Sample:8.93|
EPOCH[173/1000] loss0.015-|Sample:12.80|
EPOCH[174/1000] loss0.015-|Sample:12.36|
EPOCH[175/1000] loss0.015-|Sample:12.53|
EPOCH[176/1000] loss0.015-|Sample:12.37|
EPOCH[177/1000] loss0.015-|Sample:8.99|
EPOCH[178/1000] loss0.015-|Sample:8.91|
EPOCH[179/1000] loss0.015-|Sample:8.95|
EPOCH[180/1000] loss0.015-|Sample:9.03|
[0;30;43m[TEST][0m
{'precision': array([0.05200114]), 'recall': array([0.17246517]), 'ndcg': array([0.14575242])}
EPOCH[181/1000] loss0.015-|Sample:8.94|
EPOCH[182/1000] loss0.015-|Sample:9.00|
EPOCH[183/1000] loss0.015-|Sample:9.02|
EPOCH[184/1000] loss0.015-|Sample:8.92|
EPOCH[185/1000] loss0.015-|Sample:8.95|
EPOCH[186/1000] loss0.015-|Sample:8.86|
EPOCH[187/1000] loss0.014-|Sample:8.94|
EPOCH[188/1000] loss0.015-|Sample:8.92|
EPOCH[189/1000] loss0.015-|Sample:8.97|
EPOCH[190/1000] loss0.015-|Sample:8.88|
[0;30;43m[TEST][0m
{'precision': array([0.05230926]), 'recall': array([0.1731734]), 'ndcg': array([0.146693])}
EPOCH[191/1000] loss0.015-|Sample:8.88|
EPOCH[192/1000] loss0.014-|Sample:8.76|
EPOCH[193/1000] loss0.015-|Sample:8.97|
EPOCH[194/1000] loss0.014-|Sample:8.93|
EPOCH[195/1000] loss0.014-|Sample:8.93|
EPOCH[196/1000] loss0.014-|Sample:9.33|
EPOCH[197/1000] loss0.014-|Sample:8.85|
EPOCH[198/1000] loss0.014-|Sample:8.76|
EPOCH[199/1000] loss0.014-|Sample:8.92|
EPOCH[200/1000] loss0.014-|Sample:8.91|
[0;30;43m[TEST][0m
{'precision': array([0.05259227]), 'recall': array([0.17426658]), 'ndcg': array([0.14731563])}
EPOCH[201/1000] loss0.014-|Sample:8.94|
EPOCH[202/1000] loss0.014-|Sample:9.02|
EPOCH[203/1000] loss0.014-|Sample:8.93|
EPOCH[204/1000] loss0.014-|Sample:8.81|
EPOCH[205/1000] loss0.014-|Sample:8.96|
EPOCH[206/1000] loss0.014-|Sample:8.89|
EPOCH[207/1000] loss0.014-|Sample:8.95|
EPOCH[208/1000] loss0.014-|Sample:8.90|
EPOCH[209/1000] loss0.014-|Sample:8.97|
EPOCH[210/1000] loss0.014-|Sample:8.97|
[0;30;43m[TEST][0m
{'precision': array([0.05275638]), 'recall': array([0.17485041]), 'ndcg': array([0.14763172])}
EPOCH[211/1000] loss0.014-|Sample:8.82|
EPOCH[212/1000] loss0.014-|Sample:8.90|
EPOCH[213/1000] loss0.014-|Sample:8.93|
EPOCH[214/1000] loss0.014-|Sample:8.99|
EPOCH[215/1000] loss0.014-|Sample:8.88|
EPOCH[216/1000] loss0.014-|Sample:8.90|
EPOCH[217/1000] loss0.014-|Sample:8.84|
EPOCH[218/1000] loss0.014-|Sample:8.97|
EPOCH[219/1000] loss0.014-|Sample:8.97|
EPOCH[220/1000] loss0.014-|Sample:8.95|
[0;30;43m[TEST][0m
{'precision': array([0.05284346]), 'recall': array([0.17483377]), 'ndcg': array([0.14816385])}
EPOCH[221/1000] loss0.014-|Sample:8.90|
EPOCH[222/1000] loss0.013-|Sample:8.78|
EPOCH[223/1000] loss0.013-|Sample:8.94|
EPOCH[224/1000] loss0.014-|Sample:8.94|
EPOCH[225/1000] loss0.014-|Sample:8.99|
EPOCH[226/1000] loss0.014-|Sample:8.89|
EPOCH[227/1000] loss0.014-|Sample:8.90|
EPOCH[228/1000] loss0.013-|Sample:8.84|
EPOCH[229/1000] loss0.013-|Sample:8.90|
EPOCH[230/1000] loss0.013-|Sample:8.78|
[0;30;43m[TEST][0m
{'precision': array([0.05312144]), 'recall': array([0.17569137]), 'ndcg': array([0.14864912])}
EPOCH[231/1000] loss0.013-|Sample:8.92|
EPOCH[232/1000] loss0.014-|Sample:8.93|
EPOCH[233/1000] loss0.013-|Sample:8.94|
EPOCH[234/1000] loss0.013-|Sample:8.89|
EPOCH[235/1000] loss0.013-|Sample:8.95|
EPOCH[236/1000] loss0.013-|Sample:8.95|
EPOCH[237/1000] loss0.013-|Sample:8.89|
EPOCH[238/1000] loss0.013-|Sample:8.89|
EPOCH[239/1000] loss0.013-|Sample:9.00|
EPOCH[240/1000] loss0.013-|Sample:8.88|
[0;30;43m[TEST][0m
{'precision': array([0.05304274]), 'recall': array([0.17541505]), 'ndcg': array([0.1484632])}
EPOCH[241/1000] loss0.013-|Sample:8.74|
EPOCH[242/1000] loss0.013-|Sample:8.93|
EPOCH[243/1000] loss0.013-|Sample:8.95|
EPOCH[244/1000] loss0.013-|Sample:8.97|
EPOCH[245/1000] loss0.013-|Sample:8.86|
EPOCH[246/1000] loss0.013-|Sample:8.79|
EPOCH[247/1000] loss0.013-|Sample:8.92|
EPOCH[248/1000] loss0.013-|Sample:8.91|
EPOCH[249/1000] loss0.013-|Sample:8.98|
EPOCH[250/1000] loss0.013-|Sample:8.78|
[0;30;43m[TEST][0m
{'precision': array([0.0531901]), 'recall': array([0.17546997]), 'ndcg': array([0.14866618])}
EPOCH[251/1000] loss0.013-|Sample:8.95|
EPOCH[252/1000] loss0.013-|Sample:9.04|
EPOCH[253/1000] loss0.013-|Sample:8.83|
EPOCH[254/1000] loss0.013-|Sample:8.96|
EPOCH[255/1000] loss0.013-|Sample:8.92|
EPOCH[256/1000] loss0.013-|Sample:9.00|
EPOCH[257/1000] loss0.013-|Sample:8.90|
EPOCH[258/1000] loss0.013-|Sample:8.89|
EPOCH[259/1000] loss0.013-|Sample:8.80|
EPOCH[260/1000] loss0.013-|Sample:8.93|
[0;30;43m[TEST][0m
{'precision': array([0.05343124]), 'recall': array([0.17623571]), 'ndcg': array([0.14929067])}
EPOCH[261/1000] loss0.013-|Sample:8.89|
EPOCH[262/1000] loss0.013-|Sample:8.83|
EPOCH[263/1000] loss0.013-|Sample:8.98|
EPOCH[264/1000] loss0.013-|Sample:8.82|
EPOCH[265/1000] loss0.013-|Sample:8.93|
EPOCH[266/1000] loss0.013-|Sample:9.03|
EPOCH[267/1000] loss0.013-|Sample:8.89|
EPOCH[268/1000] loss0.013-|Sample:8.81|
EPOCH[269/1000] loss0.013-|Sample:8.95|
EPOCH[270/1000] loss0.013-|Sample:8.94|
[0;30;43m[TEST][0m
{'precision': array([0.05365564]), 'recall': array([0.17685479]), 'ndcg': array([0.14973759])}
EPOCH[271/1000] loss0.013-|Sample:8.94|
EPOCH[272/1000] loss0.013-|Sample:8.81|
EPOCH[273/1000] loss0.013-|Sample:9.02|
EPOCH[274/1000] loss0.013-|Sample:8.75|
EPOCH[275/1000] loss0.013-|Sample:8.86|
EPOCH[276/1000] loss0.013-|Sample:8.96|
EPOCH[277/1000] loss0.013-|Sample:8.95|
EPOCH[278/1000] loss0.013-|Sample:8.84|
EPOCH[279/1000] loss0.013-|Sample:8.95|
EPOCH[280/1000] loss0.012-|Sample:8.85|
[0;30;43m[TEST][0m
{'precision': array([0.05375444]), 'recall': array([0.17719925]), 'ndcg': array([0.15001778])}
EPOCH[281/1000] loss0.013-|Sample:8.90|
EPOCH[282/1000] loss0.013-|Sample:8.80|
EPOCH[283/1000] loss0.012-|Sample:8.97|
EPOCH[284/1000] loss0.013-|Sample:8.78|
EPOCH[285/1000] loss0.013-|Sample:8.96|
EPOCH[286/1000] loss0.013-|Sample:8.90|
EPOCH[287/1000] loss0.013-|Sample:8.93|
EPOCH[288/1000] loss0.012-|Sample:8.87|
EPOCH[289/1000] loss0.013-|Sample:8.77|
EPOCH[290/1000] loss0.013-|Sample:9.03|
[0;30;43m[TEST][0m
{'precision': array([0.05364224]), 'recall': array([0.17671648]), 'ndcg': array([0.15005906])}
EPOCH[291/1000] loss0.012-|Sample:8.75|
EPOCH[292/1000] loss0.012-|Sample:8.76|
EPOCH[293/1000] loss0.013-|Sample:8.89|
EPOCH[294/1000] loss0.012-|Sample:8.92|
EPOCH[295/1000] loss0.013-|Sample:8.90|
EPOCH[296/1000] loss0.012-|Sample:8.91|
EPOCH[297/1000] loss0.012-|Sample:8.89|
EPOCH[298/1000] loss0.012-|Sample:8.91|
EPOCH[299/1000] loss0.012-|Sample:8.81|
EPOCH[300/1000] loss0.012-|Sample:8.92|
[0;30;43m[TEST][0m
{'precision': array([0.05383147]), 'recall': array([0.1775637]), 'ndcg': array([0.1505297])}
EPOCH[301/1000] loss0.013-|Sample:8.92|
EPOCH[302/1000] loss0.012-|Sample:8.93|
EPOCH[303/1000] loss0.012-|Sample:8.91|
EPOCH[304/1000] loss0.012-|Sample:8.96|
EPOCH[305/1000] loss0.012-|Sample:8.86|
EPOCH[306/1000] loss0.013-|Sample:8.90|
EPOCH[307/1000] loss0.012-|Sample:8.91|
EPOCH[308/1000] loss0.012-|Sample:8.98|
EPOCH[309/1000] loss0.013-|Sample:8.91|
EPOCH[310/1000] loss0.012-|Sample:8.97|
[0;30;43m[TEST][0m
{'precision': array([0.05386496]), 'recall': array([0.17759083]), 'ndcg': array([0.15065811])}
EPOCH[311/1000] loss0.012-|Sample:8.80|
EPOCH[312/1000] loss0.012-|Sample:8.77|
EPOCH[313/1000] loss0.012-|Sample:8.92|
EPOCH[314/1000] loss0.012-|Sample:8.94|
EPOCH[315/1000] loss0.012-|Sample:8.88|
EPOCH[316/1000] loss0.012-|Sample:8.86|
EPOCH[317/1000] loss0.012-|Sample:8.90|
EPOCH[318/1000] loss0.012-|Sample:8.92|
EPOCH[319/1000] loss0.012-|Sample:8.90|
EPOCH[320/1000] loss0.012-|Sample:8.92|
[0;30;43m[TEST][0m
{'precision': array([0.05381807]), 'recall': array([0.17710631]), 'ndcg': array([0.15057681])}
EPOCH[321/1000] loss0.012-|Sample:8.86|
EPOCH[322/1000] loss0.012-|Sample:8.95|
EPOCH[323/1000] loss0.012-|Sample:8.90|
EPOCH[324/1000] loss0.012-|Sample:8.90|
EPOCH[325/1000] loss0.012-|Sample:8.97|
EPOCH[326/1000] loss0.012-|Sample:8.84|
EPOCH[327/1000] loss0.012-|Sample:8.90|
EPOCH[328/1000] loss0.012-|Sample:8.88|
EPOCH[329/1000] loss0.012-|Sample:8.97|
EPOCH[330/1000] loss0.012-|Sample:8.84|
[0;30;43m[TEST][0m
{'precision': array([0.05406424]), 'recall': array([0.17787993]), 'ndcg': array([0.15091482])}
EPOCH[331/1000] loss0.012-|Sample:8.91|
EPOCH[332/1000] loss0.012-|Sample:8.79|
EPOCH[333/1000] loss0.012-|Sample:8.99|
EPOCH[334/1000] loss0.012-|Sample:8.89|
EPOCH[335/1000] loss0.012-|Sample:8.93|
EPOCH[336/1000] loss0.012-|Sample:8.86|
EPOCH[337/1000] loss0.012-|Sample:8.89|
EPOCH[338/1000] loss0.012-|Sample:8.77|
EPOCH[339/1000] loss0.012-|Sample:8.95|
EPOCH[340/1000] loss0.012-|Sample:8.92|
[0;30;43m[TEST][0m
{'precision': array([0.05411113]), 'recall': array([0.17788001]), 'ndcg': array([0.1512274])}
EPOCH[341/1000] loss0.012-|Sample:8.93|
EPOCH[342/1000] loss0.012-|Sample:9.00|
EPOCH[343/1000] loss0.012-|Sample:8.92|
EPOCH[344/1000] loss0.012-|Sample:8.82|
EPOCH[345/1000] loss0.012-|Sample:8.95|
EPOCH[346/1000] loss0.012-|Sample:8.88|
EPOCH[347/1000] loss0.012-|Sample:8.94|
EPOCH[348/1000] loss0.012-|Sample:8.89|
EPOCH[349/1000] loss0.012-|Sample:8.90|
EPOCH[350/1000] loss0.012-|Sample:8.90|
[0;30;43m[TEST][0m
{'precision': array([0.05428528]), 'recall': array([0.17855851]), 'ndcg': array([0.15173216])}
EPOCH[351/1000] loss0.012-|Sample:8.83|
EPOCH[352/1000] loss0.012-|Sample:8.90|
EPOCH[353/1000] loss0.012-|Sample:8.91|
EPOCH[354/1000] loss0.012-|Sample:8.98|
EPOCH[355/1000] loss0.012-|Sample:8.85|
EPOCH[356/1000] loss0.012-|Sample:8.89|
EPOCH[357/1000] loss0.012-|Sample:8.82|
EPOCH[358/1000] loss0.012-|Sample:8.93|
EPOCH[359/1000] loss0.012-|Sample:8.93|
EPOCH[360/1000] loss0.012-|Sample:8.95|
[0;30;43m[TEST][0m
{'precision': array([0.0542183]), 'recall': array([0.17801099]), 'ndcg': array([0.15129611])}
EPOCH[361/1000] loss0.012-|Sample:8.83|
EPOCH[362/1000] loss0.012-|Sample:8.76|
EPOCH[363/1000] loss0.012-|Sample:8.92|
EPOCH[364/1000] loss0.012-|Sample:8.92|
EPOCH[365/1000] loss0.012-|Sample:9.00|
EPOCH[366/1000] loss0.012-|Sample:8.89|
EPOCH[367/1000] loss0.012-|Sample:8.88|
EPOCH[368/1000] loss0.012-|Sample:8.81|
EPOCH[369/1000] loss0.012-|Sample:8.90|
EPOCH[370/1000] loss0.012-|Sample:8.76|
[0;30;43m[TEST][0m
{'precision': array([0.05432715]), 'recall': array([0.17834869]), 'ndcg': array([0.15159258])}
EPOCH[371/1000] loss0.012-|Sample:8.86|
EPOCH[372/1000] loss0.012-|Sample:8.93|
EPOCH[373/1000] loss0.012-|Sample:8.91|
EPOCH[374/1000] loss0.012-|Sample:8.87|
EPOCH[375/1000] loss0.012-|Sample:8.92|
EPOCH[376/1000] loss0.012-|Sample:8.86|
EPOCH[377/1000] loss0.012-|Sample:8.91|
EPOCH[378/1000] loss0.012-|Sample:8.94|
EPOCH[379/1000] loss0.012-|Sample:8.95|
EPOCH[380/1000] loss0.012-|Sample:8.92|
[0;30;43m[TEST][0m
{'precision': array([0.05449293]), 'recall': array([0.17921847]), 'ndcg': array([0.15189931])}
EPOCH[381/1000] loss0.012-|Sample:8.79|
EPOCH[382/1000] loss0.012-|Sample:8.91|
EPOCH[383/1000] loss0.012-|Sample:8.99|
EPOCH[384/1000] loss0.012-|Sample:9.02|
EPOCH[385/1000] loss0.012-|Sample:8.96|
EPOCH[386/1000] loss0.012-|Sample:8.82|
EPOCH[387/1000] loss0.012-|Sample:8.98|
EPOCH[388/1000] loss0.012-|Sample:9.01|
EPOCH[389/1000] loss0.012-|Sample:9.02|
EPOCH[390/1000] loss0.012-|Sample:8.82|
[0;30;43m[TEST][0m
{'precision': array([0.0545214]), 'recall': array([0.17887606]), 'ndcg': array([0.15176919])}
EPOCH[391/1000] loss0.012-|Sample:8.87|
EPOCH[392/1000] loss0.012-|Sample:8.98|
EPOCH[393/1000] loss0.012-|Sample:8.77|
EPOCH[394/1000] loss0.012-|Sample:8.95|
EPOCH[395/1000] loss0.012-|Sample:8.94|
EPOCH[396/1000] loss0.012-|Sample:8.99|
EPOCH[397/1000] loss0.012-|Sample:8.93|
EPOCH[398/1000] loss0.012-|Sample:8.88|
EPOCH[399/1000] loss0.012-|Sample:8.80|
EPOCH[400/1000] loss0.012-|Sample:8.90|
[0;30;43m[TEST][0m
{'precision': array([0.05457666]), 'recall': array([0.17921255]), 'ndcg': array([0.15196396])}
EPOCH[401/1000] loss0.012-|Sample:8.89|
EPOCH[402/1000] loss0.012-|Sample:8.79|
EPOCH[403/1000] loss0.012-|Sample:8.85|
EPOCH[404/1000] loss0.012-|Sample:8.85|
EPOCH[405/1000] loss0.012-|Sample:8.96|
EPOCH[406/1000] loss0.012-|Sample:8.96|
EPOCH[407/1000] loss0.012-|Sample:8.86|
EPOCH[408/1000] loss0.012-|Sample:8.80|
EPOCH[409/1000] loss0.012-|Sample:8.92|
EPOCH[410/1000] loss0.012-|Sample:8.92|
[0;30;43m[TEST][0m
{'precision': array([0.05450466]), 'recall': array([0.17883471]), 'ndcg': array([0.15176413])}
EPOCH[411/1000] loss0.012-|Sample:8.98|
EPOCH[412/1000] loss0.012-|Sample:8.78|
EPOCH[413/1000] loss0.012-|Sample:8.95|
EPOCH[414/1000] loss0.012-|Sample:8.77|
EPOCH[415/1000] loss0.012-|Sample:8.95|
EPOCH[416/1000] loss0.011-|Sample:8.95|
EPOCH[417/1000] loss0.012-|Sample:9.01|
EPOCH[418/1000] loss0.012-|Sample:8.90|
EPOCH[419/1000] loss0.012-|Sample:8.91|
EPOCH[420/1000] loss0.012-|Sample:8.90|
[0;30;43m[TEST][0m
{'precision': array([0.05466374]), 'recall': array([0.17916054]), 'ndcg': array([0.15232464])}
EPOCH[421/1000] loss0.012-|Sample:8.89|
EPOCH[422/1000] loss0.011-|Sample:8.80|
EPOCH[423/1000] loss0.012-|Sample:8.94|
EPOCH[424/1000] loss0.011-|Sample:8.74|
EPOCH[425/1000] loss0.012-|Sample:8.89|
EPOCH[426/1000] loss0.012-|Sample:8.98|
EPOCH[427/1000] loss0.012-|Sample:8.97|
EPOCH[428/1000] loss0.012-|Sample:8.91|
EPOCH[429/1000] loss0.011-|Sample:8.80|
EPOCH[430/1000] loss0.012-|Sample:9.08|
[0;30;43m[TEST][0m
{'precision': array([0.05479603]), 'recall': array([0.17962426]), 'ndcg': array([0.15248373])}
EPOCH[431/1000] loss0.012-|Sample:8.81|
EPOCH[432/1000] loss0.012-|Sample:8.74|
EPOCH[433/1000] loss0.011-|Sample:8.97|
EPOCH[434/1000] loss0.011-|Sample:8.93|
EPOCH[435/1000] loss0.011-|Sample:8.89|
EPOCH[436/1000] loss0.012-|Sample:9.03|
EPOCH[437/1000] loss0.011-|Sample:8.98|
EPOCH[438/1000] loss0.012-|Sample:8.90|
EPOCH[439/1000] loss0.012-|Sample:8.86|
EPOCH[440/1000] loss0.012-|Sample:8.95|
[0;30;43m[TEST][0m
{'precision': array([0.054719]), 'recall': array([0.17938524]), 'ndcg': array([0.15226483])}
EPOCH[441/1000] loss0.011-|Sample:8.96|
EPOCH[442/1000] loss0.011-|Sample:8.92|
EPOCH[443/1000] loss0.011-|Sample:8.88|
EPOCH[444/1000] loss0.012-|Sample:8.96|
EPOCH[445/1000] loss0.011-|Sample:8.87|
EPOCH[446/1000] loss0.011-|Sample:8.89|
EPOCH[447/1000] loss0.011-|Sample:8.92|
EPOCH[448/1000] loss0.012-|Sample:9.00|
EPOCH[449/1000] loss0.012-|Sample:8.91|
EPOCH[450/1000] loss0.011-|Sample:8.92|
[0;30;43m[TEST][0m
{'precision': array([0.05482115]), 'recall': array([0.17971916]), 'ndcg': array([0.15247151])}
EPOCH[451/1000] loss0.012-|Sample:8.85|
EPOCH[452/1000] loss0.011-|Sample:8.81|
EPOCH[453/1000] loss0.011-|Sample:8.94|
EPOCH[454/1000] loss0.011-|Sample:8.88|
EPOCH[455/1000] loss0.012-|Sample:8.91|
EPOCH[456/1000] loss0.011-|Sample:8.91|
EPOCH[457/1000] loss0.011-|Sample:8.87|
EPOCH[458/1000] loss0.011-|Sample:8.93|
EPOCH[459/1000] loss0.011-|Sample:8.97|
EPOCH[460/1000] loss0.012-|Sample:8.93|
[0;30;43m[TEST][0m
{'precision': array([0.05482618]), 'recall': array([0.17953135]), 'ndcg': array([0.15237072])}
EPOCH[461/1000] loss0.012-|Sample:8.94|
EPOCH[462/1000] loss0.012-|Sample:9.00|
EPOCH[463/1000] loss0.011-|Sample:8.92|
EPOCH[464/1000] loss0.012-|Sample:8.92|
EPOCH[465/1000] loss0.012-|Sample:8.96|
EPOCH[466/1000] loss0.011-|Sample:8.82|
EPOCH[467/1000] loss0.011-|Sample:8.90|
EPOCH[468/1000] loss0.011-|Sample:8.94|
EPOCH[469/1000] loss0.011-|Sample:8.96|
EPOCH[470/1000] loss0.011-|Sample:8.87|
[0;30;43m[TEST][0m
{'precision': array([0.0547525]), 'recall': array([0.1793201]), 'ndcg': array([0.15230474])}
EPOCH[471/1000] loss0.011-|Sample:8.85|
EPOCH[472/1000] loss0.011-|Sample:8.76|
EPOCH[473/1000] loss0.012-|Sample:8.91|
EPOCH[474/1000] loss0.011-|Sample:8.86|
EPOCH[475/1000] loss0.011-|Sample:8.94|
EPOCH[476/1000] loss0.011-|Sample:8.78|
EPOCH[477/1000] loss0.011-|Sample:8.87|
EPOCH[478/1000] loss0.011-|Sample:8.81|
EPOCH[479/1000] loss0.011-|Sample:8.95|
EPOCH[480/1000] loss0.011-|Sample:8.93|
[0;30;43m[TEST][0m
{'precision': array([0.05484795]), 'recall': array([0.17955778]), 'ndcg': array([0.15259155])}
EPOCH[481/1000] loss0.011-|Sample:8.94|
EPOCH[482/1000] loss0.011-|Sample:9.00|
EPOCH[483/1000] loss0.011-|Sample:8.87|
EPOCH[484/1000] loss0.011-|Sample:8.77|
EPOCH[485/1000] loss0.011-|Sample:8.92|
EPOCH[486/1000] loss0.011-|Sample:8.93|
EPOCH[487/1000] loss0.011-|Sample:8.92|
EPOCH[488/1000] loss0.011-|Sample:8.95|
EPOCH[489/1000] loss0.011-|Sample:8.92|
EPOCH[490/1000] loss0.011-|Sample:8.95|
[0;30;43m[TEST][0m
{'precision': array([0.05486469]), 'recall': array([0.17936976]), 'ndcg': array([0.15255284])}
EPOCH[491/1000] loss0.011-|Sample:8.82|
EPOCH[492/1000] loss0.011-|Sample:8.96|
EPOCH[493/1000] loss0.011-|Sample:9.00|
EPOCH[494/1000] loss0.011-|Sample:8.95|
EPOCH[495/1000] loss0.011-|Sample:8.85|
EPOCH[496/1000] loss0.011-|Sample:8.90|
EPOCH[497/1000] loss0.011-|Sample:8.88|
EPOCH[498/1000] loss0.011-|Sample:8.95|
EPOCH[499/1000] loss0.011-|Sample:8.94|
EPOCH[500/1000] loss0.011-|Sample:8.93|
[0;30;43m[TEST][0m
{'precision': array([0.05503718]), 'recall': array([0.17978106]), 'ndcg': array([0.15304543])}
EPOCH[501/1000] loss0.011-|Sample:8.90|
EPOCH[502/1000] loss0.011-|Sample:8.75|
EPOCH[503/1000] loss0.011-|Sample:8.90|
EPOCH[504/1000] loss0.011-|Sample:8.95|
EPOCH[505/1000] loss0.011-|Sample:8.99|
EPOCH[506/1000] loss0.011-|Sample:8.87|
EPOCH[507/1000] loss0.011-|Sample:9.00|
EPOCH[508/1000] loss0.011-|Sample:8.77|
EPOCH[509/1000] loss0.011-|Sample:8.84|
EPOCH[510/1000] loss0.011-|Sample:8.77|
[0;30;43m[TEST][0m
{'precision': array([0.05502043]), 'recall': array([0.17993502]), 'ndcg': array([0.15262537])}
EPOCH[511/1000] loss0.011-|Sample:8.91|
EPOCH[512/1000] loss0.011-|Sample:8.91|
EPOCH[513/1000] loss0.011-|Sample:8.97|
EPOCH[514/1000] loss0.011-|Sample:8.89|
EPOCH[515/1000] loss0.011-|Sample:9.28|
EPOCH[516/1000] loss0.011-|Sample:8.92|
EPOCH[517/1000] loss0.011-|Sample:8.87|
EPOCH[518/1000] loss0.011-|Sample:8.94|
EPOCH[519/1000] loss0.011-|Sample:8.95|
EPOCH[520/1000] loss0.011-|Sample:8.92|
[0;30;43m[TEST][0m
{'precision': array([0.0551611]), 'recall': array([0.18029092]), 'ndcg': array([0.15276837])}
EPOCH[521/1000] loss0.011-|Sample:8.75|
EPOCH[522/1000] loss0.011-|Sample:8.98|
EPOCH[523/1000] loss0.011-|Sample:8.98|
EPOCH[524/1000] loss0.011-|Sample:8.96|
EPOCH[525/1000] loss0.011-|Sample:8.88|
EPOCH[526/1000] loss0.011-|Sample:8.78|
EPOCH[527/1000] loss0.011-|Sample:8.95|
EPOCH[528/1000] loss0.011-|Sample:8.97|
EPOCH[529/1000] loss0.011-|Sample:8.90|
EPOCH[530/1000] loss0.011-|Sample:8.76|
[0;30;43m[TEST][0m
{'precision': array([0.05518454]), 'recall': array([0.18034309]), 'ndcg': array([0.15303328])}
EPOCH[531/1000] loss0.011-|Sample:8.87|
EPOCH[532/1000] loss0.011-|Sample:9.00|
EPOCH[533/1000] loss0.011-|Sample:8.77|
EPOCH[534/1000] loss0.011-|Sample:8.96|
EPOCH[535/1000] loss0.011-|Sample:8.91|
EPOCH[536/1000] loss0.011-|Sample:9.02|
EPOCH[537/1000] loss0.011-|Sample:8.91|
EPOCH[538/1000] loss0.011-|Sample:8.94|
EPOCH[539/1000] loss0.011-|Sample:8.85|
EPOCH[540/1000] loss0.011-|Sample:8.91|
[0;30;43m[TEST][0m
{'precision': array([0.05518287]), 'recall': array([0.18033392]), 'ndcg': array([0.15278669])}
EPOCH[541/1000] loss0.011-|Sample:8.87|
EPOCH[542/1000] loss0.011-|Sample:8.78|
EPOCH[543/1000] loss0.011-|Sample:8.93|
EPOCH[544/1000] loss0.011-|Sample:8.76|
EPOCH[545/1000] loss0.011-|Sample:8.97|
EPOCH[546/1000] loss0.011-|Sample:8.95|
EPOCH[547/1000] loss0.011-|Sample:8.85|
EPOCH[548/1000] loss0.011-|Sample:8.71|
EPOCH[549/1000] loss0.011-|Sample:8.96|
EPOCH[550/1000] loss0.011-|Sample:8.93|
[0;30;43m[TEST][0m
{'precision': array([0.05540559]), 'recall': array([0.18099111]), 'ndcg': array([0.15298556])}
EPOCH[551/1000] loss0.011-|Sample:8.85|
EPOCH[552/1000] loss0.011-|Sample:8.78|
EPOCH[553/1000] loss0.011-|Sample:9.01|
EPOCH[554/1000] loss0.011-|Sample:8.75|
EPOCH[555/1000] loss0.011-|Sample:8.94|
EPOCH[556/1000] loss0.011-|Sample:8.92|
EPOCH[557/1000] loss0.011-|Sample:8.95|
EPOCH[558/1000] loss0.011-|Sample:8.87|
EPOCH[559/1000] loss0.011-|Sample:8.84|
EPOCH[560/1000] loss0.011-|Sample:8.79|
[0;30;43m[TEST][0m
{'precision': array([0.05523813]), 'recall': array([0.18031592]), 'ndcg': array([0.15294141])}
EPOCH[561/1000] loss0.011-|Sample:8.81|
EPOCH[562/1000] loss0.011-|Sample:8.85|
EPOCH[563/1000] loss0.011-|Sample:8.97|
EPOCH[564/1000] loss0.011-|Sample:8.73|
EPOCH[565/1000] loss0.011-|Sample:8.88|
EPOCH[566/1000] loss0.011-|Sample:8.94|
EPOCH[567/1000] loss0.011-|Sample:9.01|
EPOCH[568/1000] loss0.011-|Sample:8.85|
EPOCH[569/1000] loss0.011-|Sample:8.81|
EPOCH[570/1000] loss0.011-|Sample:9.13|
[0;30;43m[TEST][0m
{'precision': array([0.0551343]), 'recall': array([0.18011266]), 'ndcg': array([0.15292817])}
EPOCH[571/1000] loss0.011-|Sample:8.90|
EPOCH[572/1000] loss0.011-|Sample:8.77|
EPOCH[573/1000] loss0.011-|Sample:8.96|
EPOCH[574/1000] loss0.011-|Sample:9.04|
EPOCH[575/1000] loss0.011-|Sample:9.03|
EPOCH[576/1000] loss0.011-|Sample:8.91|
EPOCH[577/1000] loss0.011-|Sample:8.98|
EPOCH[578/1000] loss0.011-|Sample:8.95|
EPOCH[579/1000] loss0.011-|Sample:8.83|
EPOCH[580/1000] loss0.011-|Sample:8.93|
[0;30;43m[TEST][0m
{'precision': array([0.05528669]), 'recall': array([0.18051801]), 'ndcg': array([0.1529483])}
EPOCH[581/1000] loss0.011-|Sample:8.99|
EPOCH[582/1000] loss0.011-|Sample:9.03|
EPOCH[583/1000] loss0.011-|Sample:8.90|
EPOCH[584/1000] loss0.011-|Sample:8.97|
EPOCH[585/1000] loss0.011-|Sample:8.85|
EPOCH[586/1000] loss0.011-|Sample:8.99|
EPOCH[587/1000] loss0.011-|Sample:8.95|
EPOCH[588/1000] loss0.011-|Sample:9.01|
EPOCH[589/1000] loss0.011-|Sample:8.95|
EPOCH[590/1000] loss0.011-|Sample:8.98|
[0;30;43m[TEST][0m
{'precision': array([0.05542066]), 'recall': array([0.18079204]), 'ndcg': array([0.15343443])}
EPOCH[591/1000] loss0.011-|Sample:8.84|
EPOCH[592/1000] loss0.011-|Sample:8.89|
EPOCH[593/1000] loss0.011-|Sample:8.97|
EPOCH[594/1000] loss0.011-|Sample:9.04|
EPOCH[595/1000] loss0.011-|Sample:9.03|
EPOCH[596/1000] loss0.011-|Sample:8.94|
EPOCH[597/1000] loss0.011-|Sample:8.95|
EPOCH[598/1000] loss0.011-|Sample:8.99|
EPOCH[599/1000] loss0.011-|Sample:8.94|
EPOCH[600/1000] loss0.011-|Sample:8.96|
[0;30;43m[TEST][0m
{'precision': array([0.05524315]), 'recall': array([0.18062895]), 'ndcg': array([0.1533003])}
EPOCH[601/1000] loss0.011-|Sample:8.89|
EPOCH[602/1000] loss0.011-|Sample:8.97|
EPOCH[603/1000] loss0.011-|Sample:8.90|
EPOCH[604/1000] loss0.011-|Sample:8.99|
EPOCH[605/1000] loss0.011-|Sample:9.11|
EPOCH[606/1000] loss0.011-|Sample:9.20|
EPOCH[607/1000] loss0.011-|Sample:9.03|
EPOCH[608/1000] loss0.011-|Sample:9.06|
EPOCH[609/1000] loss0.011-|Sample:9.18|
EPOCH[610/1000] loss0.011-|Sample:8.99|
[0;30;43m[TEST][0m
{'precision': array([0.05535367]), 'recall': array([0.18056475]), 'ndcg': array([0.15349521])}
EPOCH[611/1000] loss0.011-|Sample:8.89|
EPOCH[612/1000] loss0.011-|Sample:8.89|
EPOCH[613/1000] loss0.011-|Sample:9.05|
EPOCH[614/1000] loss0.011-|Sample:8.84|
EPOCH[615/1000] loss0.011-|Sample:8.88|
EPOCH[616/1000] loss0.011-|Sample:8.79|
EPOCH[617/1000] loss0.011-|Sample:9.42|
EPOCH[618/1000] loss0.011-|Sample:8.72|
EPOCH[619/1000] loss0.011-|Sample:9.12|
EPOCH[620/1000] loss0.011-|Sample:9.22|
[0;30;43m[TEST][0m
{'precision': array([0.05548262]), 'recall': array([0.18111375]), 'ndcg': array([0.15346236])}
EPOCH[621/1000] loss0.011-|Sample:9.08|
EPOCH[622/1000] loss0.011-|Sample:9.41|
EPOCH[623/1000] loss0.011-|Sample:9.01|
EPOCH[624/1000] loss0.011-|Sample:8.91|
EPOCH[625/1000] loss0.011-|Sample:9.00|
EPOCH[626/1000] loss0.011-|Sample:9.09|
EPOCH[627/1000] loss0.011-|Sample:9.01|
EPOCH[628/1000] loss0.011-|Sample:9.13|
EPOCH[629/1000] loss0.011-|Sample:8.97|
EPOCH[630/1000] loss0.011-|Sample:9.08|
[0;30;43m[TEST][0m
{'precision': array([0.05545582]), 'recall': array([0.18089076]), 'ndcg': array([0.15350413])}
EPOCH[631/1000] loss0.011-|Sample:8.94|
EPOCH[632/1000] loss0.011-|Sample:9.09|
EPOCH[633/1000] loss0.011-|Sample:9.10|
EPOCH[634/1000] loss0.011-|Sample:8.93|
EPOCH[635/1000] loss0.011-|Sample:8.86|
EPOCH[636/1000] loss0.011-|Sample:8.97|
EPOCH[637/1000] loss0.011-|Sample:9.02|
EPOCH[638/1000] loss0.011-|Sample:8.97|
EPOCH[639/1000] loss0.011-|Sample:9.07|
EPOCH[640/1000] loss0.011-|Sample:9.28|
[0;30;43m[TEST][0m
{'precision': array([0.05559314]), 'recall': array([0.1808055]), 'ndcg': array([0.15386692])}
EPOCH[641/1000] loss0.011-|Sample:8.95|
EPOCH[642/1000] loss0.011-|Sample:8.86|
EPOCH[643/1000] loss0.011-|Sample:9.00|
EPOCH[644/1000] loss0.011-|Sample:9.07|
EPOCH[645/1000] loss0.011-|Sample:9.09|
EPOCH[646/1000] loss0.011-|Sample:9.05|
EPOCH[647/1000] loss0.011-|Sample:9.08|
EPOCH[648/1000] loss0.011-|Sample:8.88|
EPOCH[649/1000] loss0.011-|Sample:9.13|
EPOCH[650/1000] loss0.011-|Sample:8.96|
[0;30;43m[TEST][0m
{'precision': array([0.05548429]), 'recall': array([0.18074537]), 'ndcg': array([0.15368566])}
EPOCH[651/1000] loss0.011-|Sample:9.21|
EPOCH[652/1000] loss0.011-|Sample:9.24|
EPOCH[653/1000] loss0.011-|Sample:9.03|
EPOCH[654/1000] loss0.011-|Sample:9.00|
EPOCH[655/1000] loss0.011-|Sample:8.98|
EPOCH[656/1000] loss0.011-|Sample:8.94|
EPOCH[657/1000] loss0.011-|Sample:8.99|
EPOCH[658/1000] loss0.011-|Sample:9.06|
EPOCH[659/1000] loss0.011-|Sample:8.95|
EPOCH[660/1000] loss0.011-|Sample:8.91|
[0;30;43m[TEST][0m
{'precision': array([0.05555797]), 'recall': array([0.18108978]), 'ndcg': array([0.15376168])}
EPOCH[661/1000] loss0.011-|Sample:8.81|
EPOCH[662/1000] loss0.011-|Sample:8.94|
EPOCH[663/1000] loss0.011-|Sample:8.99|
EPOCH[664/1000] loss0.011-|Sample:9.05|
EPOCH[665/1000] loss0.011-|Sample:9.43|
EPOCH[666/1000] loss0.011-|Sample:9.27|
EPOCH[667/1000] loss0.011-|Sample:9.64|
EPOCH[668/1000] loss0.011-|Sample:10.36|
EPOCH[669/1000] loss0.011-|Sample:13.95|
EPOCH[670/1000] loss0.011-|Sample:9.31|
[0;30;43m[TEST][0m
{'precision': array([0.05546252]), 'recall': array([0.18096775]), 'ndcg': array([0.15376789])}
EPOCH[671/1000] loss0.011-|Sample:9.48|
EPOCH[672/1000] loss0.011-|Sample:9.74|
EPOCH[673/1000] loss0.011-|Sample:9.86|
EPOCH[674/1000] loss0.011-|Sample:9.27|
EPOCH[675/1000] loss0.011-|Sample:9.31|
EPOCH[676/1000] loss0.011-|Sample:11.02|
EPOCH[677/1000] loss0.011-|Sample:9.18|
EPOCH[678/1000] loss0.011-|Sample:9.24|
EPOCH[679/1000] loss0.011-|Sample:9.66|
EPOCH[680/1000] loss0.011-|Sample:9.55|
[0;30;43m[TEST][0m
{'precision': array([0.05561156]), 'recall': array([0.18127061]), 'ndcg': array([0.1540851])}
EPOCH[681/1000] loss0.011-|Sample:9.22|
EPOCH[682/1000] loss0.011-|Sample:9.47|
EPOCH[683/1000] loss0.011-|Sample:9.51|
EPOCH[684/1000] loss0.011-|Sample:9.58|
EPOCH[685/1000] loss0.011-|Sample:9.68|
EPOCH[686/1000] loss0.011-|Sample:9.52|
EPOCH[687/1000] loss0.011-|Sample:9.76|
EPOCH[688/1000] loss0.011-|Sample:9.45|
EPOCH[689/1000] loss0.011-|Sample:9.50|
EPOCH[690/1000] loss0.011-|Sample:9.13|
[0;30;43m[TEST][0m
{'precision': array([0.05552113]), 'recall': array([0.18084729]), 'ndcg': array([0.15382666])}
EPOCH[691/1000] loss0.011-|Sample:9.91|
EPOCH[692/1000] loss0.011-|Sample:9.32|
EPOCH[693/1000] loss0.011-|Sample:9.33|
EPOCH[694/1000] loss0.011-|Sample:9.15|
EPOCH[695/1000] loss0.011-|Sample:9.30|
EPOCH[696/1000] loss0.011-|Sample:9.60|
EPOCH[697/1000] loss0.011-|Sample:9.50|
EPOCH[698/1000] loss0.011-|Sample:10.25|
EPOCH[699/1000] loss0.011-|Sample:11.88|
EPOCH[700/1000] loss0.011-|Sample:8.90|
[0;30;43m[TEST][0m
{'precision': array([0.05549267]), 'recall': array([0.18122717]), 'ndcg': array([0.15383161])}
EPOCH[701/1000] loss0.011-|Sample:8.89|
EPOCH[702/1000] loss0.011-|Sample:8.79|
EPOCH[703/1000] loss0.011-|Sample:9.34|
EPOCH[704/1000] loss0.011-|Sample:8.98|
EPOCH[705/1000] loss0.011-|Sample:9.20|
EPOCH[706/1000] loss0.011-|Sample:9.32|
EPOCH[707/1000] loss0.011-|Sample:9.13|
EPOCH[708/1000] loss0.011-|Sample:9.04|
EPOCH[709/1000] loss0.011-|Sample:8.87|
EPOCH[710/1000] loss0.011-|Sample:9.14|
[0;30;43m[TEST][0m
{'precision': array([0.0556551]), 'recall': array([0.18151328]), 'ndcg': array([0.15423443])}
EPOCH[711/1000] loss0.011-|Sample:8.86|
EPOCH[712/1000] loss0.011-|Sample:8.99|
EPOCH[713/1000] loss0.011-|Sample:9.26|
EPOCH[714/1000] loss0.011-|Sample:9.20|
EPOCH[715/1000] loss0.011-|Sample:9.02|
EPOCH[716/1000] loss0.011-|Sample:8.98|
EPOCH[717/1000] loss0.011-|Sample:9.11|
EPOCH[718/1000] loss0.011-|Sample:9.11|
EPOCH[719/1000] loss0.011-|Sample:9.05|
EPOCH[720/1000] loss0.011-|Sample:9.17|
[0;30;43m[TEST][0m
{'precision': array([0.05570869]), 'recall': array([0.18194702]), 'ndcg': array([0.15426998])}
EPOCH[721/1000] loss0.011-|Sample:9.03|
EPOCH[722/1000] loss0.011-|Sample:9.05|
EPOCH[723/1000] loss0.011-|Sample:9.13|
EPOCH[724/1000] loss0.011-|Sample:9.09|
EPOCH[725/1000] loss0.011-|Sample:8.96|
EPOCH[726/1000] loss0.011-|Sample:9.09|
EPOCH[727/1000] loss0.011-|Sample:9.14|
EPOCH[728/1000] loss0.011-|Sample:9.11|
EPOCH[729/1000] loss0.011-|Sample:9.09|
EPOCH[730/1000] loss0.011-|Sample:9.13|
[0;30;43m[TEST][0m
{'precision': array([0.05567352]), 'recall': array([0.1818844]), 'ndcg': array([0.15393676])}
EPOCH[731/1000] loss0.011-|Sample:8.89|
EPOCH[732/1000] loss0.011-|Sample:8.89|
EPOCH[733/1000] loss0.011-|Sample:9.06|
EPOCH[734/1000] loss0.011-|Sample:9.01|
EPOCH[735/1000] loss0.011-|Sample:9.08|
EPOCH[736/1000] loss0.011-|Sample:9.09|
EPOCH[737/1000] loss0.011-|Sample:8.96|
EPOCH[738/1000] loss0.011-|Sample:9.07|
EPOCH[739/1000] loss0.011-|Sample:9.07|
EPOCH[740/1000] loss0.011-|Sample:9.08|
[0;30;43m[TEST][0m
{'precision': array([0.05559649]), 'recall': array([0.18162148]), 'ndcg': array([0.15375118])}
EPOCH[741/1000] loss0.011-|Sample:9.00|
EPOCH[742/1000] loss0.011-|Sample:8.97|
EPOCH[743/1000] loss0.011-|Sample:9.10|
EPOCH[744/1000] loss0.011-|Sample:9.06|
EPOCH[745/1000] loss0.011-|Sample:9.26|
EPOCH[746/1000] loss0.011-|Sample:9.25|
EPOCH[747/1000] loss0.011-|Sample:8.89|
EPOCH[748/1000] loss0.011-|Sample:9.13|
EPOCH[749/1000] loss0.011-|Sample:9.07|
EPOCH[750/1000] loss0.011-|Sample:8.97|
[0;30;43m[TEST][0m
{'precision': array([0.05559482]), 'recall': array([0.18124867]), 'ndcg': array([0.15379434])}
EPOCH[751/1000] loss0.011-|Sample:9.05|
EPOCH[752/1000] loss0.011-|Sample:8.96|
EPOCH[753/1000] loss0.011-|Sample:9.11|
EPOCH[754/1000] loss0.011-|Sample:9.05|
EPOCH[755/1000] loss0.011-|Sample:8.99|
EPOCH[756/1000] loss0.011-|Sample:8.94|
EPOCH[757/1000] loss0.011-|Sample:8.93|
EPOCH[758/1000] loss0.011-|Sample:9.04|
EPOCH[759/1000] loss0.011-|Sample:9.11|
EPOCH[760/1000] loss0.011-|Sample:9.30|
[0;30;43m[TEST][0m
{'precision': array([0.05556635]), 'recall': array([0.18140409]), 'ndcg': array([0.15395725])}
EPOCH[761/1000] loss0.011-|Sample:9.19|
EPOCH[762/1000] loss0.011-|Sample:9.27|
EPOCH[763/1000] loss0.011-|Sample:9.10|
EPOCH[764/1000] loss0.011-|Sample:8.88|
EPOCH[765/1000] loss0.011-|Sample:9.40|
EPOCH[766/1000] loss0.011-|Sample:9.40|
EPOCH[767/1000] loss0.011-|Sample:9.11|
EPOCH[768/1000] loss0.011-|Sample:9.12|
EPOCH[769/1000] loss0.011-|Sample:9.23|
EPOCH[770/1000] loss0.011-|Sample:9.16|
[0;30;43m[TEST][0m
{'precision': array([0.05553453]), 'recall': array([0.1810276]), 'ndcg': array([0.15403767])}
EPOCH[771/1000] loss0.011-|Sample:9.12|
EPOCH[772/1000] loss0.011-|Sample:9.06|
EPOCH[773/1000] loss0.011-|Sample:9.14|
EPOCH[774/1000] loss0.011-|Sample:9.18|
EPOCH[775/1000] loss0.011-|Sample:9.16|
EPOCH[776/1000] loss0.011-|Sample:9.08|
EPOCH[777/1000] loss0.011-|Sample:9.08|
EPOCH[778/1000] loss0.011-|Sample:9.16|
EPOCH[779/1000] loss0.011-|Sample:9.16|
EPOCH[780/1000] loss0.011-|Sample:9.07|
[0;30;43m[TEST][0m
{'precision': array([0.05552616]), 'recall': array([0.18094897]), 'ndcg': array([0.15405842])}
EPOCH[781/1000] loss0.011-|Sample:9.24|
EPOCH[782/1000] loss0.011-|Sample:8.89|
EPOCH[783/1000] loss0.011-|Sample:9.15|
EPOCH[784/1000] loss0.011-|Sample:9.08|
EPOCH[785/1000] loss0.011-|Sample:9.28|
EPOCH[786/1000] loss0.011-|Sample:9.18|
EPOCH[787/1000] loss0.011-|Sample:9.09|
EPOCH[788/1000] loss0.011-|Sample:9.01|
EPOCH[789/1000] loss0.011-|Sample:9.08|
EPOCH[790/1000] loss0.011-|Sample:8.85|
[0;30;43m[TEST][0m
{'precision': array([0.05567855]), 'recall': array([0.18162049]), 'ndcg': array([0.1543833])}
EPOCH[791/1000] loss0.011-|Sample:9.07|
EPOCH[792/1000] loss0.011-|Sample:9.29|
EPOCH[793/1000] loss0.011-|Sample:9.28|
EPOCH[794/1000] loss0.011-|Sample:9.16|
EPOCH[795/1000] loss0.011-|Sample:9.05|
EPOCH[796/1000] loss0.011-|Sample:9.07|
EPOCH[797/1000] loss0.011-|Sample:9.00|
EPOCH[798/1000] loss0.011-|Sample:8.99|
EPOCH[799/1000] loss0.011-|Sample:9.15|
EPOCH[800/1000] loss0.011-|Sample:9.02|
[0;30;43m[TEST][0m
{'precision': array([0.05579242]), 'recall': array([0.18175923]), 'ndcg': array([0.15426839])}
EPOCH[801/1000] loss0.011-|Sample:8.79|
EPOCH[802/1000] loss0.011-|Sample:8.97|
EPOCH[803/1000] loss0.011-|Sample:9.29|
EPOCH[804/1000] loss0.011-|Sample:9.10|
EPOCH[805/1000] loss0.011-|Sample:9.22|
EPOCH[806/1000] loss0.011-|Sample:9.05|
EPOCH[807/1000] loss0.011-|Sample:9.34|
EPOCH[808/1000] loss0.011-|Sample:9.06|
EPOCH[809/1000] loss0.011-|Sample:9.07|
EPOCH[810/1000] loss0.011-|Sample:8.72|
[0;30;43m[TEST][0m
{'precision': array([0.05561324]), 'recall': array([0.1813722]), 'ndcg': array([0.15398139])}
EPOCH[811/1000] loss0.011-|Sample:8.93|
EPOCH[812/1000] loss0.011-|Sample:9.06|
EPOCH[813/1000] loss0.011-|Sample:8.87|
EPOCH[814/1000] loss0.011-|Sample:9.00|
EPOCH[815/1000] loss0.011-|Sample:9.10|
EPOCH[816/1000] loss0.011-|Sample:9.79|
EPOCH[817/1000] loss0.011-|Sample:8.92|
EPOCH[818/1000] loss0.011-|Sample:9.00|
EPOCH[819/1000] loss0.011-|Sample:8.91|
EPOCH[820/1000] loss0.011-|Sample:8.96|
[0;30;43m[TEST][0m
{'precision': array([0.05563501]), 'recall': array([0.18111837]), 'ndcg': array([0.1539832])}
EPOCH[821/1000] loss0.011-|Sample:8.96|
EPOCH[822/1000] loss0.011-|Sample:8.82|
EPOCH[823/1000] loss0.011-|Sample:8.97|
EPOCH[824/1000] loss0.011-|Sample:8.83|
EPOCH[825/1000] loss0.011-|Sample:8.98|
EPOCH[826/1000] loss0.011-|Sample:8.99|
EPOCH[827/1000] loss0.011-|Sample:9.03|
EPOCH[828/1000] loss0.011-|Sample:8.93|
EPOCH[829/1000] loss0.011-|Sample:8.93|
EPOCH[830/1000] loss0.011-|Sample:8.90|
[0;30;43m[TEST][0m
{'precision': array([0.05573548]), 'recall': array([0.18182884]), 'ndcg': array([0.1540949])}
EPOCH[831/1000] loss0.011-|Sample:8.94|
EPOCH[832/1000] loss0.011-|Sample:8.87|
EPOCH[833/1000] loss0.011-|Sample:9.22|
EPOCH[834/1000] loss0.011-|Sample:8.78|
EPOCH[835/1000] loss0.011-|Sample:8.90|
EPOCH[836/1000] loss0.011-|Sample:9.04|
EPOCH[837/1000] loss0.011-|Sample:9.12|
EPOCH[838/1000] loss0.011-|Sample:9.01|
EPOCH[839/1000] loss0.011-|Sample:8.96|
EPOCH[840/1000] loss0.011-|Sample:8.89|
[0;30;43m[TEST][0m
{'precision': array([0.05573716]), 'recall': array([0.18141237]), 'ndcg': array([0.15393096])}
EPOCH[841/1000] loss0.011-|Sample:8.92|
EPOCH[842/1000] loss0.011-|Sample:8.83|
EPOCH[843/1000] loss0.011-|Sample:9.20|
EPOCH[844/1000] loss0.011-|Sample:8.80|
EPOCH[845/1000] loss0.011-|Sample:8.95|
EPOCH[846/1000] loss0.011-|Sample:9.03|
EPOCH[847/1000] loss0.011-|Sample:9.18|
EPOCH[848/1000] loss0.011-|Sample:9.05|
EPOCH[849/1000] loss0.011-|Sample:8.83|
EPOCH[850/1000] loss0.011-|Sample:9.20|
[0;30;43m[TEST][0m
{'precision': array([0.05569027]), 'recall': array([0.1817523]), 'ndcg': array([0.15392213])}
EPOCH[851/1000] loss0.011-|Sample:8.78|
EPOCH[852/1000] loss0.011-|Sample:8.77|
EPOCH[853/1000] loss0.011-|Sample:8.95|
EPOCH[854/1000] loss0.011-|Sample:9.50|
EPOCH[855/1000] loss0.011-|Sample:9.00|
EPOCH[856/1000] loss0.011-|Sample:9.01|
EPOCH[857/1000] loss0.011-|Sample:8.90|
EPOCH[858/1000] loss0.011-|Sample:9.17|
EPOCH[859/1000] loss0.011-|Sample:9.06|
EPOCH[860/1000] loss0.011-|Sample:8.98|
[0;30;43m[TEST][0m
{'precision': array([0.05567855]), 'recall': array([0.1815282]), 'ndcg': array([0.15420113])}
EPOCH[861/1000] loss0.011-|Sample:8.96|
EPOCH[862/1000] loss0.011-|Sample:9.09|
EPOCH[863/1000] loss0.011-|Sample:8.94|
EPOCH[864/1000] loss0.011-|Sample:9.01|
EPOCH[865/1000] loss0.011-|Sample:9.05|
EPOCH[866/1000] loss0.011-|Sample:9.21|
EPOCH[867/1000] loss0.011-|Sample:9.01|
EPOCH[868/1000] loss0.011-|Sample:9.03|
EPOCH[869/1000] loss0.011-|Sample:9.28|
EPOCH[870/1000] loss0.011-|Sample:8.94|
[0;30;43m[TEST][0m
{'precision': array([0.05572711]), 'recall': array([0.18153494]), 'ndcg': array([0.15424724])}
EPOCH[871/1000] loss0.011-|Sample:8.78|
EPOCH[872/1000] loss0.011-|Sample:8.81|
EPOCH[873/1000] loss0.011-|Sample:9.17|
EPOCH[874/1000] loss0.011-|Sample:8.92|
EPOCH[875/1000] loss0.011-|Sample:8.94|
EPOCH[876/1000] loss0.011-|Sample:9.14|
EPOCH[877/1000] loss0.011-|Sample:8.97|
EPOCH[878/1000] loss0.011-|Sample:8.97|
EPOCH[879/1000] loss0.011-|Sample:9.01|
EPOCH[880/1000] loss0.011-|Sample:9.14|
[0;30;43m[TEST][0m
{'precision': array([0.05579242]), 'recall': array([0.18157219]), 'ndcg': array([0.15418573])}
EPOCH[881/1000] loss0.011-|Sample:9.34|
EPOCH[882/1000] loss0.011-|Sample:9.27|
EPOCH[883/1000] loss0.011-|Sample:9.51|
EPOCH[884/1000] loss0.011-|Sample:9.13|
EPOCH[885/1000] loss0.011-|Sample:9.20|
EPOCH[886/1000] loss0.011-|Sample:8.81|
EPOCH[887/1000] loss0.011-|Sample:8.91|
EPOCH[888/1000] loss0.011-|Sample:9.11|
EPOCH[889/1000] loss0.011-|Sample:9.08|
EPOCH[890/1000] loss0.011-|Sample:8.93|
[0;30;43m[TEST][0m
{'precision': array([0.05591131]), 'recall': array([0.18193503]), 'ndcg': array([0.15451158])}
EPOCH[891/1000] loss0.011-|Sample:9.31|
EPOCH[892/1000] loss0.011-|Sample:8.89|
EPOCH[893/1000] loss0.011-|Sample:9.12|
EPOCH[894/1000] loss0.011-|Sample:9.15|
EPOCH[895/1000] loss0.011-|Sample:9.39|
EPOCH[896/1000] loss0.011-|Sample:8.99|
EPOCH[897/1000] loss0.011-|Sample:8.97|
EPOCH[898/1000] loss0.011-|Sample:8.90|
EPOCH[899/1000] loss0.011-|Sample:8.94|
EPOCH[900/1000] loss0.011-|Sample:9.39|
[0;30;43m[TEST][0m
{'precision': array([0.05585605]), 'recall': array([0.1818771]), 'ndcg': array([0.15449084])}
EPOCH[901/1000] loss0.011-|Sample:9.16|
EPOCH[902/1000] loss0.011-|Sample:9.11|
EPOCH[903/1000] loss0.011-|Sample:9.06|
EPOCH[904/1000] loss0.011-|Sample:8.89|
EPOCH[905/1000] loss0.011-|Sample:9.21|
EPOCH[906/1000] loss0.011-|Sample:9.08|
EPOCH[907/1000] loss0.011-|Sample:8.99|
EPOCH[908/1000] loss0.011-|Sample:8.97|
EPOCH[909/1000] loss0.011-|Sample:8.98|
EPOCH[910/1000] loss0.011-|Sample:9.03|
[0;30;43m[TEST][0m
{'precision': array([0.05581586]), 'recall': array([0.18183852]), 'ndcg': array([0.1543181])}
EPOCH[911/1000] loss0.011-|Sample:8.98|
EPOCH[912/1000] loss0.011-|Sample:9.21|
EPOCH[913/1000] loss0.011-|Sample:9.19|
EPOCH[914/1000] loss0.011-|Sample:9.07|
EPOCH[915/1000] loss0.011-|Sample:8.89|
EPOCH[916/1000] loss0.011-|Sample:9.10|
EPOCH[917/1000] loss0.011-|Sample:9.04|
EPOCH[918/1000] loss0.011-|Sample:9.31|
EPOCH[919/1000] loss0.011-|Sample:9.02|
EPOCH[920/1000] loss0.011-|Sample:9.35|
[0;30;43m[TEST][0m
{'precision': array([0.05581084]), 'recall': array([0.18172574]), 'ndcg': array([0.15452822])}
EPOCH[921/1000] loss0.011-|Sample:8.95|
EPOCH[922/1000] loss0.011-|Sample:9.39|
EPOCH[923/1000] loss0.011-|Sample:9.08|
EPOCH[924/1000] loss0.011-|Sample:8.94|
EPOCH[925/1000] loss0.011-|Sample:9.05|
EPOCH[926/1000] loss0.011-|Sample:9.02|
EPOCH[927/1000] loss0.011-|Sample:9.20|
EPOCH[928/1000] loss0.011-|Sample:8.93|
EPOCH[929/1000] loss0.011-|Sample:9.00|
EPOCH[930/1000] loss0.011-|Sample:8.92|
[0;30;43m[TEST][0m
{'precision': array([0.05588452]), 'recall': array([0.18172603]), 'ndcg': array([0.15444962])}
EPOCH[931/1000] loss0.011-|Sample:8.95|
EPOCH[932/1000] loss0.011-|Sample:9.05|
EPOCH[933/1000] loss0.011-|Sample:8.98|
EPOCH[934/1000] loss0.011-|Sample:8.95|
EPOCH[935/1000] loss0.011-|Sample:8.94|
EPOCH[936/1000] loss0.011-|Sample:8.94|
EPOCH[937/1000] loss0.011-|Sample:8.91|
EPOCH[938/1000] loss0.011-|Sample:8.93|
EPOCH[939/1000] loss0.011-|Sample:9.11|
EPOCH[940/1000] loss0.011-|Sample:8.92|
[0;30;43m[TEST][0m
{'precision': array([0.05586945]), 'recall': array([0.18198192]), 'ndcg': array([0.15432017])}
EPOCH[941/1000] loss0.011-|Sample:8.83|
EPOCH[942/1000] loss0.011-|Sample:9.00|
EPOCH[943/1000] loss0.011-|Sample:8.96|
EPOCH[944/1000] loss0.011-|Sample:9.00|
EPOCH[945/1000] loss0.011-|Sample:9.03|
EPOCH[946/1000] loss0.011-|Sample:8.80|
EPOCH[947/1000] loss0.011-|Sample:8.99|
EPOCH[948/1000] loss0.011-|Sample:9.04|
EPOCH[949/1000] loss0.011-|Sample:9.00|
EPOCH[950/1000] loss0.011-|Sample:8.74|
[0;30;43m[TEST][0m
{'precision': array([0.05596155]), 'recall': array([0.18250429]), 'ndcg': array([0.15455674])}
EPOCH[951/1000] loss0.011-|Sample:8.94|
EPOCH[952/1000] loss0.011-|Sample:9.09|
EPOCH[953/1000] loss0.011-|Sample:8.78|
EPOCH[954/1000] loss0.011-|Sample:8.95|
EPOCH[955/1000] loss0.011-|Sample:8.94|
EPOCH[956/1000] loss0.011-|Sample:8.96|
EPOCH[957/1000] loss0.011-|Sample:8.90|
EPOCH[958/1000] loss0.011-|Sample:8.89|
EPOCH[959/1000] loss0.011-|Sample:8.80|
EPOCH[960/1000] loss0.011-|Sample:8.92|
[0;30;43m[TEST][0m
{'precision': array([0.05594815]), 'recall': array([0.18233179]), 'ndcg': array([0.1544709])}
EPOCH[961/1000] loss0.011-|Sample:8.92|
EPOCH[962/1000] loss0.011-|Sample:8.87|
EPOCH[963/1000] loss0.011-|Sample:9.01|
EPOCH[964/1000] loss0.011-|Sample:8.84|
EPOCH[965/1000] loss0.011-|Sample:8.92|
EPOCH[966/1000] loss0.011-|Sample:8.96|
EPOCH[967/1000] loss0.011-|Sample:9.04|
EPOCH[968/1000] loss0.011-|Sample:8.83|
EPOCH[969/1000] loss0.011-|Sample:8.92|
EPOCH[970/1000] loss0.011-|Sample:8.92|
[0;30;43m[TEST][0m
{'precision': array([0.05580414]), 'recall': array([0.18187222]), 'ndcg': array([0.15428137])}
EPOCH[971/1000] loss0.011-|Sample:8.98|
EPOCH[972/1000] loss0.011-|Sample:8.79|
EPOCH[973/1000] loss0.011-|Sample:8.97|
EPOCH[974/1000] loss0.011-|Sample:8.80|
EPOCH[975/1000] loss0.011-|Sample:8.98|
EPOCH[976/1000] loss0.011-|Sample:9.02|
EPOCH[977/1000] loss0.011-|Sample:8.97|
EPOCH[978/1000] loss0.011-|Sample:8.97|
EPOCH[979/1000] loss0.011-|Sample:9.00|
EPOCH[980/1000] loss0.011-|Sample:8.82|
[0;30;43m[TEST][0m
{'precision': array([0.05574385]), 'recall': array([0.18141825]), 'ndcg': array([0.15401141])}
EPOCH[981/1000] loss0.011-|Sample:8.97|
EPOCH[982/1000] loss0.011-|Sample:8.87|
EPOCH[983/1000] loss0.011-|Sample:9.23|
EPOCH[984/1000] loss0.011-|Sample:8.91|
EPOCH[985/1000] loss0.011-|Sample:9.25|
EPOCH[986/1000] loss0.011-|Sample:9.08|
EPOCH[987/1000] loss0.011-|Sample:9.07|
EPOCH[988/1000] loss0.011-|Sample:9.08|
EPOCH[989/1000] loss0.011-|Sample:8.96|
EPOCH[990/1000] loss0.011-|Sample:9.35|
[0;30;43m[TEST][0m
{'precision': array([0.05582926]), 'recall': array([0.18211619]), 'ndcg': array([0.15446762])}
EPOCH[991/1000] loss0.011-|Sample:9.05|
EPOCH[992/1000] loss0.011-|Sample:8.97|
EPOCH[993/1000] loss0.011-|Sample:9.02|
EPOCH[994/1000] loss0.011-|Sample:9.07|
EPOCH[995/1000] loss0.011-|Sample:9.03|
EPOCH[996/1000] loss0.011-|Sample:9.02|
EPOCH[997/1000] loss0.011-|Sample:9.04|
EPOCH[998/1000] loss0.011-|Sample:9.08|
EPOCH[999/1000] loss0.011-|Sample:8.97|
EPOCH[1000/1000] loss0.011-|Sample:8.93|
