/mnt/WangchengTao/code/hkuds/RecEraser-PyTorch/code/dataloaders.py:134: RuntimeWarning: divide by zero encountered in power
  d_inv = np.power(rowsum, -0.5).flatten()  # å› ä¸ºæœ‰çš„è¡Œæ²¡æœ‰æ•°æ®æ‰€ä»¥ä¼šæœ‰é™¤ä»¥0çš„é—®é¢˜å­˜åœ¨
[0;30;43m
â–ˆâ–ˆâ–ˆâ–ˆâ–ˆâ–ˆâ•— â–ˆâ–ˆâ–ˆâ–ˆâ–ˆâ–ˆâ–ˆâ•— â–ˆâ–ˆâ–ˆâ–ˆâ–ˆâ–ˆâ•—â–ˆâ–ˆâ–ˆâ–ˆâ–ˆâ–ˆâ–ˆâ•—â–ˆâ–ˆâ–ˆâ–ˆâ–ˆâ–ˆâ•—  â–ˆâ–ˆâ–ˆâ–ˆâ–ˆâ•— â–ˆâ–ˆâ–ˆâ–ˆâ–ˆâ–ˆâ–ˆâ•—â–ˆâ–ˆâ–ˆâ–ˆâ–ˆâ–ˆâ–ˆâ•—â–ˆâ–ˆâ–ˆâ–ˆâ–ˆâ–ˆâ•— 
â–ˆâ–ˆâ•”â•â•â–ˆâ–ˆâ•—â–ˆâ–ˆâ•”â•â•â•â•â•â–ˆâ–ˆâ•”â•â•â•â•â•â–ˆâ–ˆâ•”â•â•â•â•â•â–ˆâ–ˆâ•”â•â•â–ˆâ–ˆâ•—â–ˆâ–ˆâ•”â•â•â–ˆâ–ˆâ•—â–ˆâ–ˆâ•”â•â•â•â•â•â–ˆâ–ˆâ•”â•â•â•â•â•â–ˆâ–ˆâ•”â•â•â–ˆâ–ˆâ•—
â–ˆâ–ˆâ–ˆâ–ˆâ–ˆâ–ˆâ•”â•â–ˆâ–ˆâ–ˆâ–ˆâ–ˆâ•—  â–ˆâ–ˆâ•‘     â–ˆâ–ˆâ–ˆâ–ˆâ–ˆâ•—  â–ˆâ–ˆâ–ˆâ–ˆâ–ˆâ–ˆâ•”â•â–ˆâ–ˆâ–ˆâ–ˆâ–ˆâ–ˆâ–ˆâ•‘â–ˆâ–ˆâ–ˆâ–ˆâ–ˆâ–ˆâ–ˆâ•—â–ˆâ–ˆâ–ˆâ–ˆâ–ˆâ•—  â–ˆâ–ˆâ–ˆâ–ˆâ–ˆâ–ˆâ•”â•
â–ˆâ–ˆâ•”â•â•â–ˆâ–ˆâ•—â–ˆâ–ˆâ•”â•â•â•  â–ˆâ–ˆâ•‘     â–ˆâ–ˆâ•”â•â•â•  â–ˆâ–ˆâ•”â•â•â–ˆâ–ˆâ•—â–ˆâ–ˆâ•”â•â•â–ˆâ–ˆâ•‘â•šâ•â•â•â•â–ˆâ–ˆâ•‘â–ˆâ–ˆâ•”â•â•â•  â–ˆâ–ˆâ•”â•â•â–ˆâ–ˆâ•—
â–ˆâ–ˆâ•‘  â–ˆâ–ˆâ•‘â–ˆâ–ˆâ–ˆâ–ˆâ–ˆâ–ˆâ–ˆâ•—â•šâ–ˆâ–ˆâ–ˆâ–ˆâ–ˆâ–ˆâ•—â–ˆâ–ˆâ–ˆâ–ˆâ–ˆâ–ˆâ–ˆâ•—â–ˆâ–ˆâ•‘  â–ˆâ–ˆâ•‘â–ˆâ–ˆâ•‘  â–ˆâ–ˆâ•‘â–ˆâ–ˆâ–ˆâ–ˆâ–ˆâ–ˆâ–ˆâ•‘â–ˆâ–ˆâ–ˆâ–ˆâ–ˆâ–ˆâ–ˆâ•—â–ˆâ–ˆâ•‘  â–ˆâ–ˆâ•‘
â•šâ•â•  â•šâ•â•â•šâ•â•â•â•â•â•â• â•šâ•â•â•â•â•â•â•šâ•â•â•â•â•â•â•â•šâ•â•  â•šâ•â•â•šâ•â•  â•šâ•â•â•šâ•â•â•â•â•â•â•â•šâ•â•â•â•â•â•â•â•šâ•â•  â•šâ•â•
[0m
{'è·¯å¾„é…ç½®': {'root_path': '/mnt/WangchengTao/code/hkuds/RecEraser-PyTorch',
          'code_path': '/mnt/WangchengTao/code/hkuds/RecEraser-PyTorch/code',
          'data_path': '/mnt/WangchengTao/code/hkuds/RecEraser-PyTorch/data',
          'tensorboard_path': '/mnt/WangchengTao/code/hkuds/RecEraser-PyTorch/code/runs',
          'weights_path': '/mnt/WangchengTao/code/hkuds/RecEraser-PyTorch/code/checkpoints'},
 'æ¨¡åž‹é…ç½®&&æ•°æ®é›†é…ç½®': {'model_name': 'LightGCN',
                 'dataset_name': 'ml-1m',
                 'data_partition': False,
                 'num_shards': 10},
 'è¶…å‚æ•°é…ç½®': {'epochs': 1000,
           'topks': [20],
           'embedding_size': 64,
           'train_batch_size': 2048,
           'test_batch_size': 100,
           'layers': 3,
           'lr': 0.001,
           'decay': 0.0001,
           'dropout': False,
           'keep_prob': 0.6},
 'è®¾å¤‡é…ç½®': {'device': device(type='cuda'), 'seed': 2020},
 'å…¶å®ƒé…ç½®': {'pretrain': False,
          'a_hat_split': False,
          'a_hat_folds': 100,
          'multicore': False,
          'tensorboard': True}}
>>SEED: 2020
[0;30;43mloading [/mnt/WangchengTao/code/hkuds/RecEraser-PyTorch/data/ml-1m][0m
[0;30;43mloading adjacency matrix[0m
don't split the matrix
[0;30;43mcosting 7.108642578125s, loaded norm_mat...[0m
720152 interactions for training
200041 interactions for testing
ml-1m Sparsity : 0.04110896773801567
ml-1m is ready to go
31812
86418
30663
61485
86418
86418
86418
77684
86418
86418
0 31.699121713638306
86418
24110
37803
86418
56789
86418
86418
86418
86418
82942
1 1.4097910259330826e-08
48721
70041
85187
83194
53746
59333
70412
86418
76682
86418
2 2.66973916200142e-09
44103
85687
77438
70073
68096
80263
68590
81409
58075
86418
3 1.234133123589865e-10
39741
86418
86418
64350
75057
86418
69445
77099
48788
86418
4 3.048269021377932e-11
37856
86418
86418
63878
83678
86418
68187
76267
44614
86418
5 1.9294330598709085e-12
38719
86418
86418
64342
86418
84992
65413
76714
44300
86418
6 7.806268970455365e-13
40974
86418
86418
65265
86418
83815
62734
77093
44599
86418
7 4.489202685380653e-13
43472
86418
86418
66502
86418
82649
60188
77236
44433
86418
8 4.207234128460707e-13
46291
86418
86418
67950
86418
81184
57719
77522
43814
86418
9 4.794384841356615e-13
48788
86418
86418
69343
86418
79427
55584
77866
43472
86418
10 5.080753951131209e-13
51083
86418
86418
70755
86418
77450
53825
78079
43288
86418
11 5.729567142794591e-13
53049
86418
86418
72084
86418
75342
52424
78127
43454
86418
12 7.573559088154912e-13
54761
86418
86418
73336
86418
73074
51233
78050
44026
86418
13 1.1113423218850011e-12
56352
86418
86418
74618
86418
70547
49970
77912
45081
86418
14 1.5739753452475597e-12
57869
86418
86418
76164
86418
67377
48561
77826
46683
86418
15 1.834216053199487e-12
59405
86418
86418
78082
86418
63605
46811
77830
48747
86418
16 1.638235716064306e-12
61038
86418
86418
80355
86418
59367
44927
77738
51055
86418
17 1.169648779671228e-12
62505
86418
86418
82673
86418
54957
43372
77544
53429
86418
18 8.892287092426257e-13
63935
86418
86418
84417
86418
51264
42268
77467
55129
86418
19 4.481146172663351e-13
65428
86418
86418
85400
86418
48574
41508
77380
56190
86418
20 1.9833202571658315e-13
66708
86418
86418
85672
86418
46650
41048
77366
57036
86418
21 6.625666062714016e-14
67891
86418
86418
85590
86418
45399
40721
77295
57584
86418
22 2.001539710653708e-14
68838
86418
86418
85324
86418
44529
40535
77253
58001
86418
23 8.27725520552602e-15
69679
86418
86418
85139
86418
43636
40414
77246
58366
86418
24 3.832638163828095e-15
70427
86418
86418
84826
86418
42996
40364
77242
58625
86418
25 1.927010632407592e-15
71088
86418
86418
84490
86418
42497
40329
77253
58823
86418
26 1.1045139273870303e-15
71677
86418
86418
84089
86418
42124
40313
77275
59002
86418
27 6.571071521732036e-16
72231
86418
86418
83710
86418
41859
40327
77241
59112
86418
28 4.1965033513245957e-16
72693
86418
86418
83341
86418
41660
40365
77199
59222
86418
29 2.5507326506563305e-16
73106
86418
86418
83023
86418
41509
40422
77074
59346
86418
30 1.569001119247455e-16
73492
86418
86418
82738
86418
41407
40524
76908
59411
86418
31 9.101977050281411e-17
73866
86418
86418
82505
86418
41334
40632
76720
59423
86418
32 4.944866590415558e-17
74199
86418
86418
82287
86418
41284
40730
76552
59428
86418
33 4.4307309011236826e-17
74520
86418
86418
82102
86418
41235
40836
76371
59416
86418
34 4.2901667447405916e-17
74836
86418
86418
81941
86418
41202
40959
76159
59383
86418
35 5.71433716865122e-17
75041
86418
86418
81891
86418
41201
41088
75900
59359
86418
36 4.581637551786538e-17
75108
86418
86418
81946
86418
41216
41206
75630
59374
86418
37 5.569388897405722e-17
75105
86418
86418
82059
86418
41265
41292
75355
59404
86418
38 5.212481809007118e-17
75071
86418
86418
82192
86418
41337
41361
75088
59431
86418
39 5.815855761443927e-17
75024
86418
86418
82361
86418
41420
41453
74760
59462
86418
40 8.1569286360421e-17
74954
86418
86418
82553
86418
41503
41573
74398
59499
86418
41 1.3067969512664061e-16
74946
86418
86418
82675
86418
41593
41691
74073
59502
86418
42 1.5498389742588385e-16
74991
86418
86418
82791
86418
41658
41805
73702
59533
86418
43 2.1582817001075033e-16
75002
86418
86418
82887
86418
41727
41934
73344
59586
86418
44 2.57306092708558e-16
75043
86418
86418
82954
86418
41803
42073
72999
59608
86418
45 2.4534627193804095e-16
75046
86418
86418
82991
86418
41860
42205
72742
59636
86418
46 2.2412978678043855e-16
75033
86418
86418
83026
86418
41945
42296
72542
59638
86418
47 1.8250487425347885e-16
74981
86418
86418
83115
86418
42014
42427
72311
59632
86418
48 1.5377192213941028e-16
74893
86418
86418
83170
86418
42116
42557
72110
59634
86418
49 1.5325415179762538e-16
[0;30;43mloading adjacency matrix[0m
[0;30;43mcosting 21.24424910545349s, loaded norm_mat...[0m
training nums of each local data:
[74893, 86418, 86418, 83170, 86418, 42116, 42557, 72110, 59634, 86418]
[0;30;43muse NORMAL distribution initilizer[0m
LightGCN is already to go(dropout:False)
load and save to /mnt/WangchengTao/code/hkuds/RecEraser-PyTorch/code/checkpoints/LightGCN-ml-1m-3-64.pth.tar
[0;30;43m[TEST]EPOCH[0][0m
{'precision': array([0.00998508]), 'recall': array([0.00569689]), 'ndcg': array([0.01051378])}
EPOCH[1/1000] loss0.500-|Sample:6.38|
EPOCH[2/1000] loss0.341-|Sample:6.16|
EPOCH[3/1000] loss0.332-|Sample:6.27|
EPOCH[4/1000] loss0.322-|Sample:6.18|
EPOCH[5/1000] loss0.310-|Sample:6.27|
EPOCH[6/1000] loss0.298-|Sample:6.20|
EPOCH[7/1000] loss0.286-|Sample:6.28|
EPOCH[8/1000] loss0.274-|Sample:6.19|
EPOCH[9/1000] loss0.262-|Sample:6.24|
EPOCH[10/1000] loss0.254-|Sample:5.98|
[0;30;43m[TEST]EPOCH[10][0m
{'precision': array([0.17543089]), 'recall': array([0.144388]), 'ndcg': array([0.22453026])}
EPOCH[11/1000] loss0.246-|Sample:5.93|
EPOCH[12/1000] loss0.240-|Sample:6.18|
EPOCH[13/1000] loss0.234-|Sample:5.91|
EPOCH[14/1000] loss0.229-|Sample:5.99|
EPOCH[15/1000] loss0.225-|Sample:5.97|
EPOCH[16/1000] loss0.222-|Sample:6.10|
EPOCH[17/1000] loss0.215-|Sample:6.09|
EPOCH[18/1000] loss0.212-|Sample:5.94|
EPOCH[19/1000] loss0.208-|Sample:6.07|
EPOCH[20/1000] loss0.203-|Sample:6.04|
[0;30;43m[TEST]EPOCH[20][0m
{'precision': array([0.20181472]), 'recall': array([0.17062028]), 'ndcg': array([0.26047689])}
EPOCH[21/1000] loss0.202-|Sample:6.01|
EPOCH[22/1000] loss0.198-|Sample:6.05|
EPOCH[23/1000] loss0.194-|Sample:5.99|
EPOCH[24/1000] loss0.191-|Sample:6.06|
EPOCH[25/1000] loss0.189-|Sample:5.85|
EPOCH[26/1000] loss0.186-|Sample:6.04|
EPOCH[27/1000] loss0.183-|Sample:5.96|
EPOCH[28/1000] loss0.180-|Sample:6.03|
EPOCH[29/1000] loss0.177-|Sample:5.97|
EPOCH[30/1000] loss0.175-|Sample:6.07|
[0;30;43m[TEST]EPOCH[30][0m
{'precision': array([0.22220749]), 'recall': array([0.1942416]), 'ndcg': array([0.28902731])}
EPOCH[31/1000] loss0.172-|Sample:6.03|
EPOCH[32/1000] loss0.170-|Sample:5.89|
EPOCH[33/1000] loss0.168-|Sample:6.03|
EPOCH[34/1000] loss0.165-|Sample:5.99|
EPOCH[35/1000] loss0.163-|Sample:5.98|
EPOCH[36/1000] loss0.161-|Sample:6.02|
EPOCH[37/1000] loss0.159-|Sample:5.99|
EPOCH[38/1000] loss0.158-|Sample:6.04|
EPOCH[39/1000] loss0.156-|Sample:5.98|
EPOCH[40/1000] loss0.155-|Sample:5.96|
[0;30;43m[TEST]EPOCH[40][0m
{'precision': array([0.23510938]), 'recall': array([0.20865762]), 'ndcg': array([0.306073])}
EPOCH[41/1000] loss0.153-|Sample:6.10|
EPOCH[42/1000] loss0.151-|Sample:5.98|
EPOCH[43/1000] loss0.150-|Sample:5.97|
EPOCH[44/1000] loss0.148-|Sample:6.02|
EPOCH[45/1000] loss0.148-|Sample:6.01|
EPOCH[46/1000] loss0.145-|Sample:5.85|
EPOCH[47/1000] loss0.144-|Sample:6.03|
EPOCH[48/1000] loss0.143-|Sample:5.99|
EPOCH[49/1000] loss0.142-|Sample:6.04|
EPOCH[50/1000] loss0.141-|Sample:6.07|
[0;30;43m[TEST]EPOCH[50][0m
{'precision': array([0.24128273]), 'recall': array([0.21572107]), 'ndcg': array([0.3134224])}
EPOCH[51/1000] loss0.140-|Sample:6.05|
EPOCH[52/1000] loss0.138-|Sample:6.04|
EPOCH[53/1000] loss0.138-|Sample:5.91|
EPOCH[54/1000] loss0.137-|Sample:6.07|
EPOCH[55/1000] loss0.135-|Sample:6.00|
EPOCH[56/1000] loss0.134-|Sample:6.02|
EPOCH[57/1000] loss0.134-|Sample:6.07|
EPOCH[58/1000] loss0.133-|Sample:6.06|
EPOCH[59/1000] loss0.132-|Sample:6.05|
EPOCH[60/1000] loss0.131-|Sample:5.90|
[0;30;43m[TEST]EPOCH[60][0m
{'precision': array([0.24482101]), 'recall': array([0.22027511]), 'ndcg': array([0.31878404])}
EPOCH[61/1000] loss0.130-|Sample:6.02|
EPOCH[62/1000] loss0.129-|Sample:6.06|
EPOCH[63/1000] loss0.129-|Sample:6.04|
EPOCH[64/1000] loss0.127-|Sample:6.01|
EPOCH[65/1000] loss0.127-|Sample:6.22|
EPOCH[66/1000] loss0.127-|Sample:6.34|
EPOCH[67/1000] loss0.125-|Sample:6.00|
EPOCH[68/1000] loss0.124-|Sample:5.98|
EPOCH[69/1000] loss0.124-|Sample:5.99|
EPOCH[70/1000] loss0.123-|Sample:6.01|
[0;30;43m[TEST]EPOCH[70][0m
{'precision': array([0.24776268]), 'recall': array([0.22321252]), 'ndcg': array([0.32135139])}
EPOCH[71/1000] loss0.122-|Sample:6.01|
EPOCH[72/1000] loss0.122-|Sample:5.96|
EPOCH[73/1000] loss0.122-|Sample:6.01|
EPOCH[74/1000] loss0.121-|Sample:5.89|
EPOCH[75/1000] loss0.120-|Sample:6.01|
EPOCH[76/1000] loss0.119-|Sample:5.97|
EPOCH[77/1000] loss0.119-|Sample:5.99|
EPOCH[78/1000] loss0.118-|Sample:5.96|
EPOCH[79/1000] loss0.118-|Sample:6.05|
EPOCH[80/1000] loss0.118-|Sample:6.02|
[0;30;43m[TEST]EPOCH[80][0m
{'precision': array([0.25019887]), 'recall': array([0.22673682]), 'ndcg': array([0.32431924])}
EPOCH[81/1000] loss0.117-|Sample:5.86|
EPOCH[82/1000] loss0.116-|Sample:5.98|
EPOCH[83/1000] loss0.115-|Sample:5.99|
EPOCH[84/1000] loss0.115-|Sample:6.00|
EPOCH[85/1000] loss0.115-|Sample:5.99|
EPOCH[86/1000] loss0.114-|Sample:6.01|
EPOCH[87/1000] loss0.113-|Sample:5.98|
EPOCH[88/1000] loss0.113-|Sample:5.86|
EPOCH[89/1000] loss0.113-|Sample:6.01|
EPOCH[90/1000] loss0.113-|Sample:5.97|
[0;30;43m[TEST]EPOCH[90][0m
{'precision': array([0.25175671]), 'recall': array([0.22911159]), 'ndcg': array([0.32546437])}
EPOCH[91/1000] loss0.112-|Sample:6.13|
EPOCH[92/1000] loss0.112-|Sample:6.08|
EPOCH[93/1000] loss0.111-|Sample:6.14|
EPOCH[94/1000] loss0.110-|Sample:6.17|
EPOCH[95/1000] loss0.109-|Sample:5.91|
EPOCH[96/1000] loss0.110-|Sample:5.97|
EPOCH[97/1000] loss0.109-|Sample:5.99|
EPOCH[98/1000] loss0.109-|Sample:6.03|
EPOCH[99/1000] loss0.108-|Sample:6.12|
EPOCH[100/1000] loss0.108-|Sample:6.10|
[0;30;43m[TEST]EPOCH[100][0m
{'precision': array([0.25264335]), 'recall': array([0.23027889]), 'ndcg': array([0.32712009])}
EPOCH[101/1000] loss0.107-|Sample:6.03|
EPOCH[102/1000] loss0.107-|Sample:5.87|
EPOCH[103/1000] loss0.107-|Sample:5.97|
EPOCH[104/1000] loss0.106-|Sample:6.03|
EPOCH[105/1000] loss0.106-|Sample:6.01|
EPOCH[106/1000] loss0.105-|Sample:6.00|
EPOCH[107/1000] loss0.105-|Sample:5.98|
EPOCH[108/1000] loss0.104-|Sample:5.99|
EPOCH[109/1000] loss0.104-|Sample:5.86|
EPOCH[110/1000] loss0.104-|Sample:5.99|
[0;30;43m[TEST]EPOCH[110][0m
{'precision': array([0.25391946]), 'recall': array([0.23192687]), 'ndcg': array([0.32828109])}
EPOCH[111/1000] loss0.104-|Sample:6.13|
EPOCH[112/1000] loss0.103-|Sample:6.00|
EPOCH[113/1000] loss0.103-|Sample:6.01|
EPOCH[114/1000] loss0.102-|Sample:6.07|
EPOCH[115/1000] loss0.102-|Sample:6.01|
EPOCH[116/1000] loss0.102-|Sample:5.86|
EPOCH[117/1000] loss0.102-|Sample:5.95|
EPOCH[118/1000] loss0.101-|Sample:5.99|
EPOCH[119/1000] loss0.101-|Sample:5.99|
EPOCH[120/1000] loss0.100-|Sample:5.97|
[0;30;43m[TEST]EPOCH[120][0m
{'precision': array([0.25452436]), 'recall': array([0.23297141]), 'ndcg': array([0.32910037])}
EPOCH[121/1000] loss0.100-|Sample:5.98|
EPOCH[122/1000] loss0.100-|Sample:6.00|
EPOCH[123/1000] loss0.100-|Sample:5.88|
EPOCH[124/1000] loss0.100-|Sample:5.97|
EPOCH[125/1000] loss0.099-|Sample:5.98|
EPOCH[126/1000] loss0.099-|Sample:6.00|
EPOCH[127/1000] loss0.098-|Sample:6.00|
EPOCH[128/1000] loss0.098-|Sample:6.02|
EPOCH[129/1000] loss0.098-|Sample:6.09|
EPOCH[130/1000] loss0.098-|Sample:5.88|
[0;30;43m[TEST]EPOCH[130][0m
{'precision': array([0.25508784]), 'recall': array([0.23318926]), 'ndcg': array([0.32970024])}
EPOCH[131/1000] loss0.098-|Sample:6.00|
EPOCH[132/1000] loss0.098-|Sample:6.02|
EPOCH[133/1000] loss0.097-|Sample:6.05|
EPOCH[134/1000] loss0.097-|Sample:6.03|
EPOCH[135/1000] loss0.097-|Sample:6.03|
EPOCH[136/1000] loss0.096-|Sample:6.07|
EPOCH[137/1000] loss0.096-|Sample:5.90|
EPOCH[138/1000] loss0.096-|Sample:6.00|
EPOCH[139/1000] loss0.096-|Sample:5.99|
EPOCH[140/1000] loss0.095-|Sample:6.03|
[0;30;43m[TEST]EPOCH[140][0m
{'precision': array([0.2550464]), 'recall': array([0.23292984]), 'ndcg': array([0.32962911])}
EPOCH[141/1000] loss0.095-|Sample:6.01|
EPOCH[142/1000] loss0.094-|Sample:6.01|
EPOCH[143/1000] loss0.095-|Sample:6.01|
EPOCH[144/1000] loss0.095-|Sample:5.86|
EPOCH[145/1000] loss0.094-|Sample:5.98|
EPOCH[146/1000] loss0.093-|Sample:6.00|
EPOCH[147/1000] loss0.094-|Sample:6.05|
EPOCH[148/1000] loss0.094-|Sample:6.00|
EPOCH[149/1000] loss0.094-|Sample:5.99|
EPOCH[150/1000] loss0.093-|Sample:6.03|
[0;30;43m[TEST]EPOCH[150][0m
{'precision': array([0.2557756]), 'recall': array([0.23367228]), 'ndcg': array([0.33026774])}
EPOCH[151/1000] loss0.093-|Sample:5.87|
EPOCH[152/1000] loss0.093-|Sample:5.99|
EPOCH[153/1000] loss0.093-|Sample:6.00|
EPOCH[154/1000] loss0.092-|Sample:6.00|
EPOCH[155/1000] loss0.092-|Sample:6.06|
EPOCH[156/1000] loss0.092-|Sample:6.03|
EPOCH[157/1000] loss0.092-|Sample:6.02|
EPOCH[158/1000] loss0.091-|Sample:5.85|
EPOCH[159/1000] loss0.092-|Sample:5.99|
EPOCH[160/1000] loss0.092-|Sample:5.99|
[0;30;43m[TEST]EPOCH[160][0m
{'precision': array([0.25561816]), 'recall': array([0.23419642]), 'ndcg': array([0.33020134])}
EPOCH[161/1000] loss0.091-|Sample:5.97|
EPOCH[162/1000] loss0.091-|Sample:5.98|
EPOCH[163/1000] loss0.090-|Sample:6.08|
EPOCH[164/1000] loss0.090-|Sample:5.98|
EPOCH[165/1000] loss0.090-|Sample:5.89|
EPOCH[166/1000] loss0.090-|Sample:5.95|
EPOCH[167/1000] loss0.090-|Sample:6.02|
EPOCH[168/1000] loss0.090-|Sample:5.95|
EPOCH[169/1000] loss0.090-|Sample:5.96|
EPOCH[170/1000] loss0.089-|Sample:6.07|
[0;30;43m[TEST]EPOCH[170][0m
{'precision': array([0.25567617]), 'recall': array([0.2333272]), 'ndcg': array([0.33016428])}
EPOCH[171/1000] loss0.089-|Sample:6.03|
EPOCH[172/1000] loss0.090-|Sample:5.88|
EPOCH[173/1000] loss0.089-|Sample:5.97|
EPOCH[174/1000] loss0.089-|Sample:5.98|
EPOCH[175/1000] loss0.088-|Sample:5.98|
EPOCH[176/1000] loss0.089-|Sample:5.99|
EPOCH[177/1000] loss0.088-|Sample:6.10|
EPOCH[178/1000] loss0.088-|Sample:6.17|
EPOCH[179/1000] loss0.088-|Sample:5.86|
EPOCH[180/1000] loss0.088-|Sample:6.02|
[0;30;43m[TEST]EPOCH[180][0m
{'precision': array([0.25474809]), 'recall': array([0.23226774]), 'ndcg': array([0.32893769])}
EPOCH[181/1000] loss0.088-|Sample:6.00|
EPOCH[182/1000] loss0.088-|Sample:6.11|
EPOCH[183/1000] loss0.088-|Sample:6.11|
EPOCH[184/1000] loss0.087-|Sample:6.10|
EPOCH[185/1000] loss0.087-|Sample:6.02|
EPOCH[186/1000] loss0.087-|Sample:5.91|
EPOCH[187/1000] loss0.087-|Sample:6.05|
EPOCH[188/1000] loss0.087-|Sample:6.07|
EPOCH[189/1000] loss0.087-|Sample:7.04|
EPOCH[190/1000] loss0.087-|Sample:6.12|
[0;30;43m[TEST]EPOCH[190][0m
{'precision': array([0.25519556]), 'recall': array([0.23272169]), 'ndcg': array([0.3296359])}
EPOCH[191/1000] loss0.086-|Sample:6.09|
EPOCH[192/1000] loss0.086-|Sample:6.05|
EPOCH[193/1000] loss0.087-|Sample:5.92|
EPOCH[194/1000] loss0.087-|Sample:6.06|
EPOCH[195/1000] loss0.086-|Sample:5.98|
EPOCH[196/1000] loss0.085-|Sample:6.03|
EPOCH[197/1000] loss0.086-|Sample:6.09|
EPOCH[198/1000] loss0.086-|Sample:6.13|
EPOCH[199/1000] loss0.086-|Sample:6.14|
EPOCH[200/1000] loss0.086-|Sample:5.97|
[0;30;43m[TEST]EPOCH[200][0m
{'precision': array([0.25391117]), 'recall': array([0.23173282]), 'ndcg': array([0.32821213])}
EPOCH[201/1000] loss0.085-|Sample:6.00|
EPOCH[202/1000] loss0.085-|Sample:6.07|
EPOCH[203/1000] loss0.085-|Sample:6.09|
EPOCH[204/1000] loss0.085-|Sample:6.09|
EPOCH[205/1000] loss0.085-|Sample:6.04|
EPOCH[206/1000] loss0.085-|Sample:6.11|
EPOCH[207/1000] loss0.085-|Sample:5.86|
EPOCH[208/1000] loss0.085-|Sample:6.04|
EPOCH[209/1000] loss0.084-|Sample:5.97|
EPOCH[210/1000] loss0.084-|Sample:6.09|
[0;30;43m[TEST]EPOCH[210][0m
{'precision': array([0.25331455]), 'recall': array([0.23149381]), 'ndcg': array([0.3281591])}
EPOCH[211/1000] loss0.084-|Sample:6.06|
EPOCH[212/1000] loss0.084-|Sample:5.99|
EPOCH[213/1000] loss0.084-|Sample:6.06|
EPOCH[214/1000] loss0.084-|Sample:5.90|
EPOCH[215/1000] loss0.084-|Sample:5.98|
EPOCH[216/1000] loss0.084-|Sample:6.06|
EPOCH[217/1000] loss0.084-|Sample:5.99|
EPOCH[218/1000] loss0.084-|Sample:6.16|
EPOCH[219/1000] loss0.084-|Sample:6.07|
EPOCH[220/1000] loss0.084-|Sample:6.32|
[0;30;43m[TEST]EPOCH[220][0m
{'precision': array([0.25309911]), 'recall': array([0.2310809]), 'ndcg': array([0.32761719])}
EPOCH[221/1000] loss0.084-|Sample:6.12|
EPOCH[222/1000] loss0.083-|Sample:6.32|
EPOCH[223/1000] loss0.083-|Sample:6.25|
EPOCH[224/1000] loss0.083-|Sample:6.06|
EPOCH[225/1000] loss0.083-|Sample:5.96|
EPOCH[226/1000] loss0.083-|Sample:6.00|
EPOCH[227/1000] loss0.083-|Sample:6.07|
EPOCH[228/1000] loss0.082-|Sample:5.97|
EPOCH[229/1000] loss0.083-|Sample:6.08|
EPOCH[230/1000] loss0.083-|Sample:6.10|
[0;30;43m[TEST]EPOCH[230][0m
{'precision': array([0.25295824]), 'recall': array([0.2306084]), 'ndcg': array([0.32687374])}
EPOCH[231/1000] loss0.082-|Sample:6.29|
EPOCH[232/1000] loss0.082-|Sample:6.45|
EPOCH[233/1000] loss0.082-|Sample:6.34|
EPOCH[234/1000] loss0.082-|Sample:6.33|
EPOCH[235/1000] loss0.081-|Sample:6.23|
EPOCH[236/1000] loss0.082-|Sample:6.23|
EPOCH[237/1000] loss0.082-|Sample:6.36|
EPOCH[238/1000] loss0.082-|Sample:6.30|
EPOCH[239/1000] loss0.082-|Sample:6.37|
EPOCH[240/1000] loss0.082-|Sample:6.26|
[0;30;43m[TEST]EPOCH[240][0m
{'precision': array([0.25280908]), 'recall': array([0.23084611]), 'ndcg': array([0.32722808])}
EPOCH[241/1000] loss0.082-|Sample:6.23|
EPOCH[242/1000] loss0.081-|Sample:6.00|
EPOCH[243/1000] loss0.081-|Sample:6.10|
EPOCH[244/1000] loss0.081-|Sample:6.03|
EPOCH[245/1000] loss0.082-|Sample:6.22|
EPOCH[246/1000] loss0.082-|Sample:6.21|
EPOCH[247/1000] loss0.081-|Sample:6.17|
EPOCH[248/1000] loss0.082-|Sample:6.09|
EPOCH[249/1000] loss0.081-|Sample:6.26|
EPOCH[250/1000] loss0.081-|Sample:6.33|
[0;30;43m[TEST]EPOCH[250][0m
{'precision': array([0.25246934]), 'recall': array([0.23045904]), 'ndcg': array([0.32590442])}
EPOCH[251/1000] loss0.081-|Sample:6.49|
EPOCH[252/1000] loss0.081-|Sample:6.29|
EPOCH[253/1000] loss0.081-|Sample:6.08|
EPOCH[254/1000] loss0.081-|Sample:6.14|
EPOCH[255/1000] loss0.081-|Sample:6.21|
EPOCH[256/1000] loss0.081-|Sample:5.91|
EPOCH[257/1000] loss0.080-|Sample:6.16|
EPOCH[258/1000] loss0.080-|Sample:6.05|
EPOCH[259/1000] loss0.081-|Sample:6.20|
EPOCH[260/1000] loss0.080-|Sample:6.05|
[0;30;43m[TEST]EPOCH[260][0m
{'precision': array([0.25162413]), 'recall': array([0.22935216]), 'ndcg': array([0.32486117])}
EPOCH[261/1000] loss0.080-|Sample:6.02|
EPOCH[262/1000] loss0.081-|Sample:6.02|
EPOCH[263/1000] loss0.080-|Sample:5.97|
EPOCH[264/1000] loss0.080-|Sample:6.04|
EPOCH[265/1000] loss0.080-|Sample:6.29|
EPOCH[266/1000] loss0.080-|Sample:6.55|
EPOCH[267/1000] loss0.080-|Sample:6.05|
EPOCH[268/1000] loss0.080-|Sample:6.14|
EPOCH[269/1000] loss0.079-|Sample:6.03|
EPOCH[270/1000] loss0.080-|Sample:5.95|
[0;30;43m[TEST]EPOCH[270][0m
{'precision': array([0.25135897]), 'recall': array([0.22928953]), 'ndcg': array([0.325195])}
EPOCH[271/1000] loss0.080-|Sample:6.04|
EPOCH[272/1000] loss0.080-|Sample:6.06|
EPOCH[273/1000] loss0.080-|Sample:5.98|
EPOCH[274/1000] loss0.080-|Sample:6.05|
EPOCH[275/1000] loss0.079-|Sample:6.32|
EPOCH[276/1000] loss0.080-|Sample:6.06|
EPOCH[277/1000] loss0.079-|Sample:5.89|
EPOCH[278/1000] loss0.079-|Sample:6.08|
EPOCH[279/1000] loss0.079-|Sample:6.19|
EPOCH[280/1000] loss0.079-|Sample:6.15|
[0;30;43m[TEST]EPOCH[280][0m
{'precision': array([0.25086178]), 'recall': array([0.22859052]), 'ndcg': array([0.32473553])}
EPOCH[281/1000] loss0.079-|Sample:6.03|
EPOCH[282/1000] loss0.080-|Sample:6.06|
EPOCH[283/1000] loss0.079-|Sample:6.13|
EPOCH[284/1000] loss0.079-|Sample:5.98|
EPOCH[285/1000] loss0.079-|Sample:6.06|
EPOCH[286/1000] loss0.079-|Sample:6.11|
EPOCH[287/1000] loss0.079-|Sample:6.33|
EPOCH[288/1000] loss0.079-|Sample:6.34|
EPOCH[289/1000] loss0.079-|Sample:6.17|
EPOCH[290/1000] loss0.079-|Sample:6.11|
[0;30;43m[TEST]EPOCH[290][0m
{'precision': array([0.25055519]), 'recall': array([0.22873567]), 'ndcg': array([0.32345612])}
EPOCH[291/1000] loss0.079-|Sample:6.04|
EPOCH[292/1000] loss0.079-|Sample:6.06|
EPOCH[293/1000] loss0.078-|Sample:6.41|
EPOCH[294/1000] loss0.079-|Sample:6.33|
EPOCH[295/1000] loss0.079-|Sample:7.57|
EPOCH[296/1000] loss0.079-|Sample:7.41|
EPOCH[297/1000] loss0.078-|Sample:6.63|
EPOCH[298/1000] loss0.078-|Sample:6.36|
EPOCH[299/1000] loss0.078-|Sample:6.42|
EPOCH[300/1000] loss0.078-|Sample:6.08|
[0;30;43m[TEST]EPOCH[300][0m
{'precision': array([0.25056347]), 'recall': array([0.22845286]), 'ndcg': array([0.32405093])}
EPOCH[301/1000] loss0.078-|Sample:6.26|
EPOCH[302/1000] loss0.078-|Sample:6.05|
EPOCH[303/1000] loss0.078-|Sample:6.06|
EPOCH[304/1000] loss0.078-|Sample:6.03|
EPOCH[305/1000] loss0.078-|Sample:5.92|
EPOCH[306/1000] loss0.078-|Sample:5.99|
EPOCH[307/1000] loss0.078-|Sample:6.06|
EPOCH[308/1000] loss0.078-|Sample:5.97|
EPOCH[309/1000] loss0.078-|Sample:5.98|
EPOCH[310/1000] loss0.078-|Sample:6.09|
[0;30;43m[TEST]EPOCH[310][0m
{'precision': array([0.25015744]), 'recall': array([0.22829937]), 'ndcg': array([0.32320754])}
EPOCH[311/1000] loss0.078-|Sample:6.20|
EPOCH[312/1000] loss0.078-|Sample:5.86|
EPOCH[313/1000] loss0.078-|Sample:6.01|
EPOCH[314/1000] loss0.078-|Sample:5.98|
EPOCH[315/1000] loss0.077-|Sample:5.97|
EPOCH[316/1000] loss0.078-|Sample:5.98|
EPOCH[317/1000] loss0.078-|Sample:6.17|
EPOCH[318/1000] loss0.077-|Sample:6.27|
EPOCH[319/1000] loss0.077-|Sample:5.95|
EPOCH[320/1000] loss0.077-|Sample:7.03|
[0;30;43m[TEST]EPOCH[320][0m
{'precision': array([0.2496354]), 'recall': array([0.22852855]), 'ndcg': array([0.3230341])}
EPOCH[321/1000] loss0.077-|Sample:6.10|
EPOCH[322/1000] loss0.077-|Sample:6.09|
EPOCH[323/1000] loss0.077-|Sample:6.09|
EPOCH[324/1000] loss0.077-|Sample:6.19|
EPOCH[325/1000] loss0.077-|Sample:7.21|
EPOCH[326/1000] loss0.077-|Sample:6.01|
EPOCH[327/1000] loss0.077-|Sample:6.08|
EPOCH[328/1000] loss0.077-|Sample:6.09|
EPOCH[329/1000] loss0.078-|Sample:6.05|
EPOCH[330/1000] loss0.077-|Sample:6.32|
[0;30;43m[TEST]EPOCH[330][0m
{'precision': array([0.24898078]), 'recall': array([0.22745915]), 'ndcg': array([0.32206456])}
EPOCH[331/1000] loss0.077-|Sample:6.35|
EPOCH[332/1000] loss0.077-|Sample:6.26|
EPOCH[333/1000] loss0.077-|Sample:6.23|
EPOCH[334/1000] loss0.077-|Sample:6.23|
EPOCH[335/1000] loss0.077-|Sample:6.23|
EPOCH[336/1000] loss0.077-|Sample:6.22|
EPOCH[337/1000] loss0.077-|Sample:6.15|
EPOCH[338/1000] loss0.076-|Sample:6.35|
EPOCH[339/1000] loss0.077-|Sample:6.37|
EPOCH[340/1000] loss0.077-|Sample:6.21|
[0;30;43m[TEST]EPOCH[340][0m
{'precision': array([0.24903878]), 'recall': array([0.22801305]), 'ndcg': array([0.32197667])}
EPOCH[341/1000] loss0.076-|Sample:6.02|
EPOCH[342/1000] loss0.076-|Sample:5.97|
EPOCH[343/1000] loss0.077-|Sample:6.09|
EPOCH[344/1000] loss0.076-|Sample:6.01|
EPOCH[345/1000] loss0.077-|Sample:6.00|
EPOCH[346/1000] loss0.077-|Sample:6.06|
EPOCH[347/1000] loss0.077-|Sample:5.87|
EPOCH[348/1000] loss0.077-|Sample:6.00|
EPOCH[349/1000] loss0.076-|Sample:6.05|
EPOCH[350/1000] loss0.076-|Sample:5.99|
[0;30;43m[TEST]EPOCH[350][0m
{'precision': array([0.24860789]), 'recall': array([0.22754468]), 'ndcg': array([0.32146304])}
EPOCH[351/1000] loss0.077-|Sample:5.98|
EPOCH[352/1000] loss0.076-|Sample:6.10|
EPOCH[353/1000] loss0.076-|Sample:6.21|
EPOCH[354/1000] loss0.076-|Sample:5.86|
EPOCH[355/1000] loss0.076-|Sample:6.06|
EPOCH[356/1000] loss0.076-|Sample:6.00|
EPOCH[357/1000] loss0.077-|Sample:6.01|
EPOCH[358/1000] loss0.076-|Sample:6.32|
EPOCH[359/1000] loss0.076-|Sample:6.31|
EPOCH[360/1000] loss0.076-|Sample:6.02|
[0;30;43m[TEST]EPOCH[360][0m
{'precision': array([0.24811899]), 'recall': array([0.22723713]), 'ndcg': array([0.32089518])}
EPOCH[361/1000] loss0.076-|Sample:6.01|
EPOCH[362/1000] loss0.076-|Sample:6.03|
EPOCH[363/1000] loss0.076-|Sample:6.13|
EPOCH[364/1000] loss0.076-|Sample:6.08|
EPOCH[365/1000] loss0.076-|Sample:6.03|
EPOCH[366/1000] loss0.076-|Sample:6.12|
EPOCH[367/1000] loss0.076-|Sample:6.14|
EPOCH[368/1000] loss0.076-|Sample:6.08|
EPOCH[369/1000] loss0.076-|Sample:5.99|
EPOCH[370/1000] loss0.076-|Sample:6.04|
[0;30;43m[TEST]EPOCH[370][0m
{'precision': array([0.24833444]), 'recall': array([0.22742456]), 'ndcg': array([0.32141825])}
EPOCH[371/1000] loss0.076-|Sample:6.08|
EPOCH[372/1000] loss0.076-|Sample:6.10|
EPOCH[373/1000] loss0.076-|Sample:6.10|
EPOCH[374/1000] loss0.076-|Sample:6.24|
EPOCH[375/1000] loss0.076-|Sample:5.97|
EPOCH[376/1000] loss0.075-|Sample:6.02|
EPOCH[377/1000] loss0.076-|Sample:6.11|
EPOCH[378/1000] loss0.075-|Sample:6.00|
EPOCH[379/1000] loss0.075-|Sample:6.02|
EPOCH[380/1000] loss0.076-|Sample:6.08|
[0;30;43m[TEST]EPOCH[380][0m
{'precision': array([0.24719092]), 'recall': array([0.22654427]), 'ndcg': array([0.3200349])}
EPOCH[381/1000] loss0.076-|Sample:6.04|
EPOCH[382/1000] loss0.075-|Sample:5.88|
EPOCH[383/1000] loss0.075-|Sample:6.04|
EPOCH[384/1000] loss0.075-|Sample:6.09|
EPOCH[385/1000] loss0.075-|Sample:6.02|
EPOCH[386/1000] loss0.075-|Sample:6.13|
EPOCH[387/1000] loss0.075-|Sample:6.16|
EPOCH[388/1000] loss0.075-|Sample:6.15|
EPOCH[389/1000] loss0.075-|Sample:6.00|
EPOCH[390/1000] loss0.075-|Sample:6.05|
[0;30;43m[TEST]EPOCH[390][0m
{'precision': array([0.24733179]), 'recall': array([0.22626016]), 'ndcg': array([0.32033379])}
EPOCH[391/1000] loss0.076-|Sample:6.05|
EPOCH[392/1000] loss0.075-|Sample:6.36|
EPOCH[393/1000] loss0.075-|Sample:5.97|
EPOCH[394/1000] loss0.075-|Sample:6.10|
EPOCH[395/1000] loss0.075-|Sample:6.03|
EPOCH[396/1000] loss0.075-|Sample:5.88|
EPOCH[397/1000] loss0.075-|Sample:6.07|
EPOCH[398/1000] loss0.075-|Sample:6.10|
EPOCH[399/1000] loss0.075-|Sample:6.09|
EPOCH[400/1000] loss0.076-|Sample:6.05|
[0;30;43m[TEST]EPOCH[400][0m
{'precision': array([0.24656115]), 'recall': array([0.22535963]), 'ndcg': array([0.31925592])}
EPOCH[401/1000] loss0.075-|Sample:6.04|
EPOCH[402/1000] loss0.075-|Sample:5.97|
EPOCH[403/1000] loss0.075-|Sample:5.91|
EPOCH[404/1000] loss0.075-|Sample:6.08|
EPOCH[405/1000] loss0.074-|Sample:5.98|
EPOCH[406/1000] loss0.075-|Sample:6.14|
EPOCH[407/1000] loss0.075-|Sample:5.99|
EPOCH[408/1000] loss0.075-|Sample:6.07|
EPOCH[409/1000] loss0.075-|Sample:6.15|
EPOCH[410/1000] loss0.074-|Sample:5.96|
[0;30;43m[TEST]EPOCH[410][0m
{'precision': array([0.24707491]), 'recall': array([0.225943]), 'ndcg': array([0.31961829])}
EPOCH[411/1000] loss0.075-|Sample:5.99|
EPOCH[412/1000] loss0.075-|Sample:6.02|
EPOCH[413/1000] loss0.075-|Sample:5.96|
EPOCH[414/1000] loss0.074-|Sample:5.98|
EPOCH[415/1000] loss0.074-|Sample:6.04|
EPOCH[416/1000] loss0.074-|Sample:5.99|
EPOCH[417/1000] loss0.075-|Sample:5.95|
EPOCH[418/1000] loss0.075-|Sample:6.03|
EPOCH[419/1000] loss0.075-|Sample:5.98|
EPOCH[420/1000] loss0.075-|Sample:6.03|
[0;30;43m[TEST]EPOCH[420][0m
{'precision': array([0.24672688]), 'recall': array([0.22562548]), 'ndcg': array([0.31910057])}
EPOCH[421/1000] loss0.075-|Sample:6.00|
EPOCH[422/1000] loss0.074-|Sample:5.98|
EPOCH[423/1000] loss0.074-|Sample:6.01|
EPOCH[424/1000] loss0.075-|Sample:5.96|
EPOCH[425/1000] loss0.074-|Sample:5.95|
EPOCH[426/1000] loss0.074-|Sample:5.97|
EPOCH[427/1000] loss0.074-|Sample:6.05|
EPOCH[428/1000] loss0.074-|Sample:6.07|
EPOCH[429/1000] loss0.074-|Sample:6.05|
EPOCH[430/1000] loss0.074-|Sample:6.07|
[0;30;43m[TEST]EPOCH[430][0m
{'precision': array([0.24636228]), 'recall': array([0.22538762]), 'ndcg': array([0.31875385])}
EPOCH[431/1000] loss0.074-|Sample:5.92|
EPOCH[432/1000] loss0.074-|Sample:6.05|
EPOCH[433/1000] loss0.075-|Sample:6.11|
EPOCH[434/1000] loss0.074-|Sample:6.05|
EPOCH[435/1000] loss0.074-|Sample:6.02|
EPOCH[436/1000] loss0.074-|Sample:6.07|
EPOCH[437/1000] loss0.074-|Sample:6.06|
EPOCH[438/1000] loss0.074-|Sample:5.91|
EPOCH[439/1000] loss0.075-|Sample:6.08|
EPOCH[440/1000] loss0.074-|Sample:6.05|
[0;30;43m[TEST]EPOCH[440][0m
{'precision': array([0.24619655]), 'recall': array([0.22522398]), 'ndcg': array([0.31875933])}
EPOCH[441/1000] loss0.074-|Sample:6.06|
EPOCH[442/1000] loss0.074-|Sample:6.07|
EPOCH[443/1000] loss0.074-|Sample:6.02|
EPOCH[444/1000] loss0.074-|Sample:6.04|
EPOCH[445/1000] loss0.074-|Sample:6.00|
EPOCH[446/1000] loss0.074-|Sample:6.02|
EPOCH[447/1000] loss0.074-|Sample:6.00|
EPOCH[448/1000] loss0.074-|Sample:6.08|
EPOCH[449/1000] loss0.074-|Sample:6.09|
EPOCH[450/1000] loss0.074-|Sample:6.03|
[0;30;43m[TEST]EPOCH[450][0m
{'precision': array([0.24593139]), 'recall': array([0.22519948]), 'ndcg': array([0.31814368])}
EPOCH[451/1000] loss0.073-|Sample:6.03|
EPOCH[452/1000] loss0.074-|Sample:5.96|
EPOCH[453/1000] loss0.073-|Sample:6.01|
EPOCH[454/1000] loss0.074-|Sample:6.07|
EPOCH[455/1000] loss0.074-|Sample:6.01|
EPOCH[456/1000] loss0.074-|Sample:6.01|
EPOCH[457/1000] loss0.073-|Sample:6.08|
EPOCH[458/1000] loss0.073-|Sample:6.07|
EPOCH[459/1000] loss0.074-|Sample:5.99|
EPOCH[460/1000] loss0.074-|Sample:6.07|
[0;30;43m[TEST]EPOCH[460][0m
{'precision': array([0.24562479]), 'recall': array([0.22481732]), 'ndcg': array([0.3179071])}
EPOCH[461/1000] loss0.074-|Sample:6.22|
EPOCH[462/1000] loss0.074-|Sample:6.30|
EPOCH[463/1000] loss0.074-|Sample:6.22|
EPOCH[464/1000] loss0.074-|Sample:6.29|
EPOCH[465/1000] loss0.074-|Sample:6.23|
EPOCH[466/1000] loss0.074-|Sample:6.15|
EPOCH[467/1000] loss0.073-|Sample:6.21|
EPOCH[468/1000] loss0.073-|Sample:6.29|
EPOCH[469/1000] loss0.074-|Sample:6.25|
EPOCH[470/1000] loss0.074-|Sample:6.22|
[0;30;43m[TEST]EPOCH[470][0m
{'precision': array([0.24593139]), 'recall': array([0.2250392]), 'ndcg': array([0.31829497])}
EPOCH[471/1000] loss0.074-|Sample:6.01|
EPOCH[472/1000] loss0.074-|Sample:6.00|
EPOCH[473/1000] loss0.074-|Sample:5.85|
EPOCH[474/1000] loss0.074-|Sample:6.01|
EPOCH[475/1000] loss0.074-|Sample:5.95|
EPOCH[476/1000] loss0.074-|Sample:5.96|
EPOCH[477/1000] loss0.073-|Sample:6.04|
EPOCH[478/1000] loss0.074-|Sample:5.98|
EPOCH[479/1000] loss0.073-|Sample:5.97|
EPOCH[480/1000] loss0.073-|Sample:5.91|
[0;30;43m[TEST]EPOCH[480][0m
{'precision': array([0.24555022]), 'recall': array([0.22515575]), 'ndcg': array([0.31792157])}
EPOCH[481/1000] loss0.073-|Sample:5.97|
EPOCH[482/1000] loss0.074-|Sample:6.04|
EPOCH[483/1000] loss0.074-|Sample:6.00|
EPOCH[484/1000] loss0.074-|Sample:6.06|
EPOCH[485/1000] loss0.073-|Sample:5.99|
EPOCH[486/1000] loss0.074-|Sample:6.03|
EPOCH[487/1000] loss0.073-|Sample:5.88|
EPOCH[488/1000] loss0.073-|Sample:5.95|
EPOCH[489/1000] loss0.074-|Sample:6.07|
EPOCH[490/1000] loss0.073-|Sample:5.97|
[0;30;43m[TEST]EPOCH[490][0m
{'precision': array([0.24530991]), 'recall': array([0.22509872]), 'ndcg': array([0.31782612])}
EPOCH[491/1000] loss0.073-|Sample:6.02|
EPOCH[492/1000] loss0.074-|Sample:6.26|
EPOCH[493/1000] loss0.073-|Sample:5.99|
EPOCH[494/1000] loss0.073-|Sample:5.86|
EPOCH[495/1000] loss0.073-|Sample:6.00|
EPOCH[496/1000] loss0.073-|Sample:6.01|
EPOCH[497/1000] loss0.073-|Sample:6.03|
EPOCH[498/1000] loss0.073-|Sample:6.01|
EPOCH[499/1000] loss0.073-|Sample:6.06|
EPOCH[500/1000] loss0.073-|Sample:6.06|
[0;30;43m[TEST]EPOCH[500][0m
{'precision': array([0.24424925]), 'recall': array([0.22364634]), 'ndcg': array([0.31651999])}
EPOCH[501/1000] loss0.073-|Sample:5.97|
EPOCH[502/1000] loss0.073-|Sample:6.07|
EPOCH[503/1000] loss0.073-|Sample:6.14|
EPOCH[504/1000] loss0.073-|Sample:6.02|
EPOCH[505/1000] loss0.074-|Sample:6.02|
EPOCH[506/1000] loss0.073-|Sample:6.10|
EPOCH[507/1000] loss0.073-|Sample:6.09|
EPOCH[508/1000] loss0.073-|Sample:5.88|
EPOCH[509/1000] loss0.073-|Sample:5.96|
EPOCH[510/1000] loss0.073-|Sample:6.01|
[0;30;43m[TEST]EPOCH[510][0m
{'precision': array([0.24480444]), 'recall': array([0.22394216]), 'ndcg': array([0.31703184])}
EPOCH[511/1000] loss0.073-|Sample:5.95|
EPOCH[512/1000] loss0.073-|Sample:5.96|
EPOCH[513/1000] loss0.073-|Sample:6.06|
EPOCH[514/1000] loss0.073-|Sample:6.04|
EPOCH[515/1000] loss0.074-|Sample:5.85|
EPOCH[516/1000] loss0.072-|Sample:6.03|
EPOCH[517/1000] loss0.073-|Sample:6.01|
EPOCH[518/1000] loss0.073-|Sample:6.03|
EPOCH[519/1000] loss0.073-|Sample:5.97|
EPOCH[520/1000] loss0.073-|Sample:6.06|
[0;30;43m[TEST]EPOCH[520][0m
{'precision': array([0.24456414]), 'recall': array([0.22396366]), 'ndcg': array([0.31645406])}
EPOCH[521/1000] loss0.073-|Sample:6.07|
EPOCH[522/1000] loss0.073-|Sample:5.98|
EPOCH[523/1000] loss0.073-|Sample:6.02|
EPOCH[524/1000] loss0.073-|Sample:5.97|
EPOCH[525/1000] loss0.073-|Sample:6.06|
EPOCH[526/1000] loss0.073-|Sample:6.01|
EPOCH[527/1000] loss0.073-|Sample:5.97|
EPOCH[528/1000] loss0.073-|Sample:6.05|
EPOCH[529/1000] loss0.073-|Sample:5.85|
EPOCH[530/1000] loss0.073-|Sample:6.00|
[0;30;43m[TEST]EPOCH[530][0m
{'precision': array([0.24403381]), 'recall': array([0.22373887]), 'ndcg': array([0.31652483])}
EPOCH[531/1000] loss0.073-|Sample:5.97|
EPOCH[532/1000] loss0.073-|Sample:5.96|
EPOCH[533/1000] loss0.073-|Sample:5.98|
EPOCH[534/1000] loss0.073-|Sample:6.07|
EPOCH[535/1000] loss0.073-|Sample:5.99|
EPOCH[536/1000] loss0.072-|Sample:5.83|
EPOCH[537/1000] loss0.073-|Sample:5.98|
EPOCH[538/1000] loss0.073-|Sample:6.02|
EPOCH[539/1000] loss0.073-|Sample:5.97|
EPOCH[540/1000] loss0.073-|Sample:5.97|
[0;30;43m[TEST]EPOCH[540][0m
{'precision': array([0.24393437]), 'recall': array([0.22341844]), 'ndcg': array([0.3163956])}
EPOCH[541/1000] loss0.072-|Sample:6.04|
EPOCH[542/1000] loss0.073-|Sample:6.01|
EPOCH[543/1000] loss0.073-|Sample:5.86|
EPOCH[544/1000] loss0.073-|Sample:6.03|
EPOCH[545/1000] loss0.073-|Sample:5.95|
EPOCH[546/1000] loss0.072-|Sample:6.02|
EPOCH[547/1000] loss0.073-|Sample:5.97|
EPOCH[548/1000] loss0.073-|Sample:5.98|
EPOCH[549/1000] loss0.073-|Sample:6.04|
EPOCH[550/1000] loss0.073-|Sample:5.88|
[0;30;43m[TEST]EPOCH[550][0m
{'precision': array([0.24390123]), 'recall': array([0.22380545]), 'ndcg': array([0.31631189])}
EPOCH[551/1000] loss0.073-|Sample:5.99|
EPOCH[552/1000] loss0.072-|Sample:6.21|
EPOCH[553/1000] loss0.072-|Sample:6.05|
EPOCH[554/1000] loss0.073-|Sample:6.02|
EPOCH[555/1000] loss0.072-|Sample:6.01|
EPOCH[556/1000] loss0.073-|Sample:6.10|
EPOCH[557/1000] loss0.073-|Sample:5.92|
EPOCH[558/1000] loss0.073-|Sample:6.17|
EPOCH[559/1000] loss0.073-|Sample:6.00|
EPOCH[560/1000] loss0.072-|Sample:5.98|
[0;30;43m[TEST]EPOCH[560][0m
{'precision': array([0.24377693]), 'recall': array([0.22380084]), 'ndcg': array([0.31683443])}
EPOCH[561/1000] loss0.073-|Sample:6.07|
EPOCH[562/1000] loss0.073-|Sample:6.04|
EPOCH[563/1000] loss0.072-|Sample:6.03|
EPOCH[564/1000] loss0.073-|Sample:5.85|
EPOCH[565/1000] loss0.072-|Sample:6.02|
EPOCH[566/1000] loss0.072-|Sample:6.01|
EPOCH[567/1000] loss0.073-|Sample:6.16|
EPOCH[568/1000] loss0.072-|Sample:6.08|
EPOCH[569/1000] loss0.073-|Sample:6.09|
EPOCH[570/1000] loss0.072-|Sample:6.22|
[0;30;43m[TEST]EPOCH[570][0m
{'precision': array([0.24378522]), 'recall': array([0.22392641]), 'ndcg': array([0.31647534])}
EPOCH[571/1000] loss0.072-|Sample:5.99|
EPOCH[572/1000] loss0.073-|Sample:5.97|
EPOCH[573/1000] loss0.072-|Sample:6.04|
EPOCH[574/1000] loss0.073-|Sample:5.98|
EPOCH[575/1000] loss0.073-|Sample:6.21|
EPOCH[576/1000] loss0.072-|Sample:6.14|
EPOCH[577/1000] loss0.072-|Sample:6.10|
EPOCH[578/1000] loss0.072-|Sample:5.87|
EPOCH[579/1000] loss0.072-|Sample:6.07|
EPOCH[580/1000] loss0.072-|Sample:6.01|
[0;30;43m[TEST]EPOCH[580][0m
{'precision': array([0.24434869]), 'recall': array([0.22435881]), 'ndcg': array([0.31680026])}
EPOCH[581/1000] loss0.072-|Sample:6.02|
EPOCH[582/1000] loss0.073-|Sample:6.10|
EPOCH[583/1000] loss0.072-|Sample:6.04|
EPOCH[584/1000] loss0.072-|Sample:6.07|
EPOCH[585/1000] loss0.073-|Sample:5.90|
EPOCH[586/1000] loss0.072-|Sample:5.97|
EPOCH[587/1000] loss0.072-|Sample:5.97|
EPOCH[588/1000] loss0.072-|Sample:6.03|
EPOCH[589/1000] loss0.072-|Sample:6.04|
EPOCH[590/1000] loss0.072-|Sample:6.06|
[0;30;43m[TEST]EPOCH[590][0m
{'precision': array([0.24357806]), 'recall': array([0.22392867]), 'ndcg': array([0.3164629])}
EPOCH[591/1000] loss0.072-|Sample:6.06|
EPOCH[592/1000] loss0.072-|Sample:5.93|
EPOCH[593/1000] loss0.072-|Sample:5.98|
EPOCH[594/1000] loss0.072-|Sample:6.02|
EPOCH[595/1000] loss0.072-|Sample:6.03|
EPOCH[596/1000] loss0.072-|Sample:6.31|
EPOCH[597/1000] loss0.072-|Sample:6.46|
EPOCH[598/1000] loss0.072-|Sample:6.32|
EPOCH[599/1000] loss0.072-|Sample:5.92|
EPOCH[600/1000] loss0.072-|Sample:5.97|
[0;30;43m[TEST]EPOCH[600][0m
{'precision': array([0.24411667]), 'recall': array([0.2245568]), 'ndcg': array([0.31703415])}
EPOCH[601/1000] loss0.072-|Sample:6.07|
EPOCH[602/1000] loss0.072-|Sample:6.25|
EPOCH[603/1000] loss0.073-|Sample:6.30|
EPOCH[604/1000] loss0.072-|Sample:6.25|
EPOCH[605/1000] loss0.072-|Sample:6.00|
EPOCH[606/1000] loss0.072-|Sample:5.90|
EPOCH[607/1000] loss0.072-|Sample:5.97|
EPOCH[608/1000] loss0.072-|Sample:6.09|
EPOCH[609/1000] loss0.072-|Sample:6.11|
EPOCH[610/1000] loss0.073-|Sample:6.03|
[0;30;43m[TEST]EPOCH[610][0m
{'precision': array([0.24366921]), 'recall': array([0.22439863]), 'ndcg': array([0.31629448])}
EPOCH[611/1000] loss0.072-|Sample:6.03|
EPOCH[612/1000] loss0.072-|Sample:6.00|
EPOCH[613/1000] loss0.072-|Sample:5.90|
EPOCH[614/1000] loss0.072-|Sample:5.99|
EPOCH[615/1000] loss0.072-|Sample:5.99|
EPOCH[616/1000] loss0.072-|Sample:6.01|
EPOCH[617/1000] loss0.072-|Sample:6.08|
EPOCH[618/1000] loss0.072-|Sample:6.00|
EPOCH[619/1000] loss0.072-|Sample:6.10|
EPOCH[620/1000] loss0.071-|Sample:5.91|
[0;30;43m[TEST]EPOCH[620][0m
{'precision': array([0.24326318]), 'recall': array([0.22378675]), 'ndcg': array([0.31602644])}
EPOCH[621/1000] loss0.072-|Sample:5.99|
EPOCH[622/1000] loss0.073-|Sample:6.08|
EPOCH[623/1000] loss0.072-|Sample:6.01|
EPOCH[624/1000] loss0.072-|Sample:6.00|
EPOCH[625/1000] loss0.072-|Sample:6.03|
EPOCH[626/1000] loss0.072-|Sample:6.10|
EPOCH[627/1000] loss0.072-|Sample:5.85|
EPOCH[628/1000] loss0.072-|Sample:6.02|
EPOCH[629/1000] loss0.073-|Sample:6.00|
EPOCH[630/1000] loss0.072-|Sample:5.98|
[0;30;43m[TEST]EPOCH[630][0m
{'precision': array([0.24250912]), 'recall': array([0.2230814]), 'ndcg': array([0.31500872])}
EPOCH[631/1000] loss0.072-|Sample:6.04|
EPOCH[632/1000] loss0.072-|Sample:6.07|
EPOCH[633/1000] loss0.072-|Sample:6.05|
EPOCH[634/1000] loss0.072-|Sample:5.87|
EPOCH[635/1000] loss0.071-|Sample:6.03|
EPOCH[636/1000] loss0.072-|Sample:5.97|
EPOCH[637/1000] loss0.072-|Sample:5.97|
EPOCH[638/1000] loss0.072-|Sample:6.02|
EPOCH[639/1000] loss0.072-|Sample:6.01|
EPOCH[640/1000] loss0.072-|Sample:6.00|
[0;30;43m[TEST]EPOCH[640][0m
{'precision': array([0.24309745]), 'recall': array([0.22304412]), 'ndcg': array([0.31537602])}
EPOCH[641/1000] loss0.072-|Sample:5.90|
EPOCH[642/1000] loss0.072-|Sample:5.99|
EPOCH[643/1000] loss0.072-|Sample:5.97|
EPOCH[644/1000] loss0.072-|Sample:6.04|
EPOCH[645/1000] loss0.072-|Sample:5.99|
EPOCH[646/1000] loss0.072-|Sample:6.00|
EPOCH[647/1000] loss0.072-|Sample:6.08|
EPOCH[648/1000] loss0.072-|Sample:5.91|
EPOCH[649/1000] loss0.072-|Sample:6.01|
EPOCH[650/1000] loss0.072-|Sample:6.02|
[0;30;43m[TEST]EPOCH[650][0m
{'precision': array([0.24235167]), 'recall': array([0.22306991]), 'ndcg': array([0.3149196])}
EPOCH[651/1000] loss0.072-|Sample:6.09|
EPOCH[652/1000] loss0.071-|Sample:6.01|
EPOCH[653/1000] loss0.072-|Sample:6.02|
EPOCH[654/1000] loss0.072-|Sample:6.08|
EPOCH[655/1000] loss0.072-|Sample:5.90|
EPOCH[656/1000] loss0.072-|Sample:5.95|
EPOCH[657/1000] loss0.072-|Sample:6.04|
EPOCH[658/1000] loss0.071-|Sample:6.03|
EPOCH[659/1000] loss0.071-|Sample:6.14|
EPOCH[660/1000] loss0.071-|Sample:6.01|
[0;30;43m[TEST]EPOCH[660][0m
{'precision': array([0.24254226]), 'recall': array([0.22265947]), 'ndcg': array([0.31539196])}
EPOCH[661/1000] loss0.071-|Sample:6.08|
EPOCH[662/1000] loss0.072-|Sample:5.92|
EPOCH[663/1000] loss0.072-|Sample:6.00|
EPOCH[664/1000] loss0.071-|Sample:5.98|
EPOCH[665/1000] loss0.071-|Sample:6.00|
EPOCH[666/1000] loss0.072-|Sample:6.03|
EPOCH[667/1000] loss0.072-|Sample:5.99|
EPOCH[668/1000] loss0.071-|Sample:6.00|
EPOCH[669/1000] loss0.071-|Sample:5.89|
EPOCH[670/1000] loss0.071-|Sample:6.01|
[0;30;43m[TEST]EPOCH[670][0m
{'precision': array([0.24347862]), 'recall': array([0.22444849]), 'ndcg': array([0.31655298])}
EPOCH[671/1000] loss0.071-|Sample:6.00|
EPOCH[672/1000] loss0.072-|Sample:5.99|
EPOCH[673/1000] loss0.071-|Sample:6.00|
EPOCH[674/1000] loss0.072-|Sample:6.13|
EPOCH[675/1000] loss0.071-|Sample:6.02|
EPOCH[676/1000] loss0.072-|Sample:5.91|
EPOCH[677/1000] loss0.071-|Sample:5.99|
EPOCH[678/1000] loss0.071-|Sample:6.00|
EPOCH[679/1000] loss0.072-|Sample:5.99|
EPOCH[680/1000] loss0.072-|Sample:5.97|
[0;30;43m[TEST]EPOCH[680][0m
{'precision': array([0.24253397]), 'recall': array([0.22385567]), 'ndcg': array([0.31554106])}
EPOCH[681/1000] loss0.071-|Sample:5.99|
EPOCH[682/1000] loss0.071-|Sample:6.03|
EPOCH[683/1000] loss0.071-|Sample:5.88|
EPOCH[684/1000] loss0.071-|Sample:5.96|
EPOCH[685/1000] loss0.072-|Sample:5.99|
EPOCH[686/1000] loss0.072-|Sample:5.98|
EPOCH[687/1000] loss0.071-|Sample:6.00|
EPOCH[688/1000] loss0.071-|Sample:6.01|
EPOCH[689/1000] loss0.071-|Sample:6.03|
EPOCH[690/1000] loss0.071-|Sample:5.85|
[0;30;43m[TEST]EPOCH[690][0m
{'precision': array([0.24317203]), 'recall': array([0.22405627]), 'ndcg': array([0.31583598])}
EPOCH[691/1000] loss0.071-|Sample:5.98|
EPOCH[692/1000] loss0.071-|Sample:5.95|
EPOCH[693/1000] loss0.072-|Sample:5.99|
EPOCH[694/1000] loss0.071-|Sample:6.03|
EPOCH[695/1000] loss0.072-|Sample:6.04|
EPOCH[696/1000] loss0.071-|Sample:6.05|
EPOCH[697/1000] loss0.072-|Sample:5.90|
EPOCH[698/1000] loss0.071-|Sample:6.01|
EPOCH[699/1000] loss0.072-|Sample:5.98|
EPOCH[700/1000] loss0.072-|Sample:6.06|
[0;30;43m[TEST]EPOCH[700][0m
{'precision': array([0.24254226]), 'recall': array([0.22343634]), 'ndcg': array([0.31511742])}
EPOCH[701/1000] loss0.071-|Sample:6.02|
EPOCH[702/1000] loss0.071-|Sample:6.03|
EPOCH[703/1000] loss0.072-|Sample:6.26|
EPOCH[704/1000] loss0.072-|Sample:6.09|
EPOCH[705/1000] loss0.072-|Sample:6.26|
EPOCH[706/1000] loss0.071-|Sample:6.25|
EPOCH[707/1000] loss0.072-|Sample:6.24|
EPOCH[708/1000] loss0.071-|Sample:6.23|
EPOCH[709/1000] loss0.071-|Sample:5.99|
EPOCH[710/1000] loss0.071-|Sample:6.06|
[0;30;43m[TEST]EPOCH[710][0m
{'precision': array([0.24290686]), 'recall': array([0.22369292]), 'ndcg': array([0.31512734])}
EPOCH[711/1000] loss0.071-|Sample:5.87|
EPOCH[712/1000] loss0.071-|Sample:5.97|
EPOCH[713/1000] loss0.072-|Sample:5.98|
EPOCH[714/1000] loss0.072-|Sample:6.00|
EPOCH[715/1000] loss0.072-|Sample:5.98|
EPOCH[716/1000] loss0.071-|Sample:6.02|
EPOCH[717/1000] loss0.071-|Sample:5.98|
EPOCH[718/1000] loss0.071-|Sample:5.84|
EPOCH[719/1000] loss0.071-|Sample:5.96|
EPOCH[720/1000] loss0.072-|Sample:6.10|
[0;30;43m[TEST]EPOCH[720][0m
{'precision': array([0.24279085]), 'recall': array([0.22421307]), 'ndcg': array([0.31528264])}
EPOCH[721/1000] loss0.071-|Sample:6.02|
EPOCH[722/1000] loss0.071-|Sample:6.00|
EPOCH[723/1000] loss0.071-|Sample:6.03|
EPOCH[724/1000] loss0.072-|Sample:6.04|
EPOCH[725/1000] loss0.071-|Sample:5.89|
EPOCH[726/1000] loss0.071-|Sample:5.99|
EPOCH[727/1000] loss0.071-|Sample:6.01|
EPOCH[728/1000] loss0.071-|Sample:5.99|
EPOCH[729/1000] loss0.071-|Sample:6.05|
EPOCH[730/1000] loss0.071-|Sample:6.01|
[0;30;43m[TEST]EPOCH[730][0m
{'precision': array([0.24279914]), 'recall': array([0.22383718]), 'ndcg': array([0.31531999])}
EPOCH[731/1000] loss0.072-|Sample:6.06|
EPOCH[732/1000] loss0.071-|Sample:5.89|
EPOCH[733/1000] loss0.071-|Sample:6.02|
EPOCH[734/1000] loss0.071-|Sample:6.04|
EPOCH[735/1000] loss0.071-|Sample:5.99|
EPOCH[736/1000] loss0.071-|Sample:5.96|
EPOCH[737/1000] loss0.071-|Sample:6.00|
EPOCH[738/1000] loss0.071-|Sample:6.11|
EPOCH[739/1000] loss0.071-|Sample:5.84|
EPOCH[740/1000] loss0.071-|Sample:5.95|
[0;30;43m[TEST]EPOCH[740][0m
{'precision': array([0.24258369]), 'recall': array([0.22449932]), 'ndcg': array([0.31549556])}
EPOCH[741/1000] loss0.071-|Sample:6.10|
EPOCH[742/1000] loss0.071-|Sample:6.17|
EPOCH[743/1000] loss0.070-|Sample:6.10|
EPOCH[744/1000] loss0.071-|Sample:6.11|
EPOCH[745/1000] loss0.072-|Sample:6.29|
EPOCH[746/1000] loss0.071-|Sample:5.93|
EPOCH[747/1000] loss0.071-|Sample:6.05|
EPOCH[748/1000] loss0.071-|Sample:6.06|
EPOCH[749/1000] loss0.071-|Sample:6.03|
EPOCH[750/1000] loss0.071-|Sample:6.04|
[0;30;43m[TEST]EPOCH[750][0m
{'precision': array([0.24239311]), 'recall': array([0.22423884]), 'ndcg': array([0.31525821])}
EPOCH[751/1000] loss0.071-|Sample:5.98|
EPOCH[752/1000] loss0.071-|Sample:6.06|
EPOCH[753/1000] loss0.071-|Sample:5.84|
EPOCH[754/1000] loss0.071-|Sample:6.01|
EPOCH[755/1000] loss0.071-|Sample:5.97|
EPOCH[756/1000] loss0.071-|Sample:5.98|
EPOCH[757/1000] loss0.071-|Sample:5.97|
EPOCH[758/1000] loss0.071-|Sample:6.07|
EPOCH[759/1000] loss0.072-|Sample:6.01|
EPOCH[760/1000] loss0.071-|Sample:5.87|
[0;30;43m[TEST]EPOCH[760][0m
{'precision': array([0.24274113]), 'recall': array([0.22458247]), 'ndcg': array([0.31538211])}
EPOCH[761/1000] loss0.071-|Sample:6.01|
EPOCH[762/1000] loss0.071-|Sample:6.00|
EPOCH[763/1000] loss0.071-|Sample:5.98|
EPOCH[764/1000] loss0.071-|Sample:5.97|
EPOCH[765/1000] loss0.071-|Sample:5.97|
EPOCH[766/1000] loss0.071-|Sample:6.07|
EPOCH[767/1000] loss0.071-|Sample:6.21|
EPOCH[768/1000] loss0.071-|Sample:6.03|
EPOCH[769/1000] loss0.071-|Sample:5.98|
EPOCH[770/1000] loss0.071-|Sample:5.97|
[0;30;43m[TEST]EPOCH[770][0m
{'precision': array([0.24235996]), 'recall': array([0.22404523]), 'ndcg': array([0.31529534])}
EPOCH[771/1000] loss0.071-|Sample:6.01|
EPOCH[772/1000] loss0.071-|Sample:6.00|
EPOCH[773/1000] loss0.071-|Sample:6.03|
EPOCH[774/1000] loss0.071-|Sample:5.88|
EPOCH[775/1000] loss0.071-|Sample:6.03|
EPOCH[776/1000] loss0.071-|Sample:6.01|
EPOCH[777/1000] loss0.071-|Sample:6.01|
EPOCH[778/1000] loss0.071-|Sample:6.00|
EPOCH[779/1000] loss0.071-|Sample:6.00|
EPOCH[780/1000] loss0.071-|Sample:6.00|
[0;30;43m[TEST]EPOCH[780][0m
{'precision': array([0.24259198]), 'recall': array([0.22438246]), 'ndcg': array([0.31507249])}
EPOCH[781/1000] loss0.071-|Sample:5.87|
EPOCH[782/1000] loss0.071-|Sample:5.99|
EPOCH[783/1000] loss0.071-|Sample:6.08|
EPOCH[784/1000] loss0.071-|Sample:6.01|
EPOCH[785/1000] loss0.071-|Sample:6.01|
EPOCH[786/1000] loss0.071-|Sample:6.01|
EPOCH[787/1000] loss0.071-|Sample:6.36|
EPOCH[788/1000] loss0.071-|Sample:6.14|
EPOCH[789/1000] loss0.071-|Sample:6.28|
EPOCH[790/1000] loss0.071-|Sample:5.98|
[0;30;43m[TEST]EPOCH[790][0m
{'precision': array([0.24253397]), 'recall': array([0.22474041]), 'ndcg': array([0.31542751])}
EPOCH[791/1000] loss0.071-|Sample:6.07|
EPOCH[792/1000] loss0.071-|Sample:5.98|
EPOCH[793/1000] loss0.071-|Sample:6.01|
EPOCH[794/1000] loss0.072-|Sample:6.07|
EPOCH[795/1000] loss0.071-|Sample:5.88|
EPOCH[796/1000] loss0.071-|Sample:5.98|
EPOCH[797/1000] loss0.070-|Sample:6.06|
EPOCH[798/1000] loss0.071-|Sample:5.98|
EPOCH[799/1000] loss0.071-|Sample:5.98|
EPOCH[800/1000] loss0.071-|Sample:6.12|
[0;30;43m[TEST]EPOCH[800][0m
{'precision': array([0.24255883]), 'recall': array([0.22391517]), 'ndcg': array([0.31511795])}
EPOCH[801/1000] loss0.070-|Sample:6.00|
EPOCH[802/1000] loss0.070-|Sample:5.97|
EPOCH[803/1000] loss0.071-|Sample:6.06|
EPOCH[804/1000] loss0.071-|Sample:6.02|
EPOCH[805/1000] loss0.071-|Sample:6.08|
EPOCH[806/1000] loss0.071-|Sample:6.22|
EPOCH[807/1000] loss0.070-|Sample:6.25|
EPOCH[808/1000] loss0.071-|Sample:6.08|
EPOCH[809/1000] loss0.071-|Sample:5.95|
EPOCH[810/1000] loss0.071-|Sample:6.06|
[0;30;43m[TEST]EPOCH[810][0m
{'precision': array([0.24264998]), 'recall': array([0.22455647]), 'ndcg': array([0.31541857])}
EPOCH[811/1000] loss0.071-|Sample:6.08|
EPOCH[812/1000] loss0.070-|Sample:6.08|
EPOCH[813/1000] loss0.071-|Sample:6.05|
EPOCH[814/1000] loss0.071-|Sample:6.07|
EPOCH[815/1000] loss0.071-|Sample:6.06|
EPOCH[816/1000] loss0.071-|Sample:6.18|
EPOCH[817/1000] loss0.071-|Sample:6.22|
EPOCH[818/1000] loss0.070-|Sample:6.21|
EPOCH[819/1000] loss0.071-|Sample:6.22|
EPOCH[820/1000] loss0.071-|Sample:6.01|
[0;30;43m[TEST]EPOCH[820][0m
{'precision': array([0.24294829]), 'recall': array([0.22458839]), 'ndcg': array([0.31520545])}
EPOCH[821/1000] loss0.070-|Sample:5.97|
EPOCH[822/1000] loss0.071-|Sample:6.00|
EPOCH[823/1000] loss0.071-|Sample:5.86|
EPOCH[824/1000] loss0.071-|Sample:5.98|
EPOCH[825/1000] loss0.071-|Sample:6.00|
EPOCH[826/1000] loss0.071-|Sample:5.98|
EPOCH[827/1000] loss0.071-|Sample:5.97|
EPOCH[828/1000] loss0.071-|Sample:5.96|
EPOCH[829/1000] loss0.071-|Sample:5.99|
EPOCH[830/1000] loss0.071-|Sample:5.85|
[0;30;43m[TEST]EPOCH[830][0m
{'precision': array([0.24255883]), 'recall': array([0.22409579]), 'ndcg': array([0.31503777])}
EPOCH[831/1000] loss0.070-|Sample:6.00|
EPOCH[832/1000] loss0.071-|Sample:5.96|
EPOCH[833/1000] loss0.071-|Sample:5.96|
EPOCH[834/1000] loss0.071-|Sample:5.96|
EPOCH[835/1000] loss0.071-|Sample:5.99|
EPOCH[836/1000] loss0.071-|Sample:6.04|
EPOCH[837/1000] loss0.071-|Sample:5.83|
EPOCH[838/1000] loss0.070-|Sample:5.94|
EPOCH[839/1000] loss0.071-|Sample:5.94|
EPOCH[840/1000] loss0.071-|Sample:5.96|
[0;30;43m[TEST]EPOCH[840][0m
{'precision': array([0.24235996]), 'recall': array([0.22425847]), 'ndcg': array([0.31521805])}
EPOCH[841/1000] loss0.071-|Sample:5.98|
EPOCH[842/1000] loss0.070-|Sample:5.99|
EPOCH[843/1000] loss0.071-|Sample:5.99|
EPOCH[844/1000] loss0.070-|Sample:5.84|
EPOCH[845/1000] loss0.071-|Sample:5.94|
EPOCH[846/1000] loss0.071-|Sample:5.96|
EPOCH[847/1000] loss0.071-|Sample:6.03|
EPOCH[848/1000] loss0.071-|Sample:5.97|
EPOCH[849/1000] loss0.071-|Sample:5.97|
EPOCH[850/1000] loss0.070-|Sample:5.98|
[0;30;43m[TEST]EPOCH[850][0m
{'precision': array([0.24247597]), 'recall': array([0.22464195]), 'ndcg': array([0.31518889])}
EPOCH[851/1000] loss0.071-|Sample:5.84|
EPOCH[852/1000] loss0.070-|Sample:6.10|
EPOCH[853/1000] loss0.070-|Sample:6.00|
EPOCH[854/1000] loss0.071-|Sample:6.07|
EPOCH[855/1000] loss0.071-|Sample:6.01|
EPOCH[856/1000] loss0.070-|Sample:6.08|
EPOCH[857/1000] loss0.070-|Sample:6.02|
EPOCH[858/1000] loss0.070-|Sample:5.94|
EPOCH[859/1000] loss0.071-|Sample:6.01|
EPOCH[860/1000] loss0.071-|Sample:5.99|
[0;30;43m[TEST]EPOCH[860][0m
{'precision': array([0.24200365]), 'recall': array([0.22378523]), 'ndcg': array([0.31452507])}
EPOCH[861/1000] loss0.071-|Sample:6.24|
EPOCH[862/1000] loss0.071-|Sample:6.28|
EPOCH[863/1000] loss0.070-|Sample:6.23|
EPOCH[864/1000] loss0.070-|Sample:6.23|
EPOCH[865/1000] loss0.071-|Sample:5.97|
EPOCH[866/1000] loss0.071-|Sample:6.07|
EPOCH[867/1000] loss0.071-|Sample:6.06|
EPOCH[868/1000] loss0.070-|Sample:6.06|
EPOCH[869/1000] loss0.070-|Sample:6.04|
EPOCH[870/1000] loss0.071-|Sample:6.03|
[0;30;43m[TEST]EPOCH[870][0m
{'precision': array([0.24230196]), 'recall': array([0.22429114]), 'ndcg': array([0.31474275])}
EPOCH[871/1000] loss0.070-|Sample:6.09|
EPOCH[872/1000] loss0.071-|Sample:5.91|
EPOCH[873/1000] loss0.071-|Sample:6.07|
EPOCH[874/1000] loss0.071-|Sample:6.05|
EPOCH[875/1000] loss0.070-|Sample:6.02|
EPOCH[876/1000] loss0.071-|Sample:6.30|
EPOCH[877/1000] loss0.071-|Sample:6.07|
EPOCH[878/1000] loss0.070-|Sample:6.11|
EPOCH[879/1000] loss0.071-|Sample:6.00|
EPOCH[880/1000] loss0.071-|Sample:6.05|
[0;30;43m[TEST]EPOCH[880][0m
{'precision': array([0.24177163]), 'recall': array([0.22353521]), 'ndcg': array([0.31454061])}
EPOCH[881/1000] loss0.070-|Sample:6.10|
EPOCH[882/1000] loss0.071-|Sample:6.24|
EPOCH[883/1000] loss0.071-|Sample:6.25|
EPOCH[884/1000] loss0.071-|Sample:6.31|
EPOCH[885/1000] loss0.071-|Sample:6.27|
EPOCH[886/1000] loss0.070-|Sample:6.11|
EPOCH[887/1000] loss0.071-|Sample:6.24|
EPOCH[888/1000] loss0.071-|Sample:6.29|
EPOCH[889/1000] loss0.070-|Sample:6.01|
EPOCH[890/1000] loss0.070-|Sample:5.97|
[0;30;43m[TEST]EPOCH[890][0m
{'precision': array([0.24230196]), 'recall': array([0.22425181]), 'ndcg': array([0.31505365])}
EPOCH[891/1000] loss0.071-|Sample:5.99|
EPOCH[892/1000] loss0.070-|Sample:6.12|
EPOCH[893/1000] loss0.071-|Sample:6.00|
EPOCH[894/1000] loss0.070-|Sample:6.10|
EPOCH[895/1000] loss0.070-|Sample:6.04|
EPOCH[896/1000] loss0.071-|Sample:6.08|
EPOCH[897/1000] loss0.070-|Sample:6.04|
EPOCH[898/1000] loss0.070-|Sample:6.04|
EPOCH[899/1000] loss0.070-|Sample:6.09|
EPOCH[900/1000] loss0.070-|Sample:5.91|
[0;30;43m[TEST]EPOCH[900][0m
{'precision': array([0.24269142]), 'recall': array([0.22413452]), 'ndcg': array([0.31585902])}
EPOCH[901/1000] loss0.071-|Sample:5.99|
EPOCH[902/1000] loss0.071-|Sample:5.99|
EPOCH[903/1000] loss0.071-|Sample:6.00|
EPOCH[904/1000] loss0.071-|Sample:6.06|
EPOCH[905/1000] loss0.071-|Sample:6.02|
EPOCH[906/1000] loss0.071-|Sample:6.04|
EPOCH[907/1000] loss0.070-|Sample:5.88|
EPOCH[908/1000] loss0.070-|Sample:6.01|
EPOCH[909/1000] loss0.070-|Sample:6.08|
EPOCH[910/1000] loss0.070-|Sample:6.03|
[0;30;43m[TEST]EPOCH[910][0m
{'precision': array([0.24217766]), 'recall': array([0.22391611]), 'ndcg': array([0.31525623])}
EPOCH[911/1000] loss0.070-|Sample:6.03|
EPOCH[912/1000] loss0.070-|Sample:6.02|
EPOCH[913/1000] loss0.071-|Sample:6.04|
EPOCH[914/1000] loss0.071-|Sample:6.14|
EPOCH[915/1000] loss0.070-|Sample:6.22|
EPOCH[916/1000] loss0.070-|Sample:6.06|
EPOCH[917/1000] loss0.071-|Sample:6.06|
EPOCH[918/1000] loss0.070-|Sample:6.05|
EPOCH[919/1000] loss0.070-|Sample:6.14|
EPOCH[920/1000] loss0.070-|Sample:6.10|
[0;30;43m[TEST]EPOCH[920][0m
{'precision': array([0.24161419]), 'recall': array([0.22392532]), 'ndcg': array([0.31465488])}
EPOCH[921/1000] loss0.070-|Sample:5.95|
EPOCH[922/1000] loss0.070-|Sample:6.02|
EPOCH[923/1000] loss0.070-|Sample:6.04|
EPOCH[924/1000] loss0.070-|Sample:6.12|
EPOCH[925/1000] loss0.070-|Sample:6.06|
EPOCH[926/1000] loss0.071-|Sample:6.07|
EPOCH[927/1000] loss0.071-|Sample:6.04|
EPOCH[928/1000] loss0.070-|Sample:5.93|
EPOCH[929/1000] loss0.070-|Sample:6.08|
EPOCH[930/1000] loss0.070-|Sample:6.04|
[0;30;43m[TEST]EPOCH[930][0m
{'precision': array([0.24134902]), 'recall': array([0.22383378]), 'ndcg': array([0.31482502])}
EPOCH[931/1000] loss0.071-|Sample:6.02|
EPOCH[932/1000] loss0.070-|Sample:6.04|
EPOCH[933/1000] loss0.070-|Sample:6.04|
EPOCH[934/1000] loss0.070-|Sample:6.05|
EPOCH[935/1000] loss0.070-|Sample:5.90|
EPOCH[936/1000] loss0.070-|Sample:6.04|
EPOCH[937/1000] loss0.070-|Sample:6.03|
EPOCH[938/1000] loss0.070-|Sample:6.01|
EPOCH[939/1000] loss0.070-|Sample:5.99|
EPOCH[940/1000] loss0.070-|Sample:6.07|
[0;30;43m[TEST]EPOCH[940][0m
{'precision': array([0.24147332]), 'recall': array([0.22333946]), 'ndcg': array([0.31413913])}
EPOCH[941/1000] loss0.071-|Sample:6.03|
EPOCH[942/1000] loss0.070-|Sample:5.95|
EPOCH[943/1000] loss0.070-|Sample:6.08|
EPOCH[944/1000] loss0.071-|Sample:6.05|
EPOCH[945/1000] loss0.070-|Sample:6.06|
EPOCH[946/1000] loss0.070-|Sample:6.30|
EPOCH[947/1000] loss0.070-|Sample:6.07|
EPOCH[948/1000] loss0.070-|Sample:6.08|
EPOCH[949/1000] loss0.071-|Sample:5.95|
EPOCH[950/1000] loss0.070-|Sample:6.01|
[0;30;43m[TEST]EPOCH[950][0m
{'precision': array([0.24158933]), 'recall': array([0.22390874]), 'ndcg': array([0.31434537])}
EPOCH[951/1000] loss0.071-|Sample:6.05|
EPOCH[952/1000] loss0.070-|Sample:6.01|
EPOCH[953/1000] loss0.070-|Sample:5.98|
EPOCH[954/1000] loss0.070-|Sample:6.02|
EPOCH[955/1000] loss0.070-|Sample:6.04|
EPOCH[956/1000] loss0.070-|Sample:5.86|
EPOCH[957/1000] loss0.070-|Sample:6.01|
EPOCH[958/1000] loss0.070-|Sample:5.98|
EPOCH[959/1000] loss0.070-|Sample:5.97|
EPOCH[960/1000] loss0.071-|Sample:6.01|
[0;30;43m[TEST]EPOCH[960][0m
{'precision': array([0.24163905]), 'recall': array([0.22392421]), 'ndcg': array([0.31431766])}
EPOCH[961/1000] loss0.070-|Sample:6.02|
EPOCH[962/1000] loss0.071-|Sample:5.99|
EPOCH[963/1000] loss0.070-|Sample:5.90|
EPOCH[964/1000] loss0.070-|Sample:5.99|
EPOCH[965/1000] loss0.071-|Sample:5.96|
EPOCH[966/1000] loss0.070-|Sample:5.97|
EPOCH[967/1000] loss0.071-|Sample:6.05|
EPOCH[968/1000] loss0.071-|Sample:5.98|
EPOCH[969/1000] loss0.070-|Sample:6.02|
EPOCH[970/1000] loss0.070-|Sample:5.92|
[0;30;43m[TEST]EPOCH[970][0m
{'precision': array([0.24118329]), 'recall': array([0.22357622]), 'ndcg': array([0.31423974])}
EPOCH[971/1000] loss0.070-|Sample:5.95|
EPOCH[972/1000] loss0.070-|Sample:6.00|
EPOCH[973/1000] loss0.070-|Sample:6.04|
EPOCH[974/1000] loss0.070-|Sample:7.05|
EPOCH[975/1000] loss0.071-|Sample:6.97|
EPOCH[976/1000] loss0.071-|Sample:6.88|
EPOCH[977/1000] loss0.070-|Sample:6.72|
EPOCH[978/1000] loss0.070-|Sample:6.39|
EPOCH[979/1000] loss0.070-|Sample:6.33|
EPOCH[980/1000] loss0.070-|Sample:6.07|
[0;30;43m[TEST]EPOCH[980][0m
{'precision': array([0.24144846]), 'recall': array([0.22425811]), 'ndcg': array([0.31454124])}
EPOCH[981/1000] loss0.070-|Sample:6.05|
EPOCH[982/1000] loss0.070-|Sample:6.09|
EPOCH[983/1000] loss0.070-|Sample:6.03|
EPOCH[984/1000] loss0.070-|Sample:5.94|
EPOCH[985/1000] loss0.070-|Sample:6.00|
EPOCH[986/1000] loss0.070-|Sample:5.99|
EPOCH[987/1000] loss0.070-|Sample:6.04|
EPOCH[988/1000] loss0.070-|Sample:6.04|
EPOCH[989/1000] loss0.070-|Sample:6.00|
EPOCH[990/1000] loss0.071-|Sample:6.02|
[0;30;43m[TEST]EPOCH[990][0m
{'precision': array([0.24107557]), 'recall': array([0.22408018]), 'ndcg': array([0.31436744])}
EPOCH[991/1000] loss0.070-|Sample:5.88|
EPOCH[992/1000] loss0.070-|Sample:5.97|
EPOCH[993/1000] loss0.069-|Sample:5.96|
EPOCH[994/1000] loss0.069-|Sample:5.97|
EPOCH[995/1000] loss0.071-|Sample:5.95|
EPOCH[996/1000] loss0.070-|Sample:6.03|
EPOCH[997/1000] loss0.070-|Sample:6.05|
EPOCH[998/1000] loss0.070-|Sample:5.87|
EPOCH[999/1000] loss0.070-|Sample:6.23|
EPOCH[1000/1000] loss0.070-|Sample:6.24|
[0;30;43m[TEST]EPOCH[1000][0m
{'precision': array([0.24124959]), 'recall': array([0.22423909]), 'ndcg': array([0.31446916])}
