nohup: å¿½ç•¥è¾“å…¥
eval_score_matrix_foldout with cpp
[0;30;43m
â–ˆâ–ˆâ–ˆâ–ˆâ–ˆâ–ˆâ•— â–ˆâ–ˆâ–ˆâ–ˆâ–ˆâ–ˆâ–ˆâ•— â–ˆâ–ˆâ–ˆâ–ˆâ–ˆâ–ˆâ•—â–ˆâ–ˆâ–ˆâ–ˆâ–ˆâ–ˆâ–ˆâ•—â–ˆâ–ˆâ–ˆâ–ˆâ–ˆâ–ˆâ•—  â–ˆâ–ˆâ–ˆâ–ˆâ–ˆâ•— â–ˆâ–ˆâ–ˆâ–ˆâ–ˆâ–ˆâ–ˆâ•—â–ˆâ–ˆâ–ˆâ–ˆâ–ˆâ–ˆâ–ˆâ•—â–ˆâ–ˆâ–ˆâ–ˆâ–ˆâ–ˆâ•— 
â–ˆâ–ˆâ•”â•â•â–ˆâ–ˆâ•—â–ˆâ–ˆâ•”â•â•â•â•â•â–ˆâ–ˆâ•”â•â•â•â•â•â–ˆâ–ˆâ•”â•â•â•â•â•â–ˆâ–ˆâ•”â•â•â–ˆâ–ˆâ•—â–ˆâ–ˆâ•”â•â•â–ˆâ–ˆâ•—â–ˆâ–ˆâ•”â•â•â•â•â•â–ˆâ–ˆâ•”â•â•â•â•â•â–ˆâ–ˆâ•”â•â•â–ˆâ–ˆâ•—
â–ˆâ–ˆâ–ˆâ–ˆâ–ˆâ–ˆâ•”â•â–ˆâ–ˆâ–ˆâ–ˆâ–ˆâ•—  â–ˆâ–ˆâ•‘     â–ˆâ–ˆâ–ˆâ–ˆâ–ˆâ•—  â–ˆâ–ˆâ–ˆâ–ˆâ–ˆâ–ˆâ•”â•â–ˆâ–ˆâ–ˆâ–ˆâ–ˆâ–ˆâ–ˆâ•‘â–ˆâ–ˆâ–ˆâ–ˆâ–ˆâ–ˆâ–ˆâ•—â–ˆâ–ˆâ–ˆâ–ˆâ–ˆâ•—  â–ˆâ–ˆâ–ˆâ–ˆâ–ˆâ–ˆâ•”â•
â–ˆâ–ˆâ•”â•â•â–ˆâ–ˆâ•—â–ˆâ–ˆâ•”â•â•â•  â–ˆâ–ˆâ•‘     â–ˆâ–ˆâ•”â•â•â•  â–ˆâ–ˆâ•”â•â•â–ˆâ–ˆâ•—â–ˆâ–ˆâ•”â•â•â–ˆâ–ˆâ•‘â•šâ•â•â•â•â–ˆâ–ˆâ•‘â–ˆâ–ˆâ•”â•â•â•  â–ˆâ–ˆâ•”â•â•â–ˆâ–ˆâ•—
â–ˆâ–ˆâ•‘  â–ˆâ–ˆâ•‘â–ˆâ–ˆâ–ˆâ–ˆâ–ˆâ–ˆâ–ˆâ•—â•šâ–ˆâ–ˆâ–ˆâ–ˆâ–ˆâ–ˆâ•—â–ˆâ–ˆâ–ˆâ–ˆâ–ˆâ–ˆâ–ˆâ•—â–ˆâ–ˆâ•‘  â–ˆâ–ˆâ•‘â–ˆâ–ˆâ•‘  â–ˆâ–ˆâ•‘â–ˆâ–ˆâ–ˆâ–ˆâ–ˆâ–ˆâ–ˆâ•‘â–ˆâ–ˆâ–ˆâ–ˆâ–ˆâ–ˆâ–ˆâ•—â–ˆâ–ˆâ•‘  â–ˆâ–ˆâ•‘
â•šâ•â•  â•šâ•â•â•šâ•â•â•â•â•â•â• â•šâ•â•â•â•â•â•â•šâ•â•â•â•â•â•â•â•šâ•â•  â•šâ•â•â•šâ•â•  â•šâ•â•â•šâ•â•â•â•â•â•â•â•šâ•â•â•â•â•â•â•â•šâ•â•  â•šâ•â•
[0m
{'æ¨¡å‹é…ç½®&&æ•°æ®é›†é…ç½®': {'model_name': 'RecEraser',
                 'dataset_name': 'ml-1m',
                 'dataloader_name': 'spilit'},
 'è·¯å¾„é…ç½®': {'root_path': '/mnt/WangchengTao/code/hkuds/RecEraser-PyTorch',
          'code_path': '/mnt/WangchengTao/code/hkuds/RecEraser-PyTorch/code',
          'data_path': '/mnt/WangchengTao/code/hkuds/RecEraser-PyTorch/data',
          'dataset_path': '/mnt/WangchengTao/code/hkuds/RecEraser-PyTorch/data/ml-1m',
          'tensorboard_path': '/mnt/WangchengTao/code/hkuds/RecEraser-PyTorch/code/runs',
          'weights_path': '/mnt/WangchengTao/code/hkuds/RecEraser-PyTorch/code/checkpoints'},
 'è¶…å‚æ•°é…ç½®': {'epochs': 1,
           'topks': [10, 20, 50],
           'embedding_size': 64,
           'train_batch_size': 1024,
           'test_batch_size': 1024,
           'layers': 3,
           'lr': 0.001,
           'decay': 0.001,
           'dropout': False,
           'keep_prob': 0.6},
 'åˆ’åˆ†é…ç½®': {'data_partition': True,
          'partition_method': 'interaction_based',
          'num_shards': 10,
          'max_iters': 1,
          'attention_size': 32,
          'attention_epochs': 1,
          'partition_path': '/mnt/WangchengTao/code/hkuds/RecEraser-PyTorch/data/ml-1m/interaction_based',
          'shards_path': '/mnt/WangchengTao/code/hkuds/RecEraser-PyTorch/data/ml-1m/interaction_based/num_10',
          'temp': 0.5},
 'è®¾å¤‡é…ç½®': {'device': device(type='cuda'), 'seed': 2020},
 'å…¶å®ƒé…ç½®': {'a_hat_split': False,
          'a_hat_folds': 100,
          'multicore': False,
          'pretrain': False,
          'weight_filename': '/mnt/WangchengTao/code/hkuds/RecEraser-PyTorch/code/checkpoints/RecEraser-ml-1m-3-64.pth',
          'tensorboard': False,
          'tensorboard_writer': None,
          'verbose': 1}}
[0;30;43mnot enable tensorflowboard[0m
>>SEED: 2020
[0;30;43mloading [/mnt/WangchengTao/code/hkuds/RecEraser-PyTorch/data/ml-1m][0m
[0;30;43mloading adjacency matrix[0m
don't split the matrix
[0;30;43mcosting 1.8352251052856445s, loaded norm_mat...[0m
720152 interactions for training
200041 interactions for testing
ml-1m Sparsity : 0.04110896773801567
ml-1m is ready to go
[0;30;43mloading adjacency matrix[0m
[0;30;43mcosting 0.2548367977142334s, loaded norm_mat...[0m
training nums of each local data:
[86418, 86418, 17734, 86418, 86418, 86418, 11074, 86418, 86418, 86418]
[0;30;43mn_users:6040[0m
[0;30;43mm_items:3706[0m
[0;30;43minit_users_embeddings:torch.Size([6040, 64])[0m
[0;30;43minit_items_embeddings:torch.Size([3706, 64])[0m
[86418, 86418, 86418, 86418, 1286, 86418, 64302, 81043, 55013, 86418]
0 19.948772847652435
/mnt/WangchengTao/code/hkuds/RecEraser-PyTorch/code/dataloaders.py:231: RuntimeWarning: divide by zero encountered in power
  d_inv = np.power(rowsum, -0.5).flatten()  # å› ä¸ºæœ‰çš„è¡Œæ²¡æœ‰æ•°æ®æ‰€ä»¥ä¼šæœ‰é™¤ä»¥0çš„é—®é¢˜å­˜åœ¨
ç¬¬ 0 ä¸ªbatch
ç¬¬ 1 ä¸ªbatch
ç¬¬ 2 ä¸ªbatch
ç¬¬ 3 ä¸ªbatch
ç¬¬ 4 ä¸ªbatch
ç¬¬ 5 ä¸ªbatch
ç¬¬ 6 ä¸ªbatch
ç¬¬ 7 ä¸ªbatch
ç¬¬ 8 ä¸ªbatch
ç¬¬ 9 ä¸ªbatch
ç¬¬ 10 ä¸ªbatch
ç¬¬ 11 ä¸ªbatch
ç¬¬ 12 ä¸ªbatch
ç¬¬ 13 ä¸ªbatch
ç¬¬ 14 ä¸ªbatch
ç¬¬ 15 ä¸ªbatch
ç¬¬ 16 ä¸ªbatch
ç¬¬ 17 ä¸ªbatch
ç¬¬ 18 ä¸ªbatch
ç¬¬ 19 ä¸ªbatch
ç¬¬ 20 ä¸ªbatch
ç¬¬ 21 ä¸ªbatch
ç¬¬ 22 ä¸ªbatch
ç¬¬ 23 ä¸ªbatch
ç¬¬ 24 ä¸ªbatch
ç¬¬ 25 ä¸ªbatch
ç¬¬ 26 ä¸ªbatch
ç¬¬ 27 ä¸ªbatch
ç¬¬ 28 ä¸ªbatch
ç¬¬ 29 ä¸ªbatch
ç¬¬ 30 ä¸ªbatch
ç¬¬ 31 ä¸ªbatch
ç¬¬ 32 ä¸ªbatch
ç¬¬ 33 ä¸ªbatch
ç¬¬ 34 ä¸ªbatch
ç¬¬ 35 ä¸ªbatch
ç¬¬ 36 ä¸ªbatch
ç¬¬ 37 ä¸ªbatch
ç¬¬ 38 ä¸ªbatch
ç¬¬ 39 ä¸ªbatch
ç¬¬ 40 ä¸ªbatch
ç¬¬ 41 ä¸ªbatch
ç¬¬ 42 ä¸ªbatch
ç¬¬ 43 ä¸ªbatch
ç¬¬ 44 ä¸ªbatch
ç¬¬ 45 ä¸ªbatch
ç¬¬ 46 ä¸ªbatch
ç¬¬ 47 ä¸ªbatch
ç¬¬ 48 ä¸ªbatch
ç¬¬ 49 ä¸ªbatch
ç¬¬ 50 ä¸ªbatch
ç¬¬ 51 ä¸ªbatch
ç¬¬ 52 ä¸ªbatch
ç¬¬ 53 ä¸ªbatch
ç¬¬ 54 ä¸ªbatch
ç¬¬ 55 ä¸ªbatch
ç¬¬ 56 ä¸ªbatch
ç¬¬ 57 ä¸ªbatch
ç¬¬ 58 ä¸ªbatch
ç¬¬ 59 ä¸ªbatch
ç¬¬ 60 ä¸ªbatch
ç¬¬ 61 ä¸ªbatch
ç¬¬ 62 ä¸ªbatch
ç¬¬ 63 ä¸ªbatch
ç¬¬ 64 ä¸ªbatch
ç¬¬ 65 ä¸ªbatch
ç¬¬ 66 ä¸ªbatch
ç¬¬ 67 ä¸ªbatch
ç¬¬ 68 ä¸ªbatch
ç¬¬ 69 ä¸ªbatch
ç¬¬ 70 ä¸ªbatch
ç¬¬ 71 ä¸ªbatch
ç¬¬ 72 ä¸ªbatch
ç¬¬ 73 ä¸ªbatch
ç¬¬ 74 ä¸ªbatch
ç¬¬ 75 ä¸ªbatch
ç¬¬ 76 ä¸ªbatch
ç¬¬ 77 ä¸ªbatch
ç¬¬ 78 ä¸ªbatch
ç¬¬ 79 ä¸ªbatch
ç¬¬ 80 ä¸ªbatch
ç¬¬ 81 ä¸ªbatch
ç¬¬ 82 ä¸ªbatch
ç¬¬ 83 ä¸ªbatch
ç¬¬ 84 ä¸ªbatch
ç¬¬ 85 ä¸ªbatch
ç¬¬ 86 ä¸ªbatch
ç¬¬ 87 ä¸ªbatch
ç¬¬ 88 ä¸ªbatch
ç¬¬ 89 ä¸ªbatch
ç¬¬ 90 ä¸ªbatch
ç¬¬ 91 ä¸ªbatch
ç¬¬ 92 ä¸ªbatch
ç¬¬ 93 ä¸ªbatch
ç¬¬ 94 ä¸ªbatch
ç¬¬ 95 ä¸ªbatch
ç¬¬ 96 ä¸ªbatch
ç¬¬ 97 ä¸ªbatch
ç¬¬ 98 ä¸ªbatch
ç¬¬ 99 ä¸ªbatch
ç¬¬ 100 ä¸ªbatch
ç¬¬ 101 ä¸ªbatch
ç¬¬ 102 ä¸ªbatch
ç¬¬ 103 ä¸ªbatch
ç¬¬ 104 ä¸ªbatch
ç¬¬ 105 ä¸ªbatch
ç¬¬ 106 ä¸ªbatch
ç¬¬ 107 ä¸ªbatch
ç¬¬ 108 ä¸ªbatch
ç¬¬ 109 ä¸ªbatch
ç¬¬ 110 ä¸ªbatch
ç¬¬ 111 ä¸ªbatch
ç¬¬ 112 ä¸ªbatch
ç¬¬ 113 ä¸ªbatch
ç¬¬ 114 ä¸ªbatch
ç¬¬ 115 ä¸ªbatch
ç¬¬ 116 ä¸ªbatch
ç¬¬ 117 ä¸ªbatch
ç¬¬ 118 ä¸ªbatch
ç¬¬ 119 ä¸ªbatch
ç¬¬ 120 ä¸ªbatch
ç¬¬ 121 ä¸ªbatch
ç¬¬ 122 ä¸ªbatch
ç¬¬ 123 ä¸ªbatch
ç¬¬ 124 ä¸ªbatch
ç¬¬ 125 ä¸ªbatch
ç¬¬ 126 ä¸ªbatch
ç¬¬ 127 ä¸ªbatch
ç¬¬ 128 ä¸ªbatch
ç¬¬ 129 ä¸ªbatch
ç¬¬ 130 ä¸ªbatch
ç¬¬ 131 ä¸ªbatch
ç¬¬ 132 ä¸ªbatch
ç¬¬ 133 ä¸ªbatch
ç¬¬ 134 ä¸ªbatch
ç¬¬ 135 ä¸ªbatch
ç¬¬ 136 ä¸ªbatch
ç¬¬ 137 ä¸ªbatch
ç¬¬ 138 ä¸ªbatch
ç¬¬ 139 ä¸ªbatch
ç¬¬ 140 ä¸ªbatch
ç¬¬ 141 ä¸ªbatch
ç¬¬ 142 ä¸ªbatch
ç¬¬ 143 ä¸ªbatch
ç¬¬ 144 ä¸ªbatch
ç¬¬ 145 ä¸ªbatch
ç¬¬ 146 ä¸ªbatch
ç¬¬ 147 ä¸ªbatch
ç¬¬ 148 ä¸ªbatch
ç¬¬ 149 ä¸ªbatch
ç¬¬ 150 ä¸ªbatch
ç¬¬ 151 ä¸ªbatch
ç¬¬ 152 ä¸ªbatch
ç¬¬ 153 ä¸ªbatch
ç¬¬ 154 ä¸ªbatch
ç¬¬ 155 ä¸ªbatch
ç¬¬ 156 ä¸ªbatch
ç¬¬ 157 ä¸ªbatch
ç¬¬ 158 ä¸ªbatch
ç¬¬ 159 ä¸ªbatch
ç¬¬ 160 ä¸ªbatch
ç¬¬ 161 ä¸ªbatch
ç¬¬ 162 ä¸ªbatch
ç¬¬ 163 ä¸ªbatch
ç¬¬ 164 ä¸ªbatch
ç¬¬ 165 ä¸ªbatch
ç¬¬ 166 ä¸ªbatch
ç¬¬ 167 ä¸ªbatch
ç¬¬ 168 ä¸ªbatch
ç¬¬ 169 ä¸ªbatch
ç¬¬ 170 ä¸ªbatch
ç¬¬ 171 ä¸ªbatch
ç¬¬ 172 ä¸ªbatch
ç¬¬ 173 ä¸ªbatch
ç¬¬ 174 ä¸ªbatch
ç¬¬ 175 ä¸ªbatch
ç¬¬ 176 ä¸ªbatch
ç¬¬ 177 ä¸ªbatch
ç¬¬ 178 ä¸ªbatch
ç¬¬ 179 ä¸ªbatch
ç¬¬ 180 ä¸ªbatch
ç¬¬ 181 ä¸ªbatch
ç¬¬ 182 ä¸ªbatch
ç¬¬ 183 ä¸ªbatch
ç¬¬ 184 ä¸ªbatch
ç¬¬ 185 ä¸ªbatch
ç¬¬ 186 ä¸ªbatch
ç¬¬ 187 ä¸ªbatch
ç¬¬ 188 ä¸ªbatch
ç¬¬ 189 ä¸ªbatch
ç¬¬ 190 ä¸ªbatch
ç¬¬ 191 ä¸ªbatch
ç¬¬ 192 ä¸ªbatch
ç¬¬ 193 ä¸ªbatch
ç¬¬ 194 ä¸ªbatch
ç¬¬ 195 ä¸ªbatch
ç¬¬ 196 ä¸ªbatch
ç¬¬ 197 ä¸ªbatch
ç¬¬ 198 ä¸ªbatch
ç¬¬ 199 ä¸ªbatch
ç¬¬ 200 ä¸ªbatch
ç¬¬ 201 ä¸ªbatch
ç¬¬ 202 ä¸ªbatch
ç¬¬ 203 ä¸ªbatch
ç¬¬ 204 ä¸ªbatch
ç¬¬ 205 ä¸ªbatch
ç¬¬ 206 ä¸ªbatch
ç¬¬ 207 ä¸ªbatch
ç¬¬ 208 ä¸ªbatch
ç¬¬ 209 ä¸ªbatch
ç¬¬ 210 ä¸ªbatch
ç¬¬ 211 ä¸ªbatch
ç¬¬ 212 ä¸ªbatch
ç¬¬ 213 ä¸ªbatch
ç¬¬ 214 ä¸ªbatch
ç¬¬ 215 ä¸ªbatch
ç¬¬ 216 ä¸ªbatch
ç¬¬ 217 ä¸ªbatch
ç¬¬ 218 ä¸ªbatch
ç¬¬ 219 ä¸ªbatch
ç¬¬ 220 ä¸ªbatch
ç¬¬ 221 ä¸ªbatch
ç¬¬ 222 ä¸ªbatch
ç¬¬ 223 ä¸ªbatch
ç¬¬ 224 ä¸ªbatch
ç¬¬ 225 ä¸ªbatch
ç¬¬ 226 ä¸ªbatch
ç¬¬ 227 ä¸ªbatch
ç¬¬ 228 ä¸ªbatch
ç¬¬ 229 ä¸ªbatch
ç¬¬ 230 ä¸ªbatch
ç¬¬ 231 ä¸ªbatch
ç¬¬ 232 ä¸ªbatch
ç¬¬ 233 ä¸ªbatch
ç¬¬ 234 ä¸ªbatch
ç¬¬ 235 ä¸ªbatch
ç¬¬ 236 ä¸ªbatch
ç¬¬ 237 ä¸ªbatch
ç¬¬ 238 ä¸ªbatch
ç¬¬ 239 ä¸ªbatch
ç¬¬ 240 ä¸ªbatch
ç¬¬ 241 ä¸ªbatch
ç¬¬ 242 ä¸ªbatch
ç¬¬ 243 ä¸ªbatch
ç¬¬ 244 ä¸ªbatch
ç¬¬ 245 ä¸ªbatch
ç¬¬ 246 ä¸ªbatch
ç¬¬ 247 ä¸ªbatch
ç¬¬ 248 ä¸ªbatch
ç¬¬ 249 ä¸ªbatch
ç¬¬ 250 ä¸ªbatch
ç¬¬ 251 ä¸ªbatch
ç¬¬ 252 ä¸ªbatch
ç¬¬ 253 ä¸ªbatch
ç¬¬ 254 ä¸ªbatch
ç¬¬ 255 ä¸ªbatch
ç¬¬ 256 ä¸ªbatch
ç¬¬ 257 ä¸ªbatch
ç¬¬ 258 ä¸ªbatch
ç¬¬ 259 ä¸ªbatch
ç¬¬ 260 ä¸ªbatch
ç¬¬ 261 ä¸ªbatch
ç¬¬ 262 ä¸ªbatch
ç¬¬ 263 ä¸ªbatch
ç¬¬ 264 ä¸ªbatch
ç¬¬ 265 ä¸ªbatch
ç¬¬ 266 ä¸ªbatch
ç¬¬ 267 ä¸ªbatch
ç¬¬ 268 ä¸ªbatch
ç¬¬ 269 ä¸ªbatch
ç¬¬ 270 ä¸ªbatch
ç¬¬ 271 ä¸ªbatch
ç¬¬ 272 ä¸ªbatch
ç¬¬ 273 ä¸ªbatch
ç¬¬ 274 ä¸ªbatch
ç¬¬ 275 ä¸ªbatch
ç¬¬ 276 ä¸ªbatch
ç¬¬ 277 ä¸ªbatch
ç¬¬ 278 ä¸ªbatch
ç¬¬ 279 ä¸ªbatch
ç¬¬ 280 ä¸ªbatch
ç¬¬ 281 ä¸ªbatch
ç¬¬ 282 ä¸ªbatch
ç¬¬ 283 ä¸ªbatch
ç¬¬ 284 ä¸ªbatch
ç¬¬ 285 ä¸ªbatch
ç¬¬ 286 ä¸ªbatch
ç¬¬ 287 ä¸ªbatch
ç¬¬ 288 ä¸ªbatch
ç¬¬ 289 ä¸ªbatch
ç¬¬ 290 ä¸ªbatch
ç¬¬ 291 ä¸ªbatch
ç¬¬ 292 ä¸ªbatch
ç¬¬ 293 ä¸ªbatch
ç¬¬ 294 ä¸ªbatch
ç¬¬ 295 ä¸ªbatch
ç¬¬ 296 ä¸ªbatch
ç¬¬ 297 ä¸ªbatch
ç¬¬ 298 ä¸ªbatch
ç¬¬ 299 ä¸ªbatch
ç¬¬ 300 ä¸ªbatch
ç¬¬ 301 ä¸ªbatch
ç¬¬ 302 ä¸ªbatch
ç¬¬ 303 ä¸ªbatch
ç¬¬ 304 ä¸ªbatch
ç¬¬ 305 ä¸ªbatch
ç¬¬ 306 ä¸ªbatch
ç¬¬ 307 ä¸ªbatch
ç¬¬ 308 ä¸ªbatch
ç¬¬ 309 ä¸ªbatch
ç¬¬ 310 ä¸ªbatch
ç¬¬ 311 ä¸ªbatch
ç¬¬ 312 ä¸ªbatch
ç¬¬ 313 ä¸ªbatch
ç¬¬ 314 ä¸ªbatch
ç¬¬ 315 ä¸ªbatch
ç¬¬ 316 ä¸ªbatch
ç¬¬ 317 ä¸ªbatch
ç¬¬ 318 ä¸ªbatch
ç¬¬ 319 ä¸ªbatch
ç¬¬ 320 ä¸ªbatch
ç¬¬ 321 ä¸ªbatch
ç¬¬ 322 ä¸ªbatch
ç¬¬ 323 ä¸ªbatch
ç¬¬ 324 ä¸ªbatch
ç¬¬ 325 ä¸ªbatch
ç¬¬ 326 ä¸ªbatch
ç¬¬ 327 ä¸ªbatch
ç¬¬ 328 ä¸ªbatch
ç¬¬ 329 ä¸ªbatch
ç¬¬ 330 ä¸ªbatch
ç¬¬ 331 ä¸ªbatch
ç¬¬ 332 ä¸ªbatch
ç¬¬ 333 ä¸ªbatch
ç¬¬ 334 ä¸ªbatch
ç¬¬ 335 ä¸ªbatch
ç¬¬ 336 ä¸ªbatch
ç¬¬ 337 ä¸ªbatch
ç¬¬ 338 ä¸ªbatch
ç¬¬ 339 ä¸ªbatch
ç¬¬ 340 ä¸ªbatch
ç¬¬ 341 ä¸ªbatch
ç¬¬ 342 ä¸ªbatch
ç¬¬ 343 ä¸ªbatch
ç¬¬ 344 ä¸ªbatch
ç¬¬ 345 ä¸ªbatch
ç¬¬ 346 ä¸ªbatch
ç¬¬ 347 ä¸ªbatch
ç¬¬ 348 ä¸ªbatch
ç¬¬ 349 ä¸ªbatch
ç¬¬ 350 ä¸ªbatch
ç¬¬ 351 ä¸ªbatch
ç¬¬ 352 ä¸ªbatch
ç¬¬ 353 ä¸ªbatch
ç¬¬ 354 ä¸ªbatch
ç¬¬ 355 ä¸ªbatch
ç¬¬ 356 ä¸ªbatch
ç¬¬ 357 ä¸ªbatch
ç¬¬ 358 ä¸ªbatch
ç¬¬ 359 ä¸ªbatch
ç¬¬ 360 ä¸ªbatch
ç¬¬ 361 ä¸ªbatch
ç¬¬ 362 ä¸ªbatch
ç¬¬ 363 ä¸ªbatch
ç¬¬ 364 ä¸ªbatch
ç¬¬ 365 ä¸ªbatch
ç¬¬ 366 ä¸ªbatch
ç¬¬ 367 ä¸ªbatch
ç¬¬ 368 ä¸ªbatch
ç¬¬ 369 ä¸ªbatch
ç¬¬ 370 ä¸ªbatch
ç¬¬ 371 ä¸ªbatch
ç¬¬ 372 ä¸ªbatch
ç¬¬ 373 ä¸ªbatch
ç¬¬ 374 ä¸ªbatch
ç¬¬ 375 ä¸ªbatch
ç¬¬ 376 ä¸ªbatch
ç¬¬ 377 ä¸ªbatch
ç¬¬ 378 ä¸ªbatch
ç¬¬ 379 ä¸ªbatch
ç¬¬ 380 ä¸ªbatch
ç¬¬ 381 ä¸ªbatch
ç¬¬ 382 ä¸ªbatch
ç¬¬ 383 ä¸ªbatch
ç¬¬ 384 ä¸ªbatch
ç¬¬ 385 ä¸ªbatch
ç¬¬ 386 ä¸ªbatch
ç¬¬ 387 ä¸ªbatch
ç¬¬ 388 ä¸ªbatch
ç¬¬ 389 ä¸ªbatch
ç¬¬ 390 ä¸ªbatch
ç¬¬ 391 ä¸ªbatch
ç¬¬ 392 ä¸ªbatch
ç¬¬ 393 ä¸ªbatch
ç¬¬ 394 ä¸ªbatch
ç¬¬ 395 ä¸ªbatch
ç¬¬ 396 ä¸ªbatch
ç¬¬ 397 ä¸ªbatch
ç¬¬ 398 ä¸ªbatch
ç¬¬ 399 ä¸ªbatch
ç¬¬ 400 ä¸ªbatch
ç¬¬ 401 ä¸ªbatch
ç¬¬ 402 ä¸ªbatch
ç¬¬ 403 ä¸ªbatch
ç¬¬ 404 ä¸ªbatch
ç¬¬ 405 ä¸ªbatch
ç¬¬ 406 ä¸ªbatch
ç¬¬ 407 ä¸ªbatch
ç¬¬ 408 ä¸ªbatch
ç¬¬ 409 ä¸ªbatch
ç¬¬ 410 ä¸ªbatch
ç¬¬ 411 ä¸ªbatch
ç¬¬ 412 ä¸ªbatch
ç¬¬ 413 ä¸ªbatch
ç¬¬ 414 ä¸ªbatch
ç¬¬ 415 ä¸ªbatch
ç¬¬ 416 ä¸ªbatch
ç¬¬ 417 ä¸ªbatch
ç¬¬ 418 ä¸ªbatch
ç¬¬ 419 ä¸ªbatch
ç¬¬ 420 ä¸ªbatch
ç¬¬ 421 ä¸ªbatch
ç¬¬ 422 ä¸ªbatch
ç¬¬ 423 ä¸ªbatch
ç¬¬ 424 ä¸ªbatch
ç¬¬ 425 ä¸ªbatch
ç¬¬ 426 ä¸ªbatch
ç¬¬ 427 ä¸ªbatch
ç¬¬ 428 ä¸ªbatch
ç¬¬ 429 ä¸ªbatch
ç¬¬ 430 ä¸ªbatch
ç¬¬ 431 ä¸ªbatch
ç¬¬ 432 ä¸ªbatch
ç¬¬ 433 ä¸ªbatch
ç¬¬ 434 ä¸ªbatch
ç¬¬ 435 ä¸ªbatch
ç¬¬ 436 ä¸ªbatch
ç¬¬ 437 ä¸ªbatch
ç¬¬ 438 ä¸ªbatch
ç¬¬ 439 ä¸ªbatch
ç¬¬ 440 ä¸ªbatch
ç¬¬ 441 ä¸ªbatch
ç¬¬ 442 ä¸ªbatch
ç¬¬ 443 ä¸ªbatch
ç¬¬ 444 ä¸ªbatch
ç¬¬ 445 ä¸ªbatch
ç¬¬ 446 ä¸ªbatch
ç¬¬ 447 ä¸ªbatch
ç¬¬ 448 ä¸ªbatch
ç¬¬ 449 ä¸ªbatch
ç¬¬ 450 ä¸ªbatch
ç¬¬ 451 ä¸ªbatch
ç¬¬ 452 ä¸ªbatch
ç¬¬ 453 ä¸ªbatch
ç¬¬ 454 ä¸ªbatch
ç¬¬ 455 ä¸ªbatch
ç¬¬ 456 ä¸ªbatch
ç¬¬ 457 ä¸ªbatch
ç¬¬ 458 ä¸ªbatch
ç¬¬ 459 ä¸ªbatch
ç¬¬ 460 ä¸ªbatch
ç¬¬ 461 ä¸ªbatch
ç¬¬ 462 ä¸ªbatch
ç¬¬ 463 ä¸ªbatch
ç¬¬ 464 ä¸ªbatch
ç¬¬ 465 ä¸ªbatch
ç¬¬ 466 ä¸ªbatch
ç¬¬ 467 ä¸ªbatch
ç¬¬ 468 ä¸ªbatch
ç¬¬ 469 ä¸ªbatch
ç¬¬ 470 ä¸ªbatch
ç¬¬ 471 ä¸ªbatch
ç¬¬ 472 ä¸ªbatch
ç¬¬ 473 ä¸ªbatch
ç¬¬ 474 ä¸ªbatch
ç¬¬ 475 ä¸ªbatch
ç¬¬ 476 ä¸ªbatch
ç¬¬ 477 ä¸ªbatch
ç¬¬ 478 ä¸ªbatch
ç¬¬ 479 ä¸ªbatch
ç¬¬ 480 ä¸ªbatch
ç¬¬ 481 ä¸ªbatch
ç¬¬ 482 ä¸ªbatch
ç¬¬ 483 ä¸ªbatch
ç¬¬ 484 ä¸ªbatch
ç¬¬ 485 ä¸ªbatch
ç¬¬ 486 ä¸ªbatch
ç¬¬ 487 ä¸ªbatch
ç¬¬ 488 ä¸ªbatch
ç¬¬ 489 ä¸ªbatch
ç¬¬ 490 ä¸ªbatch
ç¬¬ 491 ä¸ªbatch
ç¬¬ 492 ä¸ªbatch
ç¬¬ 493 ä¸ªbatch
ç¬¬ 494 ä¸ªbatch
ç¬¬ 495 ä¸ªbatch
ç¬¬ 496 ä¸ªbatch
ç¬¬ 497 ä¸ªbatch
ç¬¬ 498 ä¸ªbatch
ç¬¬ 499 ä¸ªbatch
ç¬¬ 500 ä¸ªbatch
ç¬¬ 501 ä¸ªbatch
ç¬¬ 502 ä¸ªbatch
ç¬¬ 503 ä¸ªbatch
ç¬¬ 504 ä¸ªbatch
ç¬¬ 505 ä¸ªbatch
ç¬¬ 506 ä¸ªbatch
ç¬¬ 507 ä¸ªbatch
ç¬¬ 508 ä¸ªbatch
ç¬¬ 509 ä¸ªbatch
ç¬¬ 510 ä¸ªbatch
ç¬¬ 511 ä¸ªbatch
ç¬¬ 512 ä¸ªbatch
ç¬¬ 513 ä¸ªbatch
ç¬¬ 514 ä¸ªbatch
ç¬¬ 515 ä¸ªbatch
ç¬¬ 516 ä¸ªbatch
ç¬¬ 517 ä¸ªbatch
ç¬¬ 518 ä¸ªbatch
ç¬¬ 519 ä¸ªbatch
ç¬¬ 520 ä¸ªbatch
ç¬¬ 521 ä¸ªbatch
ç¬¬ 522 ä¸ªbatch
ç¬¬ 523 ä¸ªbatch
ç¬¬ 524 ä¸ªbatch
ç¬¬ 525 ä¸ªbatch
ç¬¬ 526 ä¸ªbatch
ç¬¬ 527 ä¸ªbatch
ç¬¬ 528 ä¸ªbatch
ç¬¬ 529 ä¸ªbatch
ç¬¬ 530 ä¸ªbatch
ç¬¬ 531 ä¸ªbatch
ç¬¬ 532 ä¸ªbatch
ç¬¬ 533 ä¸ªbatch
ç¬¬ 534 ä¸ªbatch
ç¬¬ 535 ä¸ªbatch
ç¬¬ 536 ä¸ªbatch
ç¬¬ 537 ä¸ªbatch
ç¬¬ 538 ä¸ªbatch
ç¬¬ 539 ä¸ªbatch
ç¬¬ 540 ä¸ªbatch
ç¬¬ 541 ä¸ªbatch
ç¬¬ 542 ä¸ªbatch
ç¬¬ 543 ä¸ªbatch
ç¬¬ 544 ä¸ªbatch
ç¬¬ 545 ä¸ªbatch
ç¬¬ 546 ä¸ªbatch
ç¬¬ 547 ä¸ªbatch
ç¬¬ 548 ä¸ªbatch
ç¬¬ 549 ä¸ªbatch
ç¬¬ 550 ä¸ªbatch
ç¬¬ 551 ä¸ªbatch
ç¬¬ 552 ä¸ªbatch
ç¬¬ 553 ä¸ªbatch
ç¬¬ 554 ä¸ªbatch
ç¬¬ 555 ä¸ªbatch
ç¬¬ 556 ä¸ªbatch
ç¬¬ 557 ä¸ªbatch
ç¬¬ 558 ä¸ªbatch
ç¬¬ 559 ä¸ªbatch
ç¬¬ 560 ä¸ªbatch
ç¬¬ 561 ä¸ªbatch
ç¬¬ 562 ä¸ªbatch
ç¬¬ 563 ä¸ªbatch
ç¬¬ 564 ä¸ªbatch
ç¬¬ 565 ä¸ªbatch
ç¬¬ 566 ä¸ªbatch
ç¬¬ 567 ä¸ªbatch
ç¬¬ 568 ä¸ªbatch
ç¬¬ 569 ä¸ªbatch
ç¬¬ 570 ä¸ªbatch
ç¬¬ 571 ä¸ªbatch
ç¬¬ 572 ä¸ªbatch
ç¬¬ 573 ä¸ªbatch
ç¬¬ 574 ä¸ªbatch
ç¬¬ 575 ä¸ªbatch
ç¬¬ 576 ä¸ªbatch
ç¬¬ 577 ä¸ªbatch
ç¬¬ 578 ä¸ªbatch
ç¬¬ 579 ä¸ªbatch
ç¬¬ 580 ä¸ªbatch
ç¬¬ 581 ä¸ªbatch
ç¬¬ 582 ä¸ªbatch
ç¬¬ 583 ä¸ªbatch
ç¬¬ 584 ä¸ªbatch
ç¬¬ 585 ä¸ªbatch
ç¬¬ 586 ä¸ªbatch
ç¬¬ 587 ä¸ªbatch
ç¬¬ 588 ä¸ªbatch
ç¬¬ 589 ä¸ªbatch
ç¬¬ 590 ä¸ªbatch
ç¬¬ 591 ä¸ªbatch
ç¬¬ 592 ä¸ªbatch
ç¬¬ 593 ä¸ªbatch
ç¬¬ 594 ä¸ªbatch
ç¬¬ 595 ä¸ªbatch
ç¬¬ 596 ä¸ªbatch
ç¬¬ 597 ä¸ªbatch
ç¬¬ 598 ä¸ªbatch
ç¬¬ 599 ä¸ªbatch
ç¬¬ 600 ä¸ªbatch
ç¬¬ 601 ä¸ªbatch
ç¬¬ 602 ä¸ªbatch
ç¬¬ 603 ä¸ªbatch
ç¬¬ 604 ä¸ªbatch
ç¬¬ 605 ä¸ªbatch
ç¬¬ 606 ä¸ªbatch
ç¬¬ 607 ä¸ªbatch
ç¬¬ 608 ä¸ªbatch
ç¬¬ 609 ä¸ªbatch
ç¬¬ 610 ä¸ªbatch
ç¬¬ 611 ä¸ªbatch
ç¬¬ 612 ä¸ªbatch
ç¬¬ 613 ä¸ªbatch
ç¬¬ 614 ä¸ªbatch
ç¬¬ 615 ä¸ªbatch
ç¬¬ 616 ä¸ªbatch
ç¬¬ 617 ä¸ªbatch
ç¬¬ 618 ä¸ªbatch
ç¬¬ 619 ä¸ªbatch
ç¬¬ 620 ä¸ªbatch
ç¬¬ 621 ä¸ªbatch
ç¬¬ 622 ä¸ªbatch
ç¬¬ 623 ä¸ªbatch
ç¬¬ 624 ä¸ªbatch
ç¬¬ 625 ä¸ªbatch
ç¬¬ 626 ä¸ªbatch
ç¬¬ 627 ä¸ªbatch
ç¬¬ 628 ä¸ªbatch
ç¬¬ 629 ä¸ªbatch
ç¬¬ 630 ä¸ªbatch
ç¬¬ 631 ä¸ªbatch
ç¬¬ 632 ä¸ªbatch
ç¬¬ 633 ä¸ªbatch
ç¬¬ 634 ä¸ªbatch
ç¬¬ 635 ä¸ªbatch
ç¬¬ 636 ä¸ªbatch
ç¬¬ 637 ä¸ªbatch
ç¬¬ 638 ä¸ªbatch
ç¬¬ 639 ä¸ªbatch
ç¬¬ 640 ä¸ªbatch
ç¬¬ 641 ä¸ªbatch
ç¬¬ 642 ä¸ªbatch
ç¬¬ 643 ä¸ªbatch
ç¬¬ 644 ä¸ªbatch
ç¬¬ 645 ä¸ªbatch
ç¬¬ 646 ä¸ªbatch
ç¬¬ 647 ä¸ªbatch
ç¬¬ 648 ä¸ªbatch
ç¬¬ 649 ä¸ªbatch
ç¬¬ 650 ä¸ªbatch
ç¬¬ 651 ä¸ªbatch
ç¬¬ 652 ä¸ªbatch
ç¬¬ 653 ä¸ªbatch
ç¬¬ 654 ä¸ªbatch
ç¬¬ 655 ä¸ªbatch
ç¬¬ 656 ä¸ªbatch
ç¬¬ 657 ä¸ªbatch
ç¬¬ 658 ä¸ªbatch
ç¬¬ 659 ä¸ªbatch
ç¬¬ 660 ä¸ªbatch
ç¬¬ 661 ä¸ªbatch
ç¬¬ 662 ä¸ªbatch
ç¬¬ 663 ä¸ªbatch
ç¬¬ 664 ä¸ªbatch
ç¬¬ 665 ä¸ªbatch
ç¬¬ 666 ä¸ªbatch
ç¬¬ 667 ä¸ªbatch
ç¬¬ 668 ä¸ªbatch
ç¬¬ 669 ä¸ªbatch
ç¬¬ 670 ä¸ªbatch
ç¬¬ 671 ä¸ªbatch
ç¬¬ 672 ä¸ªbatch
ç¬¬ 673 ä¸ªbatch
ç¬¬ 674 ä¸ªbatch
ç¬¬ 675 ä¸ªbatch
ç¬¬ 676 ä¸ªbatch
ç¬¬ 677 ä¸ªbatch
ç¬¬ 678 ä¸ªbatch
ç¬¬ 679 ä¸ªbatch
ç¬¬ 680 ä¸ªbatch
ç¬¬ 681 ä¸ªbatch
ç¬¬ 682 ä¸ªbatch
ç¬¬ 683 ä¸ªbatch
ç¬¬ 684 ä¸ªbatch
ç¬¬ 685 ä¸ªbatch
ç¬¬ 686 ä¸ªbatch
ç¬¬ 687 ä¸ªbatch
ç¬¬ 688 ä¸ªbatch
ç¬¬ 689 ä¸ªbatch
ç¬¬ 690 ä¸ªbatch
ç¬¬ 691 ä¸ªbatch
ç¬¬ 692 ä¸ªbatch
ç¬¬ 693 ä¸ªbatch
ç¬¬ 694 ä¸ªbatch
ç¬¬ 695 ä¸ªbatch
ç¬¬ 696 ä¸ªbatch
ç¬¬ 697 ä¸ªbatch
ç¬¬ 698 ä¸ªbatch
ç¬¬ 699 ä¸ªbatch
ç¬¬ 700 ä¸ªbatch
ç¬¬ 701 ä¸ªbatch
ç¬¬ 702 ä¸ªbatch
ç¬¬ 703 ä¸ªbatch
CL_MODEL: EPOCH[1/1] lossnan-time2050.202s
/mnt/WangchengTao/tools/anaconda3/envs/hkuds/lib/python3.9/site-packages/numpy/core/fromnumeric.py:3474: RuntimeWarning: Mean of empty slice.
  return _methods._mean(a, axis=axis, dtype=dtype,
/mnt/WangchengTao/tools/anaconda3/envs/hkuds/lib/python3.9/site-packages/numpy/core/_methods.py:189: RuntimeWarning: invalid value encountered in double_scalars
  ret = ret.dtype.type(ret / rcount)
[86418, 86418, 86418, 86418, 86418, 86418, 86418, 86418, 28808, 0]
0 nan
training nums of each local data:
[86418, 86418, 86418, 86418, 86418, 86418, 86418, 86418, 28808, 0]
LightGCN is already to go(dropout:False)
LightGCN is already to go(dropout:False)
LightGCN is already to go(dropout:False)
LightGCN is already to go(dropout:False)
LightGCN is already to go(dropout:False)
LightGCN is already to go(dropout:False)
LightGCN is already to go(dropout:False)
LightGCN is already to go(dropout:False)
LightGCN is already to go(dropout:False)
LightGCN is already to go(dropout:False)
[0;30;43muse initilizer[0m
RecEraserLightGCN is already to go(dropout:False)
linears.0.weight torch.Size([64, 64])
linears.0.bias torch.Size([64])
linears.1.weight torch.Size([64, 64])
linears.1.bias torch.Size([64])
linears.2.weight torch.Size([64, 64])
linears.2.bias torch.Size([64])
linears.3.weight torch.Size([64, 64])
linears.3.bias torch.Size([64])
linears.4.weight torch.Size([64, 64])
linears.4.bias torch.Size([64])
linears.5.weight torch.Size([64, 64])
linears.5.bias torch.Size([64])
linears.6.weight torch.Size([64, 64])
linears.6.bias torch.Size([64])
linears.7.weight torch.Size([64, 64])
linears.7.bias torch.Size([64])
linears.8.weight torch.Size([64, 64])
linears.8.bias torch.Size([64])
linears.9.weight torch.Size([64, 64])
linears.9.bias torch.Size([64])
W_b_user.weight torch.Size([32, 64])
W_b_user.bias torch.Size([32])
H_user.weight torch.Size([1, 32])
W_b_item.weight torch.Size([32, 64])
W_b_item.bias torch.Size([32])
H_item.weight torch.Size([1, 32])
load and save to /mnt/WangchengTao/code/hkuds/RecEraser-PyTorch/code/checkpoints/RecEraser-ml-1m-3-64.pth
[0;30;43mshard 0 start training and testing[0m
id_model[0/10] EPOCH[1/1] loss0.679-time3.243s
[Valid] {'precision': array([0.02436974, 0.02121025, 0.0173107 ]), 'recall': array([0.01887042, 0.03179542, 0.06211511]), 'ndcg': array([0.02970339, 0.03209765, 0.04131177])}
[0;30;43msave model to /mnt/WangchengTao/code/hkuds/RecEraser-PyTorch/code/checkpoints/RecEraser-ml-1m-3-64id_[None-10].pth[0m
[Test] {'precision': array([0.02410367, 0.02182313, 0.01703392]), 'recall': array([0.01870747, 0.03205337, 0.05997813]), 'ndcg': array([0.0291324 , 0.03205048, 0.04031735])}
[0;30;43mshard 1 start training and testing[0m
id_model[1/10] EPOCH[1/1] loss0.684-time3.418s
[Valid] {'precision': array([0.02084019, 0.01857999, 0.015341  ]), 'recall': array([0.01556029, 0.02668118, 0.05386551]), 'ndcg': array([0.02485547, 0.02698779, 0.03515883])}
[0;30;43msave model to /mnt/WangchengTao/code/hkuds/RecEraser-PyTorch/code/checkpoints/RecEraser-ml-1m-3-64id_[None-10].pth[0m
[Test] {'precision': array([0.0215282 , 0.0188017 , 0.01561335]), 'recall': array([0.01655983, 0.02718824, 0.05359055]), 'ndcg': array([0.02615724, 0.02775539, 0.03568201])}
[0;30;43mshard 2 start training and testing[0m
id_model[2/10] EPOCH[1/1] loss0.682-time3.446s
[Valid] {'precision': array([0.02210072, 0.01945397, 0.01545866]), 'recall': array([0.01641024, 0.02754332, 0.05213857]), 'ndcg': array([0.02677226, 0.0286858 , 0.03588066])}
[0;30;43msave model to /mnt/WangchengTao/code/hkuds/RecEraser-PyTorch/code/checkpoints/RecEraser-ml-1m-3-64id_[None-10].pth[0m
[Test] {'precision': array([0.02238671, 0.01919727, 0.01553591]), 'recall': array([0.01637939, 0.02661958, 0.05233312]), 'ndcg': array([0.02772556, 0.02878736, 0.0362898 ])}
[0;30;43mshard 3 start training and testing[0m
id_model[3/10] EPOCH[1/1] loss0.683-time3.123s
[Valid] {'precision': array([0.02529415, 0.02200022, 0.01746866]), 'recall': array([0.02168962, 0.03534507, 0.06476814]), 'ndcg': array([0.03057387, 0.03330946, 0.0425143 ])}
[0;30;43msave model to /mnt/WangchengTao/code/hkuds/RecEraser-PyTorch/code/checkpoints/RecEraser-ml-1m-3-64id_[None-10].pth[0m
[Test] {'precision': array([0.02514729, 0.02150332, 0.01695986]), 'recall': array([0.01998301, 0.03299721, 0.06241369]), 'ndcg': array([0.02988753, 0.03176694, 0.04054751])}
[0;30;43mshard 4 start training and testing[0m
id_model[4/10] EPOCH[1/1] loss0.683-time3.359s
[Valid] {'precision': array([0.02240326, 0.01995816, 0.01610062]), 'recall': array([0.01575429, 0.02736173, 0.05558887]), 'ndcg': array([0.02590735, 0.02815571, 0.03653885])}
[0;30;43msave model to /mnt/WangchengTao/code/hkuds/RecEraser-PyTorch/code/checkpoints/RecEraser-ml-1m-3-64id_[None-10].pth[0m
[Test] {'precision': array([0.02215104, 0.01986213, 0.01596344]), 'recall': array([0.01654994, 0.03005317, 0.05585208]), 'ndcg': array([0.02581079, 0.02850549, 0.036288  ])}
[0;30;43mshard 5 start training and testing[0m
id_model[5/10] EPOCH[1/1] loss0.682-time3.451s
[Valid] {'precision': array([0.02215116, 0.01923545, 0.01583509]), 'recall': array([0.0152129 , 0.02581833, 0.05182393]), 'ndcg': array([0.02557857, 0.02706178, 0.03483352])}
[0;30;43msave model to /mnt/WangchengTao/code/hkuds/RecEraser-PyTorch/code/checkpoints/RecEraser-ml-1m-3-64id_[None-10].pth[0m
[Test] {'precision': array([0.0223867 , 0.01934034, 0.01591967]), 'recall': array([0.01575249, 0.0260814 , 0.05235164]), 'ndcg': array([0.02646261, 0.02766242, 0.03537343])}
[0;30;43mshard 6 start training and testing[0m
id_model[6/10] EPOCH[1/1] loss0.685-time3.310s
[Valid] {'precision': array([0.02151245, 0.01915983, 0.01552585]), 'recall': array([0.01596096, 0.02724187, 0.05376697]), 'ndcg': array([0.02544962, 0.0274972 , 0.03544351])}
[0;30;43msave model to /mnt/WangchengTao/code/hkuds/RecEraser-PyTorch/code/checkpoints/RecEraser-ml-1m-3-64id_[None-10].pth[0m
[Test] {'precision': array([0.02199955, 0.01926462, 0.01568066]), 'recall': array([0.01508233, 0.02685827, 0.05168726]), 'ndcg': array([0.02510825, 0.02699655, 0.03439846])}
[0;30;43mshard 7 start training and testing[0m
id_model[7/10] EPOCH[1/1] loss0.680-time3.317s
[Valid] {'precision': array([0.02442016, 0.02171449, 0.01751573]), 'recall': array([0.01823826, 0.03146812, 0.06087259]), 'ndcg': array([0.02806122, 0.03073143, 0.03981735])}
[0;30;43msave model to /mnt/WangchengTao/code/hkuds/RecEraser-PyTorch/code/checkpoints/RecEraser-ml-1m-3-64id_[None-10].pth[0m
[Test] {'precision': array([0.0253156 , 0.0220083 , 0.01728305]), 'recall': array([0.01899041, 0.03101062, 0.05979278]), 'ndcg': array([0.02986844, 0.03178297, 0.04033548])}
[0;30;43mshard 8 start training and testing[0m
id_model[8/10] EPOCH[1/1] loss0.691-time1.066s
[Valid] {'precision': array([0.00806721, 0.00746214, 0.00700513]), 'recall': array([0.00508788, 0.00906552, 0.02085177]), 'ndcg': array([0.00933111, 0.0100994 , 0.01392806])}
[0;30;43msave model to /mnt/WangchengTao/code/hkuds/RecEraser-PyTorch/code/checkpoints/RecEraser-ml-1m-3-64id_[None-10].pth[0m
[Test] {'precision': array([0.00882003, 0.00785216, 0.00699218]), 'recall': array([0.00570189, 0.00991537, 0.02092004]), 'ndcg': array([0.00975709, 0.010458  , 0.01404389])}
[0;30;43mshard 9 start training and testing[0m
Traceback (most recent call last):
  File "/mnt/WangchengTao/code/hkuds/RecEraser-PyTorch/code/main.py", line 74, in <module>
    model.train_test(dataloader)
  File "/mnt/WangchengTao/code/hkuds/RecEraser-PyTorch/code/models.py", line 584, in train_test
    sub_model.train_test(dataloader.sub_dataloaders[id_shard])
  File "/mnt/WangchengTao/code/hkuds/RecEraser-PyTorch/code/models.py", line 473, in train_test
    self.train_test2(dataloader)
  File "/mnt/WangchengTao/code/hkuds/RecEraser-PyTorch/code/models.py", line 215, in train_test2
    users, pos_items, neg_items = sample()
  File "/mnt/WangchengTao/code/hkuds/RecEraser-PyTorch/code/dataloaders.py", line 76, in sample2
    users = [random.choice(self.alive_users) for _ in range(self.train_batch_size)]
  File "/mnt/WangchengTao/code/hkuds/RecEraser-PyTorch/code/dataloaders.py", line 76, in <listcomp>
    users = [random.choice(self.alive_users) for _ in range(self.train_batch_size)]
  File "/mnt/WangchengTao/tools/anaconda3/envs/hkuds/lib/python3.9/random.py", line 346, in choice
    return seq[self._randbelow(len(seq))]
IndexError: list index out of range
